<?xml version="1.0" encoding="UTF-8"?>
<coverage generated="1788628706179" clover="3.2.0">
  <project timestamp="1788628706179" name="All files">
    <metrics statements="362" coveredstatements="265" conditionals="346" coveredconditionals="184" methods="57" coveredmethods="41" elements="765" coveredelements="490" complexity="0" loc="362" ncloc="362" packages="1" files="3" classes="3"/>
    <file name="format.js" path="/home/joss/IDA/driver/lib/format.js">
      <metrics statements="4" coveredstatements="4" conditionals="4" coveredconditionals="2" methods="2" coveredmethods="2"/>
      <line num="2" count="1" type="cond" truecount="1" falsecount="1"/>
      <line num="3" count="1" type="stmt"/>
      <line num="12" count="2" type="cond" truecount="1" falsecount="1"/>
      <line num="15" count="1" type="stmt"/>
    </file>
    <file name="queue.js" path="/home/joss/IDA/driver/lib/queue.js">
      <metrics statements="25" coveredstatements="22" conditionals="20" coveredconditionals="18" methods="5" coveredmethods="4"/>
      <line num="2" count="13" type="stmt"/>
      <line num="10" count="12" type="cond" truecount="2" falsecount="0"/>
      <line num="11" count="8" type="stmt"/>
      <line num="13" count="12" type="cond" truecount="2" falsecount="0"/>
      <line num="14" count="8" type="stmt"/>
      <line num="19" count="12" type="stmt"/>
      <line num="21" count="12" type="cond" truecount="2" falsecount="0"/>
      <line num="22" count="10" type="stmt"/>
      <line num="23" count="10" type="cond" truecount="2" falsecount="0"/>
      <line num="24" count="3" type="stmt"/>
      <line num="27" count="7" type="cond" truecount="1" falsecount="1"/>
      <line num="28" count="0" type="stmt"/>
      <line num="29" count="0" type="stmt"/>
      <line num="32" count="7" type="stmt"/>
      <line num="34" count="7" type="cond" truecount="1" falsecount="1"/>
      <line num="35" count="0" type="stmt"/>
      <line num="39" count="9" type="cond" truecount="2" falsecount="0"/>
      <line num="40" count="9" type="stmt"/>
      <line num="41" count="9" type="stmt"/>
      <line num="45" count="5" type="cond" truecount="2" falsecount="0"/>
      <line num="46" count="1" type="stmt"/>
      <line num="48" count="4" type="cond" truecount="4" falsecount="0"/>
      <line num="49" count="1" type="stmt"/>
      <line num="51" count="3" type="stmt"/>
      <line num="54" count="2" type="stmt"/>
    </file>
    <file name="runtime.js" path="/home/joss/IDA/driver/lib/runtime.js">
      <metrics statements="333" coveredstatements="239" conditionals="322" coveredconditionals="164" methods="50" coveredmethods="35"/>
      <line num="1" count="1" type="stmt"/>
      <line num="2" count="1" type="stmt"/>
      <line num="18" count="11" type="stmt"/>
      <line num="20" count="11" type="cond" truecount="1" falsecount="1"/>
      <line num="21" count="0" type="stmt"/>
      <line num="27" count="11" type="stmt"/>
      <line num="28" count="11" type="cond" truecount="2" falsecount="0"/>
      <line num="32" count="11" type="stmt"/>
      <line num="45" count="11" type="stmt"/>
      <line num="46" count="11" type="cond" truecount="3" falsecount="1"/>
      <line num="47" count="10" type="stmt"/>
      <line num="50" count="11" type="stmt"/>
      <line num="51" count="11" type="stmt"/>
      <line num="64" count="11" type="stmt"/>
      <line num="78" count="11" type="stmt"/>
      <line num="79" count="11" type="stmt"/>
      <line num="80" count="11" type="stmt"/>
      <line num="81" count="11" type="stmt"/>
      <line num="82" count="11" type="stmt"/>
      <line num="83" count="11" type="stmt"/>
      <line num="84" count="11" type="stmt"/>
      <line num="85" count="11" type="stmt"/>
      <line num="86" count="11" type="stmt"/>
      <line num="87" count="11" type="stmt"/>
      <line num="88" count="11" type="stmt"/>
      <line num="90" count="11" type="stmt"/>
      <line num="91" count="11" type="stmt"/>
      <line num="92" count="11" type="stmt"/>
      <line num="93" count="11" type="stmt"/>
      <line num="96" count="12" type="cond" truecount="4" falsecount="0"/>
      <line num="98" count="11" type="cond" truecount="2" falsecount="0"/>
      <line num="99" count="10" type="cond" truecount="1" falsecount="1"/>
      <line num="100" count="10" type="stmt"/>
      <line num="103" count="1" type="cond" truecount="1" falsecount="1"/>
      <line num="104" count="0" type="stmt"/>
      <line num="107" count="1" type="cond" truecount="1" falsecount="1"/>
      <line num="108" count="0" type="stmt"/>
      <line num="109" count="0" type="cond" truecount="0" falsecount="2"/>
      <line num="110" count="0" type="cond" truecount="0" falsecount="2"/>
      <line num="111" count="0" type="stmt"/>
      <line num="112" count="0" type="stmt"/>
      <line num="114" count="0" type="stmt"/>
      <line num="117" count="0" type="stmt"/>
      <line num="120" count="1" type="cond" truecount="1" falsecount="1"/>
      <line num="121" count="1" type="cond" truecount="1" falsecount="1"/>
      <line num="122" count="1" type="cond" truecount="4" falsecount="1"/>
      <line num="123" count="1" type="stmt"/>
      <line num="125" count="0" type="stmt"/>
      <line num="128" count="0" type="cond" truecount="0" falsecount="2"/>
      <line num="129" count="0" type="cond" truecount="0" falsecount="2"/>
      <line num="130" count="0" type="stmt"/>
      <line num="132" count="0" type="cond" truecount="0" falsecount="2"/>
      <line num="133" count="0" type="stmt"/>
      <line num="135" count="0" type="cond" truecount="0" falsecount="2"/>
      <line num="136" count="0" type="stmt"/>
      <line num="138" count="0" type="cond" truecount="0" falsecount="2"/>
      <line num="139" count="0" type="stmt"/>
      <line num="141" count="0" type="cond" truecount="0" falsecount="2"/>
      <line num="142" count="0" type="stmt"/>
      <line num="144" count="0" type="stmt"/>
      <line num="147" count="0" type="stmt"/>
      <line num="151" count="29" type="cond" truecount="2" falsecount="0"/>
      <line num="152" count="2" type="stmt"/>
      <line num="156" count="77" type="stmt"/>
      <line num="157" count="77" type="stmt"/>
      <line num="158" count="77" type="stmt"/>
      <line num="159" count="77" type="cond" truecount="2" falsecount="0"/>
      <line num="160" count="9" type="stmt"/>
      <line num="165" count="69" type="stmt"/>
      <line num="166" count="69" type="stmt"/>
      <line num="167" count="69" type="cond" truecount="1" falsecount="1"/>
      <line num="168" count="69" type="stmt"/>
      <line num="170" count="69" type="stmt"/>
      <line num="174" count="19" type="stmt"/>
      <line num="178" count="9" type="cond" truecount="2" falsecount="0"/>
      <line num="179" count="1" type="cond" truecount="3" falsecount="1"/>
      <line num="180" count="1" type="stmt"/>
      <line num="184" count="4" type="stmt"/>
      <line num="192" count="6" type="cond" truecount="2" falsecount="0"/>
      <line num="193" count="2" type="cond" truecount="2" falsecount="0"/>
      <line num="194" count="1" type="stmt"/>
      <line num="196" count="2" type="stmt"/>
      <line num="197" count="1" type="stmt"/>
      <line num="198" count="1" type="stmt"/>
      <line num="199" count="1" type="stmt"/>
      <line num="201" count="0" type="cond" truecount="0" falsecount="4"/>
      <line num="202" count="0" type="cond" truecount="0" falsecount="4"/>
      <line num="209" count="8" type="cond" truecount="2" falsecount="0"/>
      <line num="210" count="1" type="stmt"/>
      <line num="211" count="1" type="stmt"/>
      <line num="212" count="1" type="cond" truecount="1" falsecount="1"/>
      <line num="213" count="1" type="cond" truecount="4" falsecount="1"/>
      <line num="214" count="1" type="stmt"/>
      <line num="215" count="1" type="cond" truecount="1" falsecount="1"/>
      <line num="216" count="1" type="stmt"/>
      <line num="217" count="1" type="stmt"/>
      <line num="224" count="0" type="cond" truecount="0" falsecount="4"/>
      <line num="225" count="0" type="cond" truecount="0" falsecount="4"/>
      <line num="231" count="0" type="cond" truecount="0" falsecount="2"/>
      <line num="232" count="0" type="stmt"/>
      <line num="234" count="0" type="stmt"/>
      <line num="235" count="0" type="stmt"/>
      <line num="236" count="0" type="stmt"/>
      <line num="238" count="0" type="stmt"/>
      <line num="242" count="10" type="cond" truecount="3" falsecount="1"/>
      <line num="243" count="10" type="stmt"/>
      <line num="244" count="10" type="stmt"/>
      <line num="245" count="4" type="stmt"/>
      <line num="246" count="4" type="stmt"/>
      <line num="247" count="4" type="stmt"/>
      <line num="248" count="4" type="stmt"/>
      <line num="250" count="6" type="cond" truecount="3" falsecount="1"/>
      <line num="251" count="6" type="stmt"/>
      <line num="256" count="3" type="cond" truecount="1" falsecount="1"/>
      <line num="257" count="3" type="stmt"/>
      <line num="258" count="3" type="cond" truecount="1" falsecount="1"/>
      <line num="259" count="3" type="stmt"/>
      <line num="260" count="3" type="stmt"/>
      <line num="261" count="3" type="stmt"/>
      <line num="263" count="3" type="stmt"/>
      <line num="267" count="2" type="stmt"/>
      <line num="276" count="2" type="stmt"/>
      <line num="277" count="2" type="cond" truecount="1" falsecount="1"/>
      <line num="278" count="0" type="stmt"/>
      <line num="280" count="2" type="stmt"/>
      <line num="281" count="2" type="stmt"/>
      <line num="282" count="2" type="stmt"/>
      <line num="286" count="10" type="cond" truecount="2" falsecount="0"/>
      <line num="287" count="10" type="stmt"/>
      <line num="295" count="10" type="cond" truecount="4" falsecount="0"/>
      <line num="296" count="1" type="stmt"/>
      <line num="297" count="1" type="stmt"/>
      <line num="300" count="9" type="cond" truecount="2" falsecount="0"/>
      <line num="301" count="1" type="stmt"/>
      <line num="302" count="1" type="stmt"/>
      <line num="305" count="8" type="stmt"/>
      <line num="309" count="10" type="cond" truecount="4" falsecount="0"/>
      <line num="310" count="3" type="stmt"/>
      <line num="311" count="3" type="stmt"/>
      <line num="312" count="3" type="stmt"/>
      <line num="313" count="3" type="stmt"/>
      <line num="314" count="4" type="stmt"/>
      <line num="315" count="4" type="cond" truecount="2" falsecount="0"/>
      <line num="316" count="1" type="stmt"/>
      <line num="317" count="1" type="stmt"/>
      <line num="319" count="3" type="stmt"/>
      <line num="320" count="3" type="stmt"/>
      <line num="321" count="3" type="stmt"/>
      <line num="322" count="3" type="stmt"/>
      <line num="325" count="3" type="cond" truecount="1" falsecount="1"/>
      <line num="326" count="3" type="stmt"/>
      <line num="328" count="3" type="stmt"/>
      <line num="330" count="3" type="stmt"/>
      <line num="335" count="0" type="cond" truecount="0" falsecount="2"/>
      <line num="336" count="0" type="stmt"/>
      <line num="338" count="0" type="cond" truecount="0" falsecount="4"/>
      <line num="339" count="0" type="stmt"/>
      <line num="340" count="0" type="stmt"/>
      <line num="343" count="0" type="cond" truecount="0" falsecount="4"/>
      <line num="344" count="0" type="stmt"/>
      <line num="345" count="0" type="stmt"/>
      <line num="348" count="0" type="stmt"/>
      <line num="349" count="0" type="cond" truecount="0" falsecount="2"/>
      <line num="350" count="0" type="stmt"/>
      <line num="351" count="0" type="stmt"/>
      <line num="352" count="0" type="stmt"/>
      <line num="354" count="0" type="stmt"/>
      <line num="355" count="0" type="stmt"/>
      <line num="357" count="0" type="stmt"/>
      <line num="361" count="6" type="stmt"/>
      <line num="362" count="6" type="cond" truecount="4" falsecount="1"/>
      <line num="364" count="6" type="stmt"/>
      <line num="365" count="6" type="stmt"/>
      <line num="366" count="6" type="stmt"/>
      <line num="367" count="6" type="stmt"/>
      <line num="369" count="6" type="stmt"/>
      <line num="370" count="6" type="stmt"/>
      <line num="371" count="6" type="stmt"/>
      <line num="372" count="6" type="stmt"/>
      <line num="373" count="6" type="stmt"/>
      <line num="374" count="6" type="stmt"/>
      <line num="375" count="6" type="stmt"/>
      <line num="376" count="6" type="stmt"/>
      <line num="377" count="6" type="stmt"/>
      <line num="379" count="0" type="cond" truecount="0" falsecount="4"/>
      <line num="380" count="0" type="cond" truecount="0" falsecount="2"/>
      <line num="381" count="0" type="stmt"/>
      <line num="382" count="0" type="stmt"/>
      <line num="383" count="0" type="stmt"/>
      <line num="384" count="0" type="stmt"/>
      <line num="385" count="0" type="cond" truecount="0" falsecount="4"/>
      <line num="386" count="0" type="stmt"/>
      <line num="390" count="6" type="cond" truecount="3" falsecount="1"/>
      <line num="391" count="6" type="stmt"/>
      <line num="392" count="6" type="cond" truecount="2" falsecount="0"/>
      <line num="393" count="3" type="stmt"/>
      <line num="397" count="6" type="stmt"/>
      <line num="398" count="6" type="stmt"/>
      <line num="399" count="6" type="stmt"/>
      <line num="401" count="6" type="cond" truecount="1" falsecount="1"/>
      <line num="402" count="0" type="stmt"/>
      <line num="403" count="0" type="stmt"/>
      <line num="408" count="8" type="cond" truecount="3" falsecount="1"/>
      <line num="409" count="8" type="cond" truecount="1" falsecount="1"/>
      <line num="411" count="8" type="stmt"/>
      <line num="412" count="8" type="stmt"/>
      <line num="413" count="8" type="stmt"/>
      <line num="414" count="8" type="stmt"/>
      <line num="415" count="8" type="stmt"/>
      <line num="416" count="8" type="stmt"/>
      <line num="417" count="8" type="cond" truecount="1" falsecount="1"/>
      <line num="418" count="8" type="cond" truecount="1" falsecount="1"/>
      <line num="419" count="6" type="stmt"/>
      <line num="420" count="6" type="cond" truecount="2" falsecount="0"/>
      <line num="421" count="4" type="stmt"/>
      <line num="425" count="4" type="cond" truecount="2" falsecount="0"/>
      <line num="426" count="3" type="stmt"/>
      <line num="427" count="3" type="stmt"/>
      <line num="434" count="1" type="stmt"/>
      <line num="435" count="1" type="stmt"/>
      <line num="445" count="0" type="cond" truecount="0" falsecount="4"/>
      <line num="446" count="0" type="stmt"/>
      <line num="447" count="0" type="cond" truecount="0" falsecount="4"/>
      <line num="448" count="0" type="cond" truecount="0" falsecount="4"/>
      <line num="451" count="8" type="stmt"/>
      <line num="452" count="8" type="stmt"/>
      <line num="457" count="22" type="cond" truecount="2" falsecount="0"/>
      <line num="458" count="22" type="cond" truecount="2" falsecount="0"/>
      <line num="459" count="22" type="cond" truecount="2" falsecount="0"/>
      <line num="460" count="22" type="cond" truecount="1" falsecount="1"/>
      <line num="461" count="22" type="stmt"/>
      <line num="462" count="22" type="stmt"/>
      <line num="463" count="22" type="stmt"/>
      <line num="464" count="22" type="stmt"/>
      <line num="468" count="11" type="cond" truecount="1" falsecount="1"/>
      <line num="469" count="0" type="stmt"/>
      <line num="470" count="0" type="stmt"/>
      <line num="471" count="0" type="stmt"/>
      <line num="472" count="0" type="stmt"/>
      <line num="473" count="0" type="stmt"/>
      <line num="474" count="0" type="stmt"/>
      <line num="475" count="0" type="stmt"/>
      <line num="476" count="0" type="stmt"/>
      <line num="477" count="0" type="stmt"/>
      <line num="482" count="11" type="cond" truecount="1" falsecount="1"/>
      <line num="483" count="11" type="cond" truecount="4" falsecount="1"/>
      <line num="484" count="11" type="stmt"/>
      <line num="485" count="11" type="cond" truecount="2" falsecount="0"/>
      <line num="488" count="11" type="stmt"/>
      <line num="489" count="11" type="stmt"/>
      <line num="491" count="11" type="stmt"/>
      <line num="492" count="8" type="stmt"/>
      <line num="493" count="8" type="stmt"/>
      <line num="494" count="8" type="stmt"/>
      <line num="495" count="8" type="stmt"/>
      <line num="496" count="8" type="stmt"/>
      <line num="497" count="8" type="stmt"/>
      <line num="499" count="8" type="stmt"/>
      <line num="500" count="8" type="stmt"/>
      <line num="501" count="8" type="stmt"/>
      <line num="503" count="8" type="stmt"/>
      <line num="504" count="0" type="stmt"/>
      <line num="507" count="8" type="stmt"/>
      <line num="508" count="0" type="stmt"/>
      <line num="511" count="8" type="stmt"/>
      <line num="512" count="0" type="cond" truecount="0" falsecount="4"/>
      <line num="513" count="0" type="cond" truecount="0" falsecount="2"/>
      <line num="514" count="0" type="stmt"/>
      <line num="515" count="0" type="stmt"/>
      <line num="517" count="0" type="stmt"/>
      <line num="518" count="0" type="stmt"/>
      <line num="522" count="11" type="stmt"/>
      <line num="523" count="0" type="stmt"/>
      <line num="526" count="11" type="stmt"/>
      <line num="527" count="4" type="stmt"/>
      <line num="528" count="4" type="stmt"/>
      <line num="529" count="4" type="stmt"/>
      <line num="530" count="4" type="cond" truecount="3" falsecount="1"/>
      <line num="531" count="4" type="stmt"/>
      <line num="532" count="4" type="cond" truecount="1" falsecount="1"/>
      <line num="533" count="4" type="stmt"/>
      <line num="534" count="4" type="stmt"/>
      <line num="538" count="4" type="cond" truecount="2" falsecount="0"/>
      <line num="539" count="3" type="stmt"/>
      <line num="540" count="3" type="stmt"/>
      <line num="547" count="1" type="stmt"/>
      <line num="548" count="1" type="stmt"/>
      <line num="559" count="0" type="cond" truecount="0" falsecount="4"/>
      <line num="560" count="0" type="cond" truecount="0" falsecount="4"/>
      <line num="563" count="4" type="stmt"/>
      <line num="567" count="11" type="stmt"/>
      <line num="568" count="0" type="stmt"/>
      <line num="569" count="0" type="cond" truecount="0" falsecount="4"/>
      <line num="570" count="0" type="stmt"/>
      <line num="571" count="0" type="cond" truecount="0" falsecount="4"/>
      <line num="572" count="0" type="cond" truecount="0" falsecount="4"/>
      <line num="576" count="11" type="stmt"/>
      <line num="577" count="11" type="stmt"/>
      <line num="578" count="11" type="stmt"/>
      <line num="579" count="11" type="stmt"/>
      <line num="580" count="11" type="stmt"/>
      <line num="581" count="11" type="stmt"/>
      <line num="582" count="11" type="stmt"/>
      <line num="583" count="11" type="stmt"/>
      <line num="588" count="11" type="cond" truecount="4" falsecount="0"/>
      <line num="589" count="2" type="stmt"/>
      <line num="596" count="11" type="stmt"/>
      <line num="597" count="11" type="stmt"/>
      <line num="598" count="11" type="stmt"/>
      <line num="601" count="1" type="cond" truecount="2" falsecount="0"/>
      <line num="602" count="1" type="cond" truecount="1" falsecount="1"/>
      <line num="605" count="11" type="stmt"/>
      <line num="606" count="11" type="stmt"/>
      <line num="610" count="11" type="stmt"/>
      <line num="611" count="11" type="stmt"/>
      <line num="612" count="11" type="cond" truecount="1" falsecount="1"/>
      <line num="613" count="0" type="stmt"/>
      <line num="614" count="0" type="stmt"/>
      <line num="616" count="11" type="stmt"/>
      <line num="617" count="0" type="stmt"/>
      <line num="619" count="11" type="stmt"/>
      <line num="621" count="11" type="cond" truecount="2" falsecount="0"/>
      <line num="622" count="1" type="stmt"/>
      <line num="623" count="1" type="stmt"/>
      <line num="625" count="0" type="cond" truecount="0" falsecount="4"/>
      <line num="626" count="0" type="cond" truecount="0" falsecount="4"/>
      <line num="631" count="11" type="cond" truecount="1" falsecount="1"/>
      <line num="632" count="11" type="stmt"/>
      <line num="633" count="11" type="stmt"/>
      <line num="638" count="4" type="stmt"/>
      <line num="642" count="2" type="stmt"/>
      <line num="645" count="11" type="stmt"/>
      <line num="656" count="1" type="stmt"/>
    </file>
  </project>
</coverage>
