<?xml version="1.0" encoding="UTF-8"?>
<coverage generated="1787728515744" clover="3.2.0">
  <project timestamp="1787728515745" name="All files">
    <metrics statements="346" coveredstatements="252" conditionals="331" coveredconditionals="180" methods="56" coveredmethods="40" elements="733" coveredelements="472" complexity="0" loc="346" ncloc="346" packages="1" files="3" classes="3"/>
    <file name="format.js" path="/home/joss/IDA/driver/lib/format.js">
      <metrics statements="4" coveredstatements="4" conditionals="4" coveredconditionals="2" methods="2" coveredmethods="2"/>
      <line num="2" count="1" type="cond" truecount="1" falsecount="1"/>
      <line num="3" count="1" type="stmt"/>
      <line num="12" count="2" type="cond" truecount="1" falsecount="1"/>
      <line num="15" count="1" type="stmt"/>
    </file>
    <file name="queue.js" path="/home/joss/IDA/driver/lib/queue.js">
      <metrics statements="25" coveredstatements="22" conditionals="20" coveredconditionals="18" methods="5" coveredmethods="4"/>
      <line num="2" count="12" type="stmt"/>
      <line num="10" count="12" type="cond" truecount="2" falsecount="0"/>
      <line num="11" count="8" type="stmt"/>
      <line num="13" count="12" type="cond" truecount="2" falsecount="0"/>
      <line num="14" count="8" type="stmt"/>
      <line num="19" count="12" type="stmt"/>
      <line num="21" count="12" type="cond" truecount="2" falsecount="0"/>
      <line num="22" count="10" type="stmt"/>
      <line num="23" count="10" type="cond" truecount="2" falsecount="0"/>
      <line num="24" count="3" type="stmt"/>
      <line num="27" count="7" type="cond" truecount="1" falsecount="1"/>
      <line num="28" count="0" type="stmt"/>
      <line num="29" count="0" type="stmt"/>
      <line num="32" count="7" type="stmt"/>
      <line num="34" count="7" type="cond" truecount="1" falsecount="1"/>
      <line num="35" count="0" type="stmt"/>
      <line num="39" count="9" type="cond" truecount="2" falsecount="0"/>
      <line num="40" count="9" type="stmt"/>
      <line num="41" count="9" type="stmt"/>
      <line num="45" count="5" type="cond" truecount="2" falsecount="0"/>
      <line num="46" count="1" type="stmt"/>
      <line num="48" count="4" type="cond" truecount="4" falsecount="0"/>
      <line num="49" count="1" type="stmt"/>
      <line num="51" count="3" type="stmt"/>
      <line num="54" count="2" type="stmt"/>
    </file>
    <file name="runtime.js" path="/home/joss/IDA/driver/lib/runtime.js">
      <metrics statements="317" coveredstatements="226" conditionals="307" coveredconditionals="160" methods="49" coveredmethods="34"/>
      <line num="1" count="1" type="stmt"/>
      <line num="2" count="1" type="stmt"/>
      <line num="16" count="10" type="stmt"/>
      <line num="18" count="10" type="cond" truecount="1" falsecount="1"/>
      <line num="19" count="0" type="stmt"/>
      <line num="25" count="10" type="stmt"/>
      <line num="26" count="10" type="cond" truecount="2" falsecount="0"/>
      <line num="30" count="10" type="stmt"/>
      <line num="43" count="10" type="stmt"/>
      <line num="44" count="10" type="stmt"/>
      <line num="51" count="10" type="stmt"/>
      <line num="65" count="10" type="stmt"/>
      <line num="66" count="10" type="stmt"/>
      <line num="67" count="10" type="stmt"/>
      <line num="68" count="10" type="stmt"/>
      <line num="69" count="10" type="stmt"/>
      <line num="70" count="10" type="stmt"/>
      <line num="71" count="10" type="stmt"/>
      <line num="72" count="10" type="stmt"/>
      <line num="73" count="10" type="stmt"/>
      <line num="74" count="10" type="stmt"/>
      <line num="75" count="10" type="stmt"/>
      <line num="77" count="10" type="stmt"/>
      <line num="78" count="10" type="stmt"/>
      <line num="79" count="10" type="stmt"/>
      <line num="80" count="10" type="stmt"/>
      <line num="83" count="12" type="cond" truecount="4" falsecount="0"/>
      <line num="85" count="11" type="cond" truecount="2" falsecount="0"/>
      <line num="86" count="10" type="cond" truecount="1" falsecount="1"/>
      <line num="87" count="10" type="stmt"/>
      <line num="90" count="1" type="cond" truecount="1" falsecount="1"/>
      <line num="91" count="0" type="stmt"/>
      <line num="94" count="1" type="cond" truecount="1" falsecount="1"/>
      <line num="95" count="0" type="stmt"/>
      <line num="96" count="0" type="cond" truecount="0" falsecount="2"/>
      <line num="97" count="0" type="cond" truecount="0" falsecount="2"/>
      <line num="98" count="0" type="stmt"/>
      <line num="99" count="0" type="stmt"/>
      <line num="101" count="0" type="stmt"/>
      <line num="104" count="0" type="stmt"/>
      <line num="107" count="1" type="cond" truecount="1" falsecount="1"/>
      <line num="108" count="1" type="cond" truecount="1" falsecount="1"/>
      <line num="109" count="1" type="cond" truecount="4" falsecount="1"/>
      <line num="110" count="1" type="stmt"/>
      <line num="112" count="0" type="stmt"/>
      <line num="115" count="0" type="cond" truecount="0" falsecount="2"/>
      <line num="116" count="0" type="cond" truecount="0" falsecount="2"/>
      <line num="117" count="0" type="stmt"/>
      <line num="119" count="0" type="cond" truecount="0" falsecount="2"/>
      <line num="120" count="0" type="stmt"/>
      <line num="122" count="0" type="cond" truecount="0" falsecount="2"/>
      <line num="123" count="0" type="stmt"/>
      <line num="125" count="0" type="cond" truecount="0" falsecount="2"/>
      <line num="126" count="0" type="stmt"/>
      <line num="128" count="0" type="cond" truecount="0" falsecount="2"/>
      <line num="129" count="0" type="stmt"/>
      <line num="131" count="0" type="stmt"/>
      <line num="134" count="0" type="stmt"/>
      <line num="138" count="29" type="cond" truecount="2" falsecount="0"/>
      <line num="139" count="2" type="stmt"/>
      <line num="143" count="64" type="stmt"/>
      <line num="144" count="64" type="stmt"/>
      <line num="145" count="64" type="stmt"/>
      <line num="146" count="64" type="cond" truecount="2" falsecount="0"/>
      <line num="147" count="8" type="stmt"/>
      <line num="152" count="56" type="stmt"/>
      <line num="153" count="56" type="stmt"/>
      <line num="154" count="56" type="cond" truecount="1" falsecount="1"/>
      <line num="155" count="56" type="stmt"/>
      <line num="157" count="56" type="stmt"/>
      <line num="161" count="19" type="stmt"/>
      <line num="165" count="9" type="cond" truecount="2" falsecount="0"/>
      <line num="166" count="1" type="cond" truecount="3" falsecount="1"/>
      <line num="167" count="1" type="stmt"/>
      <line num="171" count="4" type="stmt"/>
      <line num="179" count="6" type="cond" truecount="2" falsecount="0"/>
      <line num="180" count="2" type="cond" truecount="2" falsecount="0"/>
      <line num="181" count="1" type="stmt"/>
      <line num="183" count="2" type="stmt"/>
      <line num="184" count="1" type="stmt"/>
      <line num="185" count="1" type="stmt"/>
      <line num="186" count="1" type="stmt"/>
      <line num="188" count="0" type="cond" truecount="0" falsecount="4"/>
      <line num="189" count="0" type="cond" truecount="0" falsecount="4"/>
      <line num="196" count="8" type="cond" truecount="2" falsecount="0"/>
      <line num="197" count="1" type="stmt"/>
      <line num="198" count="1" type="stmt"/>
      <line num="199" count="1" type="cond" truecount="1" falsecount="1"/>
      <line num="200" count="1" type="cond" truecount="4" falsecount="1"/>
      <line num="201" count="1" type="stmt"/>
      <line num="202" count="1" type="cond" truecount="1" falsecount="1"/>
      <line num="203" count="1" type="stmt"/>
      <line num="204" count="1" type="stmt"/>
      <line num="211" count="0" type="cond" truecount="0" falsecount="4"/>
      <line num="212" count="0" type="cond" truecount="0" falsecount="4"/>
      <line num="218" count="0" type="cond" truecount="0" falsecount="2"/>
      <line num="219" count="0" type="stmt"/>
      <line num="221" count="0" type="stmt"/>
      <line num="222" count="0" type="stmt"/>
      <line num="223" count="0" type="stmt"/>
      <line num="225" count="0" type="stmt"/>
      <line num="229" count="10" type="cond" truecount="3" falsecount="1"/>
      <line num="230" count="10" type="stmt"/>
      <line num="231" count="10" type="stmt"/>
      <line num="232" count="4" type="stmt"/>
      <line num="233" count="4" type="stmt"/>
      <line num="234" count="4" type="stmt"/>
      <line num="235" count="4" type="stmt"/>
      <line num="237" count="6" type="cond" truecount="3" falsecount="1"/>
      <line num="238" count="6" type="stmt"/>
      <line num="243" count="3" type="cond" truecount="1" falsecount="1"/>
      <line num="244" count="3" type="stmt"/>
      <line num="245" count="3" type="cond" truecount="1" falsecount="1"/>
      <line num="246" count="3" type="stmt"/>
      <line num="247" count="3" type="stmt"/>
      <line num="248" count="3" type="stmt"/>
      <line num="250" count="3" type="stmt"/>
      <line num="254" count="2" type="stmt"/>
      <line num="263" count="2" type="stmt"/>
      <line num="264" count="2" type="cond" truecount="1" falsecount="1"/>
      <line num="265" count="0" type="stmt"/>
      <line num="267" count="2" type="stmt"/>
      <line num="268" count="2" type="stmt"/>
      <line num="269" count="2" type="stmt"/>
      <line num="273" count="10" type="cond" truecount="2" falsecount="0"/>
      <line num="274" count="10" type="stmt"/>
      <line num="282" count="10" type="cond" truecount="4" falsecount="0"/>
      <line num="283" count="1" type="stmt"/>
      <line num="284" count="1" type="stmt"/>
      <line num="287" count="9" type="cond" truecount="2" falsecount="0"/>
      <line num="288" count="1" type="stmt"/>
      <line num="289" count="1" type="stmt"/>
      <line num="292" count="8" type="stmt"/>
      <line num="296" count="10" type="cond" truecount="4" falsecount="0"/>
      <line num="297" count="3" type="stmt"/>
      <line num="298" count="3" type="stmt"/>
      <line num="299" count="3" type="stmt"/>
      <line num="300" count="3" type="stmt"/>
      <line num="301" count="4" type="stmt"/>
      <line num="302" count="4" type="cond" truecount="2" falsecount="0"/>
      <line num="303" count="1" type="stmt"/>
      <line num="304" count="1" type="stmt"/>
      <line num="306" count="3" type="stmt"/>
      <line num="307" count="3" type="stmt"/>
      <line num="308" count="3" type="stmt"/>
      <line num="309" count="3" type="stmt"/>
      <line num="312" count="3" type="cond" truecount="1" falsecount="1"/>
      <line num="313" count="3" type="stmt"/>
      <line num="315" count="3" type="stmt"/>
      <line num="317" count="3" type="stmt"/>
      <line num="322" count="0" type="cond" truecount="0" falsecount="2"/>
      <line num="323" count="0" type="stmt"/>
      <line num="325" count="0" type="cond" truecount="0" falsecount="4"/>
      <line num="326" count="0" type="stmt"/>
      <line num="327" count="0" type="stmt"/>
      <line num="330" count="0" type="cond" truecount="0" falsecount="4"/>
      <line num="331" count="0" type="stmt"/>
      <line num="332" count="0" type="stmt"/>
      <line num="335" count="0" type="stmt"/>
      <line num="336" count="0" type="cond" truecount="0" falsecount="2"/>
      <line num="337" count="0" type="stmt"/>
      <line num="338" count="0" type="stmt"/>
      <line num="339" count="0" type="stmt"/>
      <line num="341" count="0" type="stmt"/>
      <line num="342" count="0" type="stmt"/>
      <line num="344" count="0" type="stmt"/>
      <line num="348" count="6" type="stmt"/>
      <line num="349" count="6" type="cond" truecount="4" falsecount="1"/>
      <line num="351" count="6" type="stmt"/>
      <line num="352" count="6" type="stmt"/>
      <line num="353" count="6" type="stmt"/>
      <line num="354" count="6" type="stmt"/>
      <line num="356" count="6" type="stmt"/>
      <line num="357" count="6" type="stmt"/>
      <line num="358" count="6" type="stmt"/>
      <line num="359" count="6" type="stmt"/>
      <line num="360" count="6" type="stmt"/>
      <line num="361" count="6" type="stmt"/>
      <line num="362" count="6" type="stmt"/>
      <line num="363" count="6" type="stmt"/>
      <line num="364" count="6" type="stmt"/>
      <line num="366" count="0" type="cond" truecount="0" falsecount="4"/>
      <line num="367" count="0" type="cond" truecount="0" falsecount="2"/>
      <line num="368" count="0" type="stmt"/>
      <line num="369" count="0" type="stmt"/>
      <line num="370" count="0" type="stmt"/>
      <line num="371" count="0" type="stmt"/>
      <line num="372" count="0" type="cond" truecount="0" falsecount="4"/>
      <line num="373" count="0" type="stmt"/>
      <line num="377" count="6" type="cond" truecount="3" falsecount="1"/>
      <line num="378" count="6" type="stmt"/>
      <line num="379" count="6" type="cond" truecount="2" falsecount="0"/>
      <line num="380" count="3" type="stmt"/>
      <line num="384" count="6" type="stmt"/>
      <line num="385" count="6" type="stmt"/>
      <line num="386" count="6" type="stmt"/>
      <line num="388" count="6" type="cond" truecount="1" falsecount="1"/>
      <line num="389" count="0" type="stmt"/>
      <line num="390" count="0" type="stmt"/>
      <line num="395" count="8" type="cond" truecount="3" falsecount="1"/>
      <line num="396" count="8" type="cond" truecount="1" falsecount="1"/>
      <line num="398" count="8" type="stmt"/>
      <line num="399" count="8" type="stmt"/>
      <line num="400" count="8" type="stmt"/>
      <line num="401" count="8" type="cond" truecount="1" falsecount="1"/>
      <line num="402" count="8" type="cond" truecount="1" falsecount="1"/>
      <line num="403" count="6" type="stmt"/>
      <line num="404" count="6" type="cond" truecount="2" falsecount="0"/>
      <line num="405" count="4" type="stmt"/>
      <line num="409" count="4" type="cond" truecount="2" falsecount="0"/>
      <line num="410" count="3" type="stmt"/>
      <line num="411" count="3" type="stmt"/>
      <line num="418" count="1" type="stmt"/>
      <line num="419" count="1" type="stmt"/>
      <line num="429" count="0" type="cond" truecount="0" falsecount="4"/>
      <line num="430" count="0" type="cond" truecount="0" falsecount="4"/>
      <line num="433" count="8" type="stmt"/>
      <line num="434" count="8" type="stmt"/>
      <line num="439" count="20" type="cond" truecount="2" falsecount="0"/>
      <line num="440" count="20" type="cond" truecount="2" falsecount="0"/>
      <line num="441" count="20" type="cond" truecount="2" falsecount="0"/>
      <line num="442" count="20" type="cond" truecount="1" falsecount="1"/>
      <line num="443" count="20" type="stmt"/>
      <line num="444" count="20" type="stmt"/>
      <line num="445" count="20" type="stmt"/>
      <line num="446" count="20" type="stmt"/>
      <line num="450" count="10" type="cond" truecount="1" falsecount="1"/>
      <line num="451" count="0" type="stmt"/>
      <line num="452" count="0" type="stmt"/>
      <line num="453" count="0" type="stmt"/>
      <line num="454" count="0" type="stmt"/>
      <line num="455" count="0" type="stmt"/>
      <line num="456" count="0" type="stmt"/>
      <line num="457" count="0" type="stmt"/>
      <line num="458" count="0" type="stmt"/>
      <line num="459" count="0" type="stmt"/>
      <line num="464" count="10" type="cond" truecount="4" falsecount="1"/>
      <line num="465" count="10" type="stmt"/>
      <line num="466" count="10" type="cond" truecount="2" falsecount="0"/>
      <line num="469" count="10" type="stmt"/>
      <line num="470" count="10" type="stmt"/>
      <line num="472" count="10" type="stmt"/>
      <line num="473" count="8" type="stmt"/>
      <line num="474" count="8" type="stmt"/>
      <line num="475" count="8" type="stmt"/>
      <line num="477" count="8" type="stmt"/>
      <line num="478" count="8" type="stmt"/>
      <line num="479" count="8" type="stmt"/>
      <line num="481" count="8" type="stmt"/>
      <line num="482" count="0" type="stmt"/>
      <line num="485" count="8" type="stmt"/>
      <line num="486" count="0" type="stmt"/>
      <line num="489" count="8" type="stmt"/>
      <line num="490" count="0" type="cond" truecount="0" falsecount="4"/>
      <line num="491" count="0" type="cond" truecount="0" falsecount="2"/>
      <line num="492" count="0" type="stmt"/>
      <line num="493" count="0" type="stmt"/>
      <line num="495" count="0" type="stmt"/>
      <line num="496" count="0" type="stmt"/>
      <line num="500" count="10" type="stmt"/>
      <line num="501" count="0" type="stmt"/>
      <line num="504" count="10" type="stmt"/>
      <line num="505" count="4" type="stmt"/>
      <line num="506" count="4" type="stmt"/>
      <line num="507" count="4" type="stmt"/>
      <line num="508" count="4" type="cond" truecount="3" falsecount="1"/>
      <line num="509" count="4" type="stmt"/>
      <line num="510" count="4" type="cond" truecount="1" falsecount="1"/>
      <line num="511" count="4" type="stmt"/>
      <line num="512" count="4" type="stmt"/>
      <line num="516" count="4" type="cond" truecount="2" falsecount="0"/>
      <line num="517" count="3" type="stmt"/>
      <line num="518" count="3" type="stmt"/>
      <line num="525" count="1" type="stmt"/>
      <line num="526" count="1" type="stmt"/>
      <line num="537" count="0" type="cond" truecount="0" falsecount="4"/>
      <line num="538" count="0" type="cond" truecount="0" falsecount="4"/>
      <line num="541" count="4" type="stmt"/>
      <line num="545" count="10" type="stmt"/>
      <line num="546" count="0" type="stmt"/>
      <line num="547" count="0" type="stmt"/>
      <line num="548" count="0" type="cond" truecount="0" falsecount="4"/>
      <line num="549" count="0" type="cond" truecount="0" falsecount="4"/>
      <line num="553" count="10" type="stmt"/>
      <line num="554" count="10" type="stmt"/>
      <line num="555" count="10" type="stmt"/>
      <line num="556" count="10" type="stmt"/>
      <line num="557" count="10" type="stmt"/>
      <line num="562" count="10" type="cond" truecount="4" falsecount="0"/>
      <line num="563" count="1" type="stmt"/>
      <line num="570" count="10" type="stmt"/>
      <line num="571" count="10" type="stmt"/>
      <line num="572" count="10" type="stmt"/>
      <line num="575" count="1" type="cond" truecount="2" falsecount="0"/>
      <line num="576" count="1" type="cond" truecount="1" falsecount="1"/>
      <line num="579" count="10" type="stmt"/>
      <line num="580" count="10" type="stmt"/>
      <line num="584" count="10" type="stmt"/>
      <line num="585" count="10" type="stmt"/>
      <line num="586" count="10" type="cond" truecount="1" falsecount="1"/>
      <line num="587" count="0" type="stmt"/>
      <line num="588" count="0" type="stmt"/>
      <line num="590" count="10" type="stmt"/>
      <line num="591" count="0" type="stmt"/>
      <line num="593" count="10" type="stmt"/>
      <line num="595" count="10" type="cond" truecount="2" falsecount="0"/>
      <line num="596" count="1" type="stmt"/>
      <line num="597" count="1" type="stmt"/>
      <line num="599" count="0" type="cond" truecount="0" falsecount="4"/>
      <line num="600" count="0" type="cond" truecount="0" falsecount="4"/>
      <line num="605" count="10" type="cond" truecount="1" falsecount="1"/>
      <line num="606" count="10" type="stmt"/>
      <line num="607" count="10" type="stmt"/>
      <line num="612" count="4" type="stmt"/>
      <line num="616" count="2" type="stmt"/>
      <line num="619" count="10" type="stmt"/>
      <line num="630" count="1" type="stmt"/>
    </file>
  </project>
</coverage>
