{"/home/joss/IDA/driver/lib/format.js": {"path":"/home/joss/IDA/driver/lib/format.js","statementMap":{"0":{"start":{"line":2,"column":16},"end":{"line":2,"column":35}},"1":{"start":{"line":3,"column":2},"end":{"line":8,"column":28}},"2":{"start":{"line":12,"column":2},"end":{"line":12,"column":73}},"3":{"start":{"line":15,"column":0},"end":{"line":18,"column":2}}},"fnMap":{"0":{"name":"sanitizePrintableText","decl":{"start":{"line":1,"column":9},"end":{"line":1,"column":30}},"loc":{"start":{"line":1,"column":38},"end":{"line":9,"column":1}},"line":1},"1":{"name":"stripResidualTags","decl":{"start":{"line":11,"column":9},"end":{"line":11,"column":26}},"loc":{"start":{"line":11,"column":33},"end":{"line":13,"column":1}},"line":11}},"branchMap":{"0":{"loc":{"start":{"line":2,"column":23},"end":{"line":2,"column":34}},"type":"binary-expr","locations":[{"start":{"line":2,"column":23},"end":{"line":2,"column":28}},{"start":{"line":2,"column":32},"end":{"line":2,"column":34}}],"line":2},"1":{"loc":{"start":{"line":12,"column":16},"end":{"line":12,"column":26}},"type":"binary-expr","locations":[{"start":{"line":12,"column":16},"end":{"line":12,"column":20}},{"start":{"line":12,"column":24},"end":{"line":12,"column":26}}],"line":12}},"s":{"0":1,"1":1,"2":2,"3":1},"f":{"0":1,"1":2},"b":{"0":[1,0],"1":[2,0]},"_coverageSchema":"1a1c01bbd47fc00a2c39e90264f33305004495a9","hash":"9c311816869336123e95d1578ce0750de899d73e"}
,"/home/joss/IDA/driver/lib/queue.js": {"path":"/home/joss/IDA/driver/lib/queue.js","statementMap":{"0":{"start":{"line":2,"column":2},"end":{"line":6,"column":4}},"1":{"start":{"line":10,"column":2},"end":{"line":12,"column":3}},"2":{"start":{"line":11,"column":4},"end":{"line":11,"column":75}},"3":{"start":{"line":13,"column":2},"end":{"line":15,"column":3}},"4":{"start":{"line":14,"column":4},"end":{"line":14,"column":79}},"5":{"start":{"line":19,"column":2},"end":{"line":19,"column":28}},"6":{"start":{"line":21,"column":2},"end":{"line":37,"column":3}},"7":{"start":{"line":22,"column":18},"end":{"line":22,"column":35}},"8":{"start":{"line":23,"column":4},"end":{"line":25,"column":5}},"9":{"start":{"line":24,"column":6},"end":{"line":24,"column":64}},"10":{"start":{"line":27,"column":4},"end":{"line":30,"column":5}},"11":{"start":{"line":28,"column":20},"end":{"line":28,"column":63}},"12":{"start":{"line":29,"column":6},"end":{"line":29,"column":42}},"13":{"start":{"line":32,"column":4},"end":{"line":32,"column":37}},"14":{"start":{"line":34,"column":4},"end":{"line":36,"column":5}},"15":{"start":{"line":34,"column":49},"end":{"line":34,"column":74}},"16":{"start":{"line":35,"column":6},"end":{"line":35,"column":63}},"17":{"start":{"line":39,"column":2},"end":{"line":39,"column":86}},"18":{"start":{"line":40,"column":2},"end":{"line":40,"column":75}},"19":{"start":{"line":41,"column":2},"end":{"line":41,"column":28}},"20":{"start":{"line":45,"column":2},"end":{"line":47,"column":3}},"21":{"start":{"line":46,"column":4},"end":{"line":46,"column":15}},"22":{"start":{"line":48,"column":2},"end":{"line":50,"column":3}},"23":{"start":{"line":49,"column":4},"end":{"line":49,"column":15}},"24":{"start":{"line":51,"column":2},"end":{"line":51,"column":56}},"25":{"start":{"line":54,"column":0},"end":{"line":59,"column":2}}},"fnMap":{"0":{"name":"createQueueState","decl":{"start":{"line":1,"column":9},"end":{"line":1,"column":25}},"loc":{"start":{"line":1,"column":28},"end":{"line":7,"column":1}},"line":1},"1":{"name":"ensurePrinter","decl":{"start":{"line":9,"column":9},"end":{"line":9,"column":22}},"loc":{"start":{"line":9,"column":35},"end":{"line":16,"column":1}},"line":9},"2":{"name":"enqueueJob","decl":{"start":{"line":18,"column":9},"end":{"line":18,"column":19}},"loc":{"start":{"line":18,"column":37},"end":{"line":42,"column":1}},"line":18},"3":{"name":"(anonymous_3)","decl":{"start":{"line":34,"column":44},"end":{"line":34,"column":45}},"loc":{"start":{"line":34,"column":49},"end":{"line":34,"column":74}},"line":34},"4":{"name":"nextRetryDelay","decl":{"start":{"line":44,"column":9},"end":{"line":44,"column":23}},"loc":{"start":{"line":44,"column":50},"end":{"line":52,"column":1}},"line":44}},"branchMap":{"0":{"loc":{"start":{"line":10,"column":2},"end":{"line":12,"column":3}},"type":"if","locations":[{"start":{"line":10,"column":2},"end":{"line":12,"column":3}},{"start":{},"end":{}}],"line":10},"1":{"loc":{"start":{"line":13,"column":2},"end":{"line":15,"column":3}},"type":"if","locations":[{"start":{"line":13,"column":2},"end":{"line":15,"column":3}},{"start":{},"end":{}}],"line":13},"2":{"loc":{"start":{"line":21,"column":2},"end":{"line":37,"column":3}},"type":"if","locations":[{"start":{"line":21,"column":2},"end":{"line":37,"column":3}},{"start":{},"end":{}}],"line":21},"3":{"loc":{"start":{"line":23,"column":4},"end":{"line":25,"column":5}},"type":"if","locations":[{"start":{"line":23,"column":4},"end":{"line":25,"column":5}},{"start":{},"end":{}}],"line":23},"4":{"loc":{"start":{"line":27,"column":4},"end":{"line":30,"column":5}},"type":"if","locations":[{"start":{"line":27,"column":4},"end":{"line":30,"column":5}},{"start":{},"end":{}}],"line":27},"5":{"loc":{"start":{"line":34,"column":4},"end":{"line":36,"column":5}},"type":"if","locations":[{"start":{"line":34,"column":4},"end":{"line":36,"column":5}},{"start":{},"end":{}}],"line":34},"6":{"loc":{"start":{"line":39,"column":65},"end":{"line":39,"column":82}},"type":"binary-expr","locations":[{"start":{"line":39,"column":65},"end":{"line":39,"column":74}},{"start":{"line":39,"column":78},"end":{"line":39,"column":82}}],"line":39},"7":{"loc":{"start":{"line":45,"column":2},"end":{"line":47,"column":3}},"type":"if","locations":[{"start":{"line":45,"column":2},"end":{"line":47,"column":3}},{"start":{},"end":{}}],"line":45},"8":{"loc":{"start":{"line":48,"column":2},"end":{"line":50,"column":3}},"type":"if","locations":[{"start":{"line":48,"column":2},"end":{"line":50,"column":3}},{"start":{},"end":{}}],"line":48},"9":{"loc":{"start":{"line":48,"column":6},"end":{"line":48,"column":36}},"type":"binary-expr","locations":[{"start":{"line":48,"column":6},"end":{"line":48,"column":17}},{"start":{"line":48,"column":21},"end":{"line":48,"column":36}}],"line":48}},"s":{"0":10,"1":12,"2":8,"3":12,"4":8,"5":12,"6":12,"7":10,"8":10,"9":3,"10":7,"11":0,"12":0,"13":7,"14":7,"15":0,"16":0,"17":9,"18":9,"19":9,"20":5,"21":1,"22":4,"23":1,"24":3,"25":2},"f":{"0":10,"1":12,"2":12,"3":0,"4":5},"b":{"0":[8,4],"1":[8,4],"2":[10,2],"3":[3,7],"4":[0,7],"5":[0,7],"6":[9,2],"7":[1,4],"8":[1,3],"9":[4,3]},"_coverageSchema":"1a1c01bbd47fc00a2c39e90264f33305004495a9","hash":"d971ff76e7197466d81f3ec016622e74ab05ae57"}
,"/home/joss/IDA/driver/lib/runtime.js": {"path":"/home/joss/IDA/driver/lib/runtime.js","statementMap":{"0":{"start":{"line":1,"column":57},"end":{"line":1,"column":75}},"1":{"start":{"line":15,"column":6},"end":{"line":15,"column":10}},"2":{"start":{"line":17,"column":2},"end":{"line":19,"column":3}},"3":{"start":{"line":18,"column":4},"end":{"line":18,"column":68}},"4":{"start":{"line":21,"column":14},"end":{"line":31,"column":3}},"5":{"start":{"line":33,"column":21},"end":{"line":33,"column":39}},"6":{"start":{"line":34,"column":17},"end":{"line":40,"column":3}},"7":{"start":{"line":41,"column":18},"end":{"line":53,"column":3}},"8":{"start":{"line":55,"column":11},"end":{"line":55,"column":15}},"9":{"start":{"line":56,"column":16},"end":{"line":56,"column":21}},"10":{"start":{"line":57,"column":26},"end":{"line":57,"column":27}},"11":{"start":{"line":58,"column":23},"end":{"line":58,"column":28}},"12":{"start":{"line":59,"column":27},"end":{"line":59,"column":32}},"13":{"start":{"line":60,"column":23},"end":{"line":60,"column":27}},"14":{"start":{"line":61,"column":25},"end":{"line":61,"column":29}},"15":{"start":{"line":62,"column":24},"end":{"line":62,"column":28}},"16":{"start":{"line":63,"column":23},"end":{"line":63,"column":27}},"17":{"start":{"line":64,"column":31},"end":{"line":64,"column":35}},"18":{"start":{"line":65,"column":16},"end":{"line":65,"column":20}},"19":{"start":{"line":67,"column":22},"end":{"line":67,"column":31}},"20":{"start":{"line":68,"column":22},"end":{"line":68,"column":31}},"21":{"start":{"line":69,"column":26},"end":{"line":69,"column":28}},"22":{"start":{"line":70,"column":27},"end":{"line":70,"column":36}},"23":{"start":{"line":73,"column":4},"end":{"line":73,"column":55}},"24":{"start":{"line":73,"column":43},"end":{"line":73,"column":55}},"25":{"start":{"line":75,"column":4},"end":{"line":78,"column":5}},"26":{"start":{"line":76,"column":6},"end":{"line":76,"column":45}},"27":{"start":{"line":76,"column":33},"end":{"line":76,"column":45}},"28":{"start":{"line":77,"column":6},"end":{"line":77,"column":37}},"29":{"start":{"line":80,"column":4},"end":{"line":82,"column":5}},"30":{"start":{"line":81,"column":6},"end":{"line":81,"column":25}},"31":{"start":{"line":84,"column":4},"end":{"line":95,"column":5}},"32":{"start":{"line":85,"column":18},"end":{"line":85,"column":28}},"33":{"start":{"line":86,"column":6},"end":{"line":86,"column":28}},"34":{"start":{"line":86,"column":16},"end":{"line":86,"column":28}},"35":{"start":{"line":87,"column":6},"end":{"line":93,"column":7}},"36":{"start":{"line":88,"column":8},"end":{"line":92,"column":9}},"37":{"start":{"line":89,"column":10},"end":{"line":89,"column":37}},"38":{"start":{"line":91,"column":10},"end":{"line":91,"column":21}},"39":{"start":{"line":94,"column":6},"end":{"line":94,"column":17}},"40":{"start":{"line":97,"column":4},"end":{"line":103,"column":5}},"41":{"start":{"line":98,"column":6},"end":{"line":98,"column":40}},"42":{"start":{"line":98,"column":28},"end":{"line":98,"column":40}},"43":{"start":{"line":99,"column":6},"end":{"line":101,"column":7}},"44":{"start":{"line":100,"column":8},"end":{"line":100,"column":38}},"45":{"start":{"line":102,"column":6},"end":{"line":102,"column":49}},"46":{"start":{"line":105,"column":4},"end":{"line":122,"column":5}},"47":{"start":{"line":106,"column":6},"end":{"line":108,"column":7}},"48":{"start":{"line":107,"column":8},"end":{"line":107,"column":47}},"49":{"start":{"line":109,"column":6},"end":{"line":111,"column":7}},"50":{"start":{"line":110,"column":8},"end":{"line":110,"column":41}},"51":{"start":{"line":112,"column":6},"end":{"line":114,"column":7}},"52":{"start":{"line":113,"column":8},"end":{"line":113,"column":38}},"53":{"start":{"line":115,"column":6},"end":{"line":117,"column":7}},"54":{"start":{"line":116,"column":8},"end":{"line":116,"column":41}},"55":{"start":{"line":118,"column":6},"end":{"line":120,"column":7}},"56":{"start":{"line":119,"column":8},"end":{"line":119,"column":45}},"57":{"start":{"line":121,"column":6},"end":{"line":121,"column":18}},"58":{"start":{"line":124,"column":4},"end":{"line":124,"column":16}},"59":{"start":{"line":128,"column":4},"end":{"line":128,"column":46}},"60":{"start":{"line":128,"column":39},"end":{"line":128,"column":46}},"61":{"start":{"line":129,"column":4},"end":{"line":129,"column":65}},"62":{"start":{"line":133,"column":4},"end":{"line":133,"column":44}},"63":{"start":{"line":134,"column":4},"end":{"line":134,"column":54}},"64":{"start":{"line":135,"column":4},"end":{"line":135,"column":50}},"65":{"start":{"line":136,"column":4},"end":{"line":138,"column":5}},"66":{"start":{"line":137,"column":6},"end":{"line":137,"column":32}},"67":{"start":{"line":142,"column":4},"end":{"line":142,"column":42}},"68":{"start":{"line":143,"column":4},"end":{"line":143,"column":52}},"69":{"start":{"line":144,"column":4},"end":{"line":146,"column":5}},"70":{"start":{"line":145,"column":6},"end":{"line":145,"column":28}},"71":{"start":{"line":147,"column":4},"end":{"line":147,"column":18}},"72":{"start":{"line":151,"column":4},"end":{"line":151,"column":29}},"73":{"start":{"line":155,"column":4},"end":{"line":155,"column":50}},"74":{"start":{"line":155,"column":38},"end":{"line":155,"column":50}},"75":{"start":{"line":156,"column":4},"end":{"line":156,"column":74}},"76":{"start":{"line":156,"column":62},"end":{"line":156,"column":74}},"77":{"start":{"line":157,"column":4},"end":{"line":157,"column":56}},"78":{"start":{"line":161,"column":4},"end":{"line":165,"column":8}},"79":{"start":{"line":161,"column":58},"end":{"line":165,"column":5}},"80":{"start":{"line":169,"column":4},"end":{"line":169,"column":54}},"81":{"start":{"line":169,"column":47},"end":{"line":169,"column":54}},"82":{"start":{"line":170,"column":4},"end":{"line":172,"column":5}},"83":{"start":{"line":171,"column":6},"end":{"line":171,"column":43}},"84":{"start":{"line":173,"column":4},"end":{"line":182,"column":40}},"85":{"start":{"line":174,"column":6},"end":{"line":174,"column":36}},"86":{"start":{"line":175,"column":6},"end":{"line":181,"column":7}},"87":{"start":{"line":176,"column":8},"end":{"line":176,"column":54}},"88":{"start":{"line":178,"column":8},"end":{"line":180,"column":9}},"89":{"start":{"line":179,"column":10},"end":{"line":179,"column":103}},"90":{"start":{"line":186,"column":4},"end":{"line":186,"column":54}},"91":{"start":{"line":186,"column":47},"end":{"line":186,"column":54}},"92":{"start":{"line":187,"column":4},"end":{"line":204,"column":5}},"93":{"start":{"line":188,"column":21},"end":{"line":188,"column":44}},"94":{"start":{"line":189,"column":6},"end":{"line":199,"column":9}},"95":{"start":{"line":190,"column":8},"end":{"line":190,"column":77}},"96":{"start":{"line":190,"column":70},"end":{"line":190,"column":77}},"97":{"start":{"line":191,"column":32},"end":{"line":191,"column":58}},"98":{"start":{"line":192,"column":8},"end":{"line":192,"column":37}},"99":{"start":{"line":192,"column":30},"end":{"line":192,"column":37}},"100":{"start":{"line":193,"column":19},"end":{"line":193,"column":42}},"101":{"start":{"line":194,"column":8},"end":{"line":198,"column":11}},"102":{"start":{"line":201,"column":6},"end":{"line":203,"column":7}},"103":{"start":{"line":202,"column":8},"end":{"line":202,"column":98}},"104":{"start":{"line":208,"column":4},"end":{"line":210,"column":5}},"105":{"start":{"line":209,"column":6},"end":{"line":209,"column":41}},"106":{"start":{"line":211,"column":18},"end":{"line":214,"column":15}},"107":{"start":{"line":212,"column":6},"end":{"line":212,"column":30}},"108":{"start":{"line":213,"column":6},"end":{"line":213,"column":40}},"109":{"start":{"line":215,"column":4},"end":{"line":215,"column":32}},"110":{"start":{"line":219,"column":4},"end":{"line":219,"column":70}},"111":{"start":{"line":219,"column":57},"end":{"line":219,"column":70}},"112":{"start":{"line":220,"column":4},"end":{"line":229,"column":5}},"113":{"start":{"line":221,"column":6},"end":{"line":221,"column":35}},"114":{"start":{"line":222,"column":6},"end":{"line":222,"column":27}},"115":{"start":{"line":223,"column":6},"end":{"line":223,"column":33}},"116":{"start":{"line":224,"column":6},"end":{"line":224,"column":20}},"117":{"start":{"line":225,"column":6},"end":{"line":225,"column":18}},"118":{"start":{"line":227,"column":6},"end":{"line":227,"column":83}},"119":{"start":{"line":228,"column":6},"end":{"line":228,"column":19}},"120":{"start":{"line":233,"column":4},"end":{"line":233,"column":23}},"121":{"start":{"line":233,"column":16},"end":{"line":233,"column":23}},"122":{"start":{"line":234,"column":15},"end":{"line":234,"column":28}},"123":{"start":{"line":235,"column":4},"end":{"line":239,"column":5}},"124":{"start":{"line":236,"column":6},"end":{"line":236,"column":67}},"125":{"start":{"line":237,"column":6},"end":{"line":237,"column":34}},"126":{"start":{"line":238,"column":6},"end":{"line":238,"column":47}},"127":{"start":{"line":240,"column":4},"end":{"line":240,"column":16}},"128":{"start":{"line":244,"column":18},"end":{"line":252,"column":5}},"129":{"start":{"line":253,"column":4},"end":{"line":253,"column":32}},"130":{"start":{"line":254,"column":4},"end":{"line":256,"column":5}},"131":{"start":{"line":255,"column":6},"end":{"line":255,"column":30}},"132":{"start":{"line":257,"column":4},"end":{"line":257,"column":34}},"133":{"start":{"line":258,"column":4},"end":{"line":258,"column":36}},"134":{"start":{"line":259,"column":4},"end":{"line":259,"column":16}},"135":{"start":{"line":263,"column":28},"end":{"line":263,"column":57}},"136":{"start":{"line":264,"column":23},"end":{"line":270,"column":5}},"137":{"start":{"line":272,"column":4},"end":{"line":275,"column":5}},"138":{"start":{"line":273,"column":6},"end":{"line":273,"column":51}},"139":{"start":{"line":274,"column":6},"end":{"line":274,"column":18}},"140":{"start":{"line":277,"column":4},"end":{"line":280,"column":5}},"141":{"start":{"line":278,"column":6},"end":{"line":278,"column":56}},"142":{"start":{"line":279,"column":6},"end":{"line":279,"column":18}},"143":{"start":{"line":282,"column":4},"end":{"line":282,"column":22}},"144":{"start":{"line":286,"column":4},"end":{"line":286,"column":61}},"145":{"start":{"line":286,"column":54},"end":{"line":286,"column":61}},"146":{"start":{"line":287,"column":4},"end":{"line":287,"column":30}},"147":{"start":{"line":288,"column":18},"end":{"line":288,"column":23}},"148":{"start":{"line":289,"column":4},"end":{"line":308,"column":5}},"149":{"start":{"line":290,"column":6},"end":{"line":301,"column":7}},"150":{"start":{"line":291,"column":19},"end":{"line":291,"column":52}},"151":{"start":{"line":292,"column":8},"end":{"line":300,"column":9}},"152":{"start":{"line":293,"column":10},"end":{"line":293,"column":33}},"153":{"start":{"line":294,"column":10},"end":{"line":294,"column":25}},"154":{"start":{"line":296,"column":10},"end":{"line":296,"column":28}},"155":{"start":{"line":297,"column":10},"end":{"line":297,"column":40}},"156":{"start":{"line":298,"column":10},"end":{"line":298,"column":35}},"157":{"start":{"line":299,"column":10},"end":{"line":299,"column":25}},"158":{"start":{"line":302,"column":6},"end":{"line":304,"column":7}},"159":{"start":{"line":303,"column":8},"end":{"line":303,"column":36}},"160":{"start":{"line":305,"column":6},"end":{"line":305,"column":18}},"161":{"start":{"line":307,"column":6},"end":{"line":307,"column":33}},"162":{"start":{"line":312,"column":16},"end":{"line":312,"column":44}},"163":{"start":{"line":313,"column":28},"end":{"line":313,"column":49}},"164":{"start":{"line":315,"column":4},"end":{"line":318,"column":5}},"165":{"start":{"line":316,"column":6},"end":{"line":316,"column":82}},"166":{"start":{"line":317,"column":6},"end":{"line":317,"column":59}},"167":{"start":{"line":320,"column":4},"end":{"line":323,"column":5}},"168":{"start":{"line":321,"column":6},"end":{"line":321,"column":87}},"169":{"start":{"line":322,"column":6},"end":{"line":322,"column":64}},"170":{"start":{"line":325,"column":19},"end":{"line":325,"column":81}},"171":{"start":{"line":326,"column":4},"end":{"line":333,"column":5}},"172":{"start":{"line":327,"column":6},"end":{"line":327,"column":40}},"173":{"start":{"line":328,"column":6},"end":{"line":328,"column":18}},"174":{"start":{"line":329,"column":6},"end":{"line":329,"column":79}},"175":{"start":{"line":331,"column":6},"end":{"line":331,"column":34}},"176":{"start":{"line":332,"column":6},"end":{"line":332,"column":101}},"177":{"start":{"line":334,"column":4},"end":{"line":334,"column":18}},"178":{"start":{"line":338,"column":20},"end":{"line":338,"column":49}},"179":{"start":{"line":339,"column":4},"end":{"line":339,"column":73}},"180":{"start":{"line":339,"column":66},"end":{"line":339,"column":73}},"181":{"start":{"line":341,"column":4},"end":{"line":341,"column":26}},"182":{"start":{"line":342,"column":17},"end":{"line":342,"column":38}},"183":{"start":{"line":343,"column":4},"end":{"line":343,"column":54}},"184":{"start":{"line":344,"column":4},"end":{"line":344,"column":16}},"185":{"start":{"line":346,"column":23},"end":{"line":346,"column":28}},"186":{"start":{"line":347,"column":4},"end":{"line":365,"column":5}},"187":{"start":{"line":348,"column":6},"end":{"line":348,"column":42}},"188":{"start":{"line":349,"column":6},"end":{"line":349,"column":26}},"189":{"start":{"line":350,"column":6},"end":{"line":350,"column":44}},"190":{"start":{"line":351,"column":6},"end":{"line":351,"column":44}},"191":{"start":{"line":352,"column":6},"end":{"line":352,"column":29}},"192":{"start":{"line":353,"column":6},"end":{"line":353,"column":29}},"193":{"start":{"line":354,"column":6},"end":{"line":354,"column":52}},"194":{"start":{"line":356,"column":6},"end":{"line":356,"column":89}},"195":{"start":{"line":357,"column":6},"end":{"line":357,"column":57}},"196":{"start":{"line":358,"column":6},"end":{"line":358,"column":34}},"197":{"start":{"line":359,"column":6},"end":{"line":359,"column":56}},"198":{"start":{"line":360,"column":6},"end":{"line":360,"column":32}},"199":{"start":{"line":361,"column":6},"end":{"line":361,"column":94}},"200":{"start":{"line":362,"column":6},"end":{"line":364,"column":7}},"201":{"start":{"line":363,"column":8},"end":{"line":363,"column":92}},"202":{"start":{"line":367,"column":4},"end":{"line":372,"column":5}},"203":{"start":{"line":368,"column":21},"end":{"line":368,"column":55}},"204":{"start":{"line":369,"column":6},"end":{"line":371,"column":7}},"205":{"start":{"line":370,"column":8},"end":{"line":370,"column":38}},"206":{"start":{"line":374,"column":4},"end":{"line":374,"column":27}},"207":{"start":{"line":375,"column":4},"end":{"line":375,"column":54}},"208":{"start":{"line":376,"column":4},"end":{"line":376,"column":16}},"209":{"start":{"line":378,"column":4},"end":{"line":381,"column":5}},"210":{"start":{"line":379,"column":20},"end":{"line":379,"column":68}},"211":{"start":{"line":380,"column":6},"end":{"line":380,"column":35}},"212":{"start":{"line":385,"column":4},"end":{"line":385,"column":73}},"213":{"start":{"line":385,"column":66},"end":{"line":385,"column":73}},"214":{"start":{"line":386,"column":4},"end":{"line":386,"column":31}},"215":{"start":{"line":386,"column":24},"end":{"line":386,"column":31}},"216":{"start":{"line":388,"column":4},"end":{"line":388,"column":26}},"217":{"start":{"line":389,"column":4},"end":{"line":425,"column":5}},"218":{"start":{"line":390,"column":19},"end":{"line":390,"column":56}},"219":{"start":{"line":391,"column":6},"end":{"line":391,"column":52}},"220":{"start":{"line":392,"column":6},"end":{"line":417,"column":9}},"221":{"start":{"line":393,"column":27},"end":{"line":393,"column":68}},"222":{"start":{"line":394,"column":8},"end":{"line":394,"column":32}},"223":{"start":{"line":394,"column":25},"end":{"line":394,"column":32}},"224":{"start":{"line":395,"column":23},"end":{"line":398,"column":10}},"225":{"start":{"line":399,"column":8},"end":{"line":416,"column":9}},"226":{"start":{"line":400,"column":10},"end":{"line":400,"column":83}},"227":{"start":{"line":401,"column":10},"end":{"line":406,"column":13}},"228":{"start":{"line":408,"column":10},"end":{"line":408,"column":38}},"229":{"start":{"line":409,"column":10},"end":{"line":415,"column":13}},"230":{"start":{"line":419,"column":6},"end":{"line":421,"column":7}},"231":{"start":{"line":420,"column":8},"end":{"line":420,"column":102}},"232":{"start":{"line":423,"column":6},"end":{"line":423,"column":29}},"233":{"start":{"line":424,"column":6},"end":{"line":424,"column":18}},"234":{"start":{"line":429,"column":4},"end":{"line":429,"column":54}},"235":{"start":{"line":429,"column":24},"end":{"line":429,"column":54}},"236":{"start":{"line":430,"column":4},"end":{"line":430,"column":58}},"237":{"start":{"line":430,"column":26},"end":{"line":430,"column":58}},"238":{"start":{"line":431,"column":4},"end":{"line":431,"column":56}},"239":{"start":{"line":431,"column":25},"end":{"line":431,"column":56}},"240":{"start":{"line":432,"column":4},"end":{"line":432,"column":69}},"241":{"start":{"line":432,"column":32},"end":{"line":432,"column":69}},"242":{"start":{"line":433,"column":4},"end":{"line":433,"column":26}},"243":{"start":{"line":434,"column":4},"end":{"line":434,"column":28}},"244":{"start":{"line":435,"column":4},"end":{"line":435,"column":27}},"245":{"start":{"line":436,"column":4},"end":{"line":436,"column":34}},"246":{"start":{"line":440,"column":4},"end":{"line":440,"column":24}},"247":{"start":{"line":440,"column":17},"end":{"line":440,"column":24}},"248":{"start":{"line":441,"column":4},"end":{"line":441,"column":27}},"249":{"start":{"line":442,"column":4},"end":{"line":442,"column":31}},"250":{"start":{"line":443,"column":4},"end":{"line":443,"column":18}},"251":{"start":{"line":444,"column":20},"end":{"line":444,"column":110}},"252":{"start":{"line":445,"column":19},"end":{"line":445,"column":51}},"253":{"start":{"line":446,"column":18},"end":{"line":446,"column":34}},"254":{"start":{"line":447,"column":4},"end":{"line":450,"column":14}},"255":{"start":{"line":448,"column":6},"end":{"line":448,"column":28}},"256":{"start":{"line":449,"column":6},"end":{"line":449,"column":24}},"257":{"start":{"line":454,"column":4},"end":{"line":454,"column":84}},"258":{"start":{"line":454,"column":77},"end":{"line":454,"column":84}},"259":{"start":{"line":455,"column":23},"end":{"line":455,"column":106}},"260":{"start":{"line":456,"column":18},"end":{"line":458,"column":74}},"261":{"start":{"line":459,"column":4},"end":{"line":459,"column":32}},"262":{"start":{"line":460,"column":4},"end":{"line":460,"column":19}},"263":{"start":{"line":462,"column":4},"end":{"line":488,"column":7}},"264":{"start":{"line":463,"column":6},"end":{"line":463,"column":28}},"265":{"start":{"line":464,"column":6},"end":{"line":464,"column":30}},"266":{"start":{"line":465,"column":6},"end":{"line":465,"column":18}},"267":{"start":{"line":467,"column":6},"end":{"line":467,"column":33}},"268":{"start":{"line":468,"column":6},"end":{"line":468,"column":30}},"269":{"start":{"line":469,"column":6},"end":{"line":469,"column":31}},"270":{"start":{"line":471,"column":6},"end":{"line":473,"column":36}},"271":{"start":{"line":472,"column":8},"end":{"line":472,"column":42}},"272":{"start":{"line":475,"column":6},"end":{"line":477,"column":35}},"273":{"start":{"line":476,"column":8},"end":{"line":476,"column":43}},"274":{"start":{"line":479,"column":6},"end":{"line":487,"column":36}},"275":{"start":{"line":480,"column":8},"end":{"line":480,"column":47}},"276":{"start":{"line":480,"column":40},"end":{"line":480,"column":47}},"277":{"start":{"line":481,"column":8},"end":{"line":484,"column":9}},"278":{"start":{"line":482,"column":10},"end":{"line":482,"column":46}},"279":{"start":{"line":482,"column":16},"end":{"line":482,"column":31}},"280":{"start":{"line":483,"column":10},"end":{"line":483,"column":17}},"281":{"start":{"line":485,"column":8},"end":{"line":485,"column":24}},"282":{"start":{"line":486,"column":8},"end":{"line":486,"column":39}},"283":{"start":{"line":486,"column":14},"end":{"line":486,"column":24}},"284":{"start":{"line":490,"column":4},"end":{"line":492,"column":7}},"285":{"start":{"line":491,"column":6},"end":{"line":491,"column":21}},"286":{"start":{"line":494,"column":4},"end":{"line":533,"column":7}},"287":{"start":{"line":495,"column":6},"end":{"line":495,"column":31}},"288":{"start":{"line":496,"column":6},"end":{"line":532,"column":7}},"289":{"start":{"line":497,"column":24},"end":{"line":497,"column":40}},"290":{"start":{"line":498,"column":8},"end":{"line":525,"column":9}},"291":{"start":{"line":499,"column":29},"end":{"line":499,"column":71}},"292":{"start":{"line":500,"column":10},"end":{"line":524,"column":11}},"293":{"start":{"line":501,"column":24},"end":{"line":501,"column":66}},"294":{"start":{"line":502,"column":27},"end":{"line":505,"column":14}},"295":{"start":{"line":506,"column":12},"end":{"line":523,"column":13}},"296":{"start":{"line":507,"column":14},"end":{"line":507,"column":48}},"297":{"start":{"line":508,"column":14},"end":{"line":513,"column":17}},"298":{"start":{"line":515,"column":14},"end":{"line":515,"column":42}},"299":{"start":{"line":516,"column":14},"end":{"line":522,"column":17}},"300":{"start":{"line":527,"column":8},"end":{"line":529,"column":9}},"301":{"start":{"line":528,"column":10},"end":{"line":528,"column":82}},"302":{"start":{"line":531,"column":8},"end":{"line":531,"column":22}},"303":{"start":{"line":535,"column":4},"end":{"line":541,"column":7}},"304":{"start":{"line":536,"column":6},"end":{"line":536,"column":31}},"305":{"start":{"line":537,"column":6},"end":{"line":537,"column":18}},"306":{"start":{"line":538,"column":6},"end":{"line":540,"column":7}},"307":{"start":{"line":539,"column":8},"end":{"line":539,"column":87}},"308":{"start":{"line":543,"column":4},"end":{"line":548,"column":7}},"309":{"start":{"line":544,"column":6},"end":{"line":544,"column":28}},"310":{"start":{"line":545,"column":6},"end":{"line":545,"column":31}},"311":{"start":{"line":546,"column":6},"end":{"line":546,"column":18}},"312":{"start":{"line":547,"column":6},"end":{"line":547,"column":32}},"313":{"start":{"line":552,"column":4},"end":{"line":552,"column":20}},"314":{"start":{"line":553,"column":4},"end":{"line":553,"column":37}},"315":{"start":{"line":554,"column":4},"end":{"line":560,"column":6}},"316":{"start":{"line":557,"column":25},"end":{"line":557,"column":34}},"317":{"start":{"line":558,"column":22},"end":{"line":558,"column":54}},"318":{"start":{"line":561,"column":4},"end":{"line":561,"column":16}},"319":{"start":{"line":562,"column":4},"end":{"line":562,"column":22}},"320":{"start":{"line":566,"column":4},"end":{"line":566,"column":19}},"321":{"start":{"line":567,"column":4},"end":{"line":567,"column":26}},"322":{"start":{"line":568,"column":4},"end":{"line":571,"column":5}},"323":{"start":{"line":569,"column":6},"end":{"line":569,"column":35}},"324":{"start":{"line":570,"column":6},"end":{"line":570,"column":28}},"325":{"start":{"line":572,"column":4},"end":{"line":574,"column":5}},"326":{"start":{"line":573,"column":6},"end":{"line":573,"column":26}},"327":{"start":{"line":575,"column":4},"end":{"line":575,"column":24}},"328":{"start":{"line":577,"column":4},"end":{"line":585,"column":5}},"329":{"start":{"line":578,"column":6},"end":{"line":584,"column":7}},"330":{"start":{"line":579,"column":8},"end":{"line":579,"column":54}},"331":{"start":{"line":581,"column":8},"end":{"line":583,"column":9}},"332":{"start":{"line":582,"column":10},"end":{"line":582,"column":113}},"333":{"start":{"line":587,"column":4},"end":{"line":590,"column":5}},"334":{"start":{"line":588,"column":6},"end":{"line":588,"column":38}},"335":{"start":{"line":588,"column":12},"end":{"line":588,"column":23}},"336":{"start":{"line":589,"column":6},"end":{"line":589,"column":16}},"337":{"start":{"line":594,"column":4},"end":{"line":594,"column":18}},"338":{"start":{"line":598,"column":4},"end":{"line":598,"column":58}},"339":{"start":{"line":601,"column":2},"end":{"line":609,"column":4}},"340":{"start":{"line":612,"column":0},"end":{"line":614,"column":2}}},"fnMap":{"0":{"name":"createRuntime","decl":{"start":{"line":3,"column":9},"end":{"line":3,"column":22}},"loc":{"start":{"line":3,"column":43},"end":{"line":610,"column":1}},"line":3},"1":{"name":"normalizeJobId","decl":{"start":{"line":72,"column":11},"end":{"line":72,"column":25}},"loc":{"start":{"line":72,"column":31},"end":{"line":125,"column":3}},"line":72},"2":{"name":"audit","decl":{"start":{"line":127,"column":11},"end":{"line":127,"column":16}},"loc":{"start":{"line":127,"column":38},"end":{"line":130,"column":3}},"line":127},"3":{"name":"emitMetrics","decl":{"start":{"line":132,"column":11},"end":{"line":132,"column":22}},"loc":{"start":{"line":132,"column":25},"end":{"line":139,"column":3}},"line":132},"4":{"name":"emitState","decl":{"start":{"line":141,"column":11},"end":{"line":141,"column":20}},"loc":{"start":{"line":141,"column":23},"end":{"line":148,"column":3}},"line":141},"5":{"name":"queueKey","decl":{"start":{"line":150,"column":11},"end":{"line":150,"column":19}},"loc":{"start":{"line":150,"column":32},"end":{"line":152,"column":3}},"line":150},"6":{"name":"isPrinterAllowed","decl":{"start":{"line":154,"column":11},"end":{"line":154,"column":27}},"loc":{"start":{"line":154,"column":40},"end":{"line":158,"column":3}},"line":154},"7":{"name":"serializePendingAcks","decl":{"start":{"line":160,"column":11},"end":{"line":160,"column":31}},"loc":{"start":{"line":160,"column":34},"end":{"line":166,"column":3}},"line":160},"8":{"name":"(anonymous_8)","decl":{"start":{"line":161,"column":48},"end":{"line":161,"column":49}},"loc":{"start":{"line":161,"column":58},"end":{"line":165,"column":5}},"line":161},"9":{"name":"schedulePendingAckPersist","decl":{"start":{"line":168,"column":11},"end":{"line":168,"column":36}},"loc":{"start":{"line":168,"column":39},"end":{"line":183,"column":3}},"line":168},"10":{"name":"(anonymous_10)","decl":{"start":{"line":173,"column":40},"end":{"line":173,"column":41}},"loc":{"start":{"line":173,"column":52},"end":{"line":182,"column":5}},"line":173},"11":{"name":"hydratePendingAcks","decl":{"start":{"line":185,"column":17},"end":{"line":185,"column":35}},"loc":{"start":{"line":185,"column":38},"end":{"line":205,"column":3}},"line":185},"12":{"name":"(anonymous_12)","decl":{"start":{"line":189,"column":29},"end":{"line":189,"column":30}},"loc":{"start":{"line":189,"column":39},"end":{"line":199,"column":7}},"line":189},"13":{"name":"scheduleQueueRun","decl":{"start":{"line":207,"column":11},"end":{"line":207,"column":27}},"loc":{"start":{"line":207,"column":42},"end":{"line":216,"column":3}},"line":207},"14":{"name":"(anonymous_14)","decl":{"start":{"line":211,"column":29},"end":{"line":211,"column":30}},"loc":{"start":{"line":211,"column":35},"end":{"line":214,"column":5}},"line":211},"15":{"name":"(anonymous_15)","decl":{"start":{"line":213,"column":30},"end":{"line":213,"column":31}},"loc":{"start":{"line":213,"column":36},"end":{"line":213,"column":38}},"line":213},"16":{"name":"tryMarkCompleted","decl":{"start":{"line":218,"column":17},"end":{"line":218,"column":33}},"loc":{"start":{"line":218,"column":41},"end":{"line":230,"column":3}},"line":218},"17":{"name":"enqueuePendingAck","decl":{"start":{"line":232,"column":11},"end":{"line":232,"column":28}},"loc":{"start":{"line":232,"column":36},"end":{"line":241,"column":3}},"line":232},"18":{"name":"quarantineJob","decl":{"start":{"line":243,"column":11},"end":{"line":243,"column":24}},"loc":{"start":{"line":243,"column":46},"end":{"line":260,"column":3}},"line":243},"19":{"name":"normalizeIncomingJob","decl":{"start":{"line":262,"column":11},"end":{"line":262,"column":31}},"loc":{"start":{"line":262,"column":45},"end":{"line":283,"column":3}},"line":262},"20":{"name":"flushPendingAcks","decl":{"start":{"line":285,"column":17},"end":{"line":285,"column":33}},"loc":{"start":{"line":285,"column":36},"end":{"line":309,"column":3}},"line":285},"21":{"name":"addToQueue","decl":{"start":{"line":311,"column":11},"end":{"line":311,"column":21}},"loc":{"start":{"line":311,"column":55},"end":{"line":335,"column":3}},"line":311},"22":{"name":"(anonymous_22)","decl":{"start":{"line":327,"column":30},"end":{"line":327,"column":31}},"loc":{"start":{"line":327,"column":36},"end":{"line":327,"column":38}},"line":327},"23":{"name":"processQueue","decl":{"start":{"line":337,"column":17},"end":{"line":337,"column":29}},"loc":{"start":{"line":337,"column":35},"end":{"line":382,"column":3}},"line":337},"24":{"name":"syncPendingJobs","decl":{"start":{"line":384,"column":17},"end":{"line":384,"column":32}},"loc":{"start":{"line":384,"column":35},"end":{"line":426,"column":3}},"line":384},"25":{"name":"(anonymous_25)","decl":{"start":{"line":392,"column":27},"end":{"line":392,"column":28}},"loc":{"start":{"line":392,"column":36},"end":{"line":417,"column":7}},"line":392},"26":{"name":"(anonymous_26)","decl":{"start":{"line":400,"column":73},"end":{"line":400,"column":74}},"loc":{"start":{"line":400,"column":79},"end":{"line":400,"column":81}},"line":400},"27":{"name":"clearPeriodicTimers","decl":{"start":{"line":428,"column":11},"end":{"line":428,"column":30}},"loc":{"start":{"line":428,"column":33},"end":{"line":437,"column":3}},"line":428},"28":{"name":"scheduleReconnect","decl":{"start":{"line":439,"column":11},"end":{"line":439,"column":28}},"loc":{"start":{"line":439,"column":37},"end":{"line":451,"column":3}},"line":439},"29":{"name":"(anonymous_29)","decl":{"start":{"line":447,"column":32},"end":{"line":447,"column":33}},"loc":{"start":{"line":447,"column":38},"end":{"line":450,"column":5}},"line":447},"30":{"name":"connectWs","decl":{"start":{"line":453,"column":11},"end":{"line":453,"column":20}},"loc":{"start":{"line":453,"column":29},"end":{"line":549,"column":3}},"line":453},"31":{"name":"(anonymous_31)","decl":{"start":{"line":462,"column":18},"end":{"line":462,"column":19}},"loc":{"start":{"line":462,"column":30},"end":{"line":488,"column":5}},"line":462},"32":{"name":"(anonymous_32)","decl":{"start":{"line":471,"column":37},"end":{"line":471,"column":38}},"loc":{"start":{"line":471,"column":43},"end":{"line":473,"column":7}},"line":471},"33":{"name":"(anonymous_33)","decl":{"start":{"line":472,"column":32},"end":{"line":472,"column":33}},"loc":{"start":{"line":472,"column":38},"end":{"line":472,"column":40}},"line":472},"34":{"name":"(anonymous_34)","decl":{"start":{"line":475,"column":36},"end":{"line":475,"column":37}},"loc":{"start":{"line":475,"column":42},"end":{"line":477,"column":7}},"line":475},"35":{"name":"(anonymous_35)","decl":{"start":{"line":476,"column":33},"end":{"line":476,"column":34}},"loc":{"start":{"line":476,"column":39},"end":{"line":476,"column":41}},"line":476},"36":{"name":"(anonymous_36)","decl":{"start":{"line":479,"column":35},"end":{"line":479,"column":36}},"loc":{"start":{"line":479,"column":41},"end":{"line":487,"column":7}},"line":479},"37":{"name":"(anonymous_37)","decl":{"start":{"line":490,"column":18},"end":{"line":490,"column":19}},"loc":{"start":{"line":490,"column":24},"end":{"line":492,"column":5}},"line":490},"38":{"name":"(anonymous_38)","decl":{"start":{"line":494,"column":21},"end":{"line":494,"column":22}},"loc":{"start":{"line":494,"column":31},"end":{"line":533,"column":5}},"line":494},"39":{"name":"(anonymous_39)","decl":{"start":{"line":507,"column":38},"end":{"line":507,"column":39}},"loc":{"start":{"line":507,"column":44},"end":{"line":507,"column":46}},"line":507},"40":{"name":"(anonymous_40)","decl":{"start":{"line":535,"column":19},"end":{"line":535,"column":20}},"loc":{"start":{"line":535,"column":28},"end":{"line":541,"column":5}},"line":535},"41":{"name":"(anonymous_41)","decl":{"start":{"line":543,"column":19},"end":{"line":543,"column":20}},"loc":{"start":{"line":543,"column":25},"end":{"line":548,"column":5}},"line":543},"42":{"name":"start","decl":{"start":{"line":551,"column":11},"end":{"line":551,"column":16}},"loc":{"start":{"line":551,"column":25},"end":{"line":563,"column":3}},"line":551},"43":{"name":"(anonymous_43)","decl":{"start":{"line":557,"column":18},"end":{"line":557,"column":19}},"loc":{"start":{"line":557,"column":25},"end":{"line":557,"column":34}},"line":557},"44":{"name":"(anonymous_44)","decl":{"start":{"line":558,"column":15},"end":{"line":558,"column":16}},"loc":{"start":{"line":558,"column":22},"end":{"line":558,"column":54}},"line":558},"45":{"name":"stop","decl":{"start":{"line":565,"column":17},"end":{"line":565,"column":21}},"loc":{"start":{"line":565,"column":24},"end":{"line":591,"column":3}},"line":565},"46":{"name":"getStatus","decl":{"start":{"line":593,"column":11},"end":{"line":593,"column":20}},"loc":{"start":{"line":593,"column":23},"end":{"line":595,"column":3}},"line":593},"47":{"name":"getMetrics","decl":{"start":{"line":597,"column":11},"end":{"line":597,"column":21}},"loc":{"start":{"line":597,"column":24},"end":{"line":599,"column":3}},"line":597}},"branchMap":{"0":{"loc":{"start":{"line":3,"column":29},"end":{"line":3,"column":41}},"type":"default-arg","locations":[{"start":{"line":3,"column":39},"end":{"line":3,"column":41}}],"line":3},"1":{"loc":{"start":{"line":14,"column":4},"end":{"line":14,"column":20}},"type":"default-arg","locations":[{"start":{"line":14,"column":13},"end":{"line":14,"column":20}}],"line":14},"2":{"loc":{"start":{"line":17,"column":2},"end":{"line":19,"column":3}},"type":"if","locations":[{"start":{"line":17,"column":2},"end":{"line":19,"column":3}},{"start":{},"end":{}}],"line":17},"3":{"loc":{"start":{"line":23,"column":27},"end":{"line":23,"column":65}},"type":"binary-expr","locations":[{"start":{"line":23,"column":27},"end":{"line":23,"column":56}},{"start":{"line":23,"column":60},"end":{"line":23,"column":65}}],"line":23},"4":{"loc":{"start":{"line":24,"column":26},"end":{"line":24,"column":63}},"type":"binary-expr","locations":[{"start":{"line":24,"column":26},"end":{"line":24,"column":54}},{"start":{"line":24,"column":58},"end":{"line":24,"column":63}}],"line":24},"5":{"loc":{"start":{"line":25,"column":27},"end":{"line":25,"column":65}},"type":"binary-expr","locations":[{"start":{"line":25,"column":27},"end":{"line":25,"column":56}},{"start":{"line":25,"column":60},"end":{"line":25,"column":65}}],"line":25},"6":{"loc":{"start":{"line":26,"column":23},"end":{"line":26,"column":56}},"type":"binary-expr","locations":[{"start":{"line":26,"column":23},"end":{"line":26,"column":48}},{"start":{"line":26,"column":52},"end":{"line":26,"column":56}}],"line":26},"7":{"loc":{"start":{"line":27,"column":22},"end":{"line":27,"column":55}},"type":"binary-expr","locations":[{"start":{"line":27,"column":22},"end":{"line":27,"column":46}},{"start":{"line":27,"column":50},"end":{"line":27,"column":55}}],"line":27},"8":{"loc":{"start":{"line":28,"column":33},"end":{"line":28,"column":75}},"type":"binary-expr","locations":[{"start":{"line":28,"column":33},"end":{"line":28,"column":68}},{"start":{"line":28,"column":72},"end":{"line":28,"column":75}}],"line":28},"9":{"loc":{"start":{"line":73,"column":4},"end":{"line":73,"column":55}},"type":"if","locations":[{"start":{"line":73,"column":4},"end":{"line":73,"column":55}},{"start":{},"end":{}}],"line":73},"10":{"loc":{"start":{"line":73,"column":8},"end":{"line":73,"column":41}},"type":"binary-expr","locations":[{"start":{"line":73,"column":8},"end":{"line":73,"column":20}},{"start":{"line":73,"column":24},"end":{"line":73,"column":41}}],"line":73},"11":{"loc":{"start":{"line":75,"column":4},"end":{"line":78,"column":5}},"type":"if","locations":[{"start":{"line":75,"column":4},"end":{"line":78,"column":5}},{"start":{},"end":{}}],"line":75},"12":{"loc":{"start":{"line":76,"column":6},"end":{"line":76,"column":45}},"type":"if","locations":[{"start":{"line":76,"column":6},"end":{"line":76,"column":45}},{"start":{},"end":{}}],"line":76},"13":{"loc":{"start":{"line":80,"column":4},"end":{"line":82,"column":5}},"type":"if","locations":[{"start":{"line":80,"column":4},"end":{"line":82,"column":5}},{"start":{},"end":{}}],"line":80},"14":{"loc":{"start":{"line":84,"column":4},"end":{"line":95,"column":5}},"type":"if","locations":[{"start":{"line":84,"column":4},"end":{"line":95,"column":5}},{"start":{},"end":{}}],"line":84},"15":{"loc":{"start":{"line":86,"column":6},"end":{"line":86,"column":28}},"type":"if","locations":[{"start":{"line":86,"column":6},"end":{"line":86,"column":28}},{"start":{},"end":{}}],"line":86},"16":{"loc":{"start":{"line":87,"column":6},"end":{"line":93,"column":7}},"type":"if","locations":[{"start":{"line":87,"column":6},"end":{"line":93,"column":7}},{"start":{},"end":{}}],"line":87},"17":{"loc":{"start":{"line":97,"column":4},"end":{"line":103,"column":5}},"type":"if","locations":[{"start":{"line":97,"column":4},"end":{"line":103,"column":5}},{"start":{},"end":{}}],"line":97},"18":{"loc":{"start":{"line":98,"column":6},"end":{"line":98,"column":40}},"type":"if","locations":[{"start":{"line":98,"column":6},"end":{"line":98,"column":40}},{"start":{},"end":{}}],"line":98},"19":{"loc":{"start":{"line":99,"column":6},"end":{"line":101,"column":7}},"type":"if","locations":[{"start":{"line":99,"column":6},"end":{"line":101,"column":7}},{"start":{},"end":{}}],"line":99},"20":{"loc":{"start":{"line":99,"column":10},"end":{"line":99,"column":87}},"type":"binary-expr","locations":[{"start":{"line":99,"column":10},"end":{"line":99,"column":25}},{"start":{"line":99,"column":29},"end":{"line":99,"column":55}},{"start":{"line":99,"column":59},"end":{"line":99,"column":87}}],"line":99},"21":{"loc":{"start":{"line":105,"column":4},"end":{"line":122,"column":5}},"type":"if","locations":[{"start":{"line":105,"column":4},"end":{"line":122,"column":5}},{"start":{},"end":{}}],"line":105},"22":{"loc":{"start":{"line":106,"column":6},"end":{"line":108,"column":7}},"type":"if","locations":[{"start":{"line":106,"column":6},"end":{"line":108,"column":7}},{"start":{},"end":{}}],"line":106},"23":{"loc":{"start":{"line":109,"column":6},"end":{"line":111,"column":7}},"type":"if","locations":[{"start":{"line":109,"column":6},"end":{"line":111,"column":7}},{"start":{},"end":{}}],"line":109},"24":{"loc":{"start":{"line":112,"column":6},"end":{"line":114,"column":7}},"type":"if","locations":[{"start":{"line":112,"column":6},"end":{"line":114,"column":7}},{"start":{},"end":{}}],"line":112},"25":{"loc":{"start":{"line":115,"column":6},"end":{"line":117,"column":7}},"type":"if","locations":[{"start":{"line":115,"column":6},"end":{"line":117,"column":7}},{"start":{},"end":{}}],"line":115},"26":{"loc":{"start":{"line":118,"column":6},"end":{"line":120,"column":7}},"type":"if","locations":[{"start":{"line":118,"column":6},"end":{"line":120,"column":7}},{"start":{},"end":{}}],"line":118},"27":{"loc":{"start":{"line":127,"column":24},"end":{"line":127,"column":36}},"type":"default-arg","locations":[{"start":{"line":127,"column":34},"end":{"line":127,"column":36}}],"line":127},"28":{"loc":{"start":{"line":128,"column":4},"end":{"line":128,"column":46}},"type":"if","locations":[{"start":{"line":128,"column":4},"end":{"line":128,"column":46}},{"start":{},"end":{}}],"line":128},"29":{"loc":{"start":{"line":136,"column":4},"end":{"line":138,"column":5}},"type":"if","locations":[{"start":{"line":136,"column":4},"end":{"line":138,"column":5}},{"start":{},"end":{}}],"line":136},"30":{"loc":{"start":{"line":144,"column":4},"end":{"line":146,"column":5}},"type":"if","locations":[{"start":{"line":144,"column":4},"end":{"line":146,"column":5}},{"start":{},"end":{}}],"line":144},"31":{"loc":{"start":{"line":155,"column":4},"end":{"line":155,"column":50}},"type":"if","locations":[{"start":{"line":155,"column":4},"end":{"line":155,"column":50}},{"start":{},"end":{}}],"line":155},"32":{"loc":{"start":{"line":156,"column":4},"end":{"line":156,"column":74}},"type":"if","locations":[{"start":{"line":156,"column":4},"end":{"line":156,"column":74}},{"start":{},"end":{}}],"line":156},"33":{"loc":{"start":{"line":156,"column":8},"end":{"line":156,"column":60}},"type":"binary-expr","locations":[{"start":{"line":156,"column":8},"end":{"line":156,"column":27}},{"start":{"line":156,"column":31},"end":{"line":156,"column":60}}],"line":156},"34":{"loc":{"start":{"line":163,"column":16},"end":{"line":163,"column":33}},"type":"binary-expr","locations":[{"start":{"line":163,"column":16},"end":{"line":163,"column":28}},{"start":{"line":163,"column":32},"end":{"line":163,"column":33}}],"line":163},"35":{"loc":{"start":{"line":164,"column":17},"end":{"line":164,"column":38}},"type":"binary-expr","locations":[{"start":{"line":164,"column":17},"end":{"line":164,"column":30}},{"start":{"line":164,"column":34},"end":{"line":164,"column":38}}],"line":164},"36":{"loc":{"start":{"line":169,"column":4},"end":{"line":169,"column":54}},"type":"if","locations":[{"start":{"line":169,"column":4},"end":{"line":169,"column":54}},{"start":{},"end":{}}],"line":169},"37":{"loc":{"start":{"line":170,"column":4},"end":{"line":172,"column":5}},"type":"if","locations":[{"start":{"line":170,"column":4},"end":{"line":172,"column":5}},{"start":{},"end":{}}],"line":170},"38":{"loc":{"start":{"line":178,"column":8},"end":{"line":180,"column":9}},"type":"if","locations":[{"start":{"line":178,"column":8},"end":{"line":180,"column":9}},{"start":{},"end":{}}],"line":178},"39":{"loc":{"start":{"line":178,"column":12},"end":{"line":178,"column":56}},"type":"binary-expr","locations":[{"start":{"line":178,"column":12},"end":{"line":178,"column":18}},{"start":{"line":178,"column":22},"end":{"line":178,"column":56}}],"line":178},"40":{"loc":{"start":{"line":179,"column":63},"end":{"line":179,"column":101}},"type":"cond-expr","locations":[{"start":{"line":179,"column":84},"end":{"line":179,"column":95}},{"start":{"line":179,"column":98},"end":{"line":179,"column":101}}],"line":179},"41":{"loc":{"start":{"line":179,"column":63},"end":{"line":179,"column":81}},"type":"binary-expr","locations":[{"start":{"line":179,"column":63},"end":{"line":179,"column":66}},{"start":{"line":179,"column":70},"end":{"line":179,"column":81}}],"line":179},"42":{"loc":{"start":{"line":186,"column":4},"end":{"line":186,"column":54}},"type":"if","locations":[{"start":{"line":186,"column":4},"end":{"line":186,"column":54}},{"start":{},"end":{}}],"line":186},"43":{"loc":{"start":{"line":189,"column":7},"end":{"line":189,"column":19}},"type":"binary-expr","locations":[{"start":{"line":189,"column":7},"end":{"line":189,"column":13}},{"start":{"line":189,"column":17},"end":{"line":189,"column":19}}],"line":189},"44":{"loc":{"start":{"line":190,"column":8},"end":{"line":190,"column":77}},"type":"if","locations":[{"start":{"line":190,"column":8},"end":{"line":190,"column":77}},{"start":{},"end":{}}],"line":190},"45":{"loc":{"start":{"line":190,"column":12},"end":{"line":190,"column":68}},"type":"binary-expr","locations":[{"start":{"line":190,"column":12},"end":{"line":190,"column":17}},{"start":{"line":190,"column":21},"end":{"line":190,"column":45}},{"start":{"line":190,"column":49},"end":{"line":190,"column":68}}],"line":190},"46":{"loc":{"start":{"line":192,"column":8},"end":{"line":192,"column":37}},"type":"if","locations":[{"start":{"line":192,"column":8},"end":{"line":192,"column":37}},{"start":{},"end":{}}],"line":192},"47":{"loc":{"start":{"line":196,"column":27},"end":{"line":196,"column":45}},"type":"binary-expr","locations":[{"start":{"line":196,"column":27},"end":{"line":196,"column":40}},{"start":{"line":196,"column":44},"end":{"line":196,"column":45}}],"line":196},"48":{"loc":{"start":{"line":197,"column":21},"end":{"line":197,"column":43}},"type":"binary-expr","locations":[{"start":{"line":197,"column":21},"end":{"line":197,"column":35}},{"start":{"line":197,"column":39},"end":{"line":197,"column":43}}],"line":197},"49":{"loc":{"start":{"line":201,"column":6},"end":{"line":203,"column":7}},"type":"if","locations":[{"start":{"line":201,"column":6},"end":{"line":203,"column":7}},{"start":{},"end":{}}],"line":201},"50":{"loc":{"start":{"line":201,"column":10},"end":{"line":201,"column":54}},"type":"binary-expr","locations":[{"start":{"line":201,"column":10},"end":{"line":201,"column":16}},{"start":{"line":201,"column":20},"end":{"line":201,"column":54}}],"line":201},"51":{"loc":{"start":{"line":202,"column":58},"end":{"line":202,"column":96}},"type":"cond-expr","locations":[{"start":{"line":202,"column":79},"end":{"line":202,"column":90}},{"start":{"line":202,"column":93},"end":{"line":202,"column":96}}],"line":202},"52":{"loc":{"start":{"line":202,"column":58},"end":{"line":202,"column":76}},"type":"binary-expr","locations":[{"start":{"line":202,"column":58},"end":{"line":202,"column":61}},{"start":{"line":202,"column":65},"end":{"line":202,"column":76}}],"line":202},"53":{"loc":{"start":{"line":208,"column":4},"end":{"line":210,"column":5}},"type":"if","locations":[{"start":{"line":208,"column":4},"end":{"line":210,"column":5}},{"start":{},"end":{}}],"line":208},"54":{"loc":{"start":{"line":219,"column":4},"end":{"line":219,"column":70}},"type":"if","locations":[{"start":{"line":219,"column":4},"end":{"line":219,"column":70}},{"start":{},"end":{}}],"line":219},"55":{"loc":{"start":{"line":219,"column":8},"end":{"line":219,"column":55}},"type":"binary-expr","locations":[{"start":{"line":219,"column":8},"end":{"line":219,"column":14}},{"start":{"line":219,"column":18},"end":{"line":219,"column":55}}],"line":219},"56":{"loc":{"start":{"line":227,"column":41},"end":{"line":227,"column":79}},"type":"cond-expr","locations":[{"start":{"line":227,"column":58},"end":{"line":227,"column":67}},{"start":{"line":227,"column":70},"end":{"line":227,"column":79}}],"line":227},"57":{"loc":{"start":{"line":227,"column":41},"end":{"line":227,"column":55}},"type":"binary-expr","locations":[{"start":{"line":227,"column":41},"end":{"line":227,"column":42}},{"start":{"line":227,"column":46},"end":{"line":227,"column":55}}],"line":227},"58":{"loc":{"start":{"line":233,"column":4},"end":{"line":233,"column":23}},"type":"if","locations":[{"start":{"line":233,"column":4},"end":{"line":233,"column":23}},{"start":{},"end":{}}],"line":233},"59":{"loc":{"start":{"line":235,"column":4},"end":{"line":239,"column":5}},"type":"if","locations":[{"start":{"line":235,"column":4},"end":{"line":239,"column":5}},{"start":{},"end":{}}],"line":235},"60":{"loc":{"start":{"line":247,"column":10},"end":{"line":247,"column":23}},"type":"binary-expr","locations":[{"start":{"line":247,"column":10},"end":{"line":247,"column":13}},{"start":{"line":247,"column":17},"end":{"line":247,"column":23}}],"line":247},"61":{"loc":{"start":{"line":248,"column":14},"end":{"line":248,"column":31}},"type":"binary-expr","locations":[{"start":{"line":248,"column":14},"end":{"line":248,"column":17}},{"start":{"line":248,"column":21},"end":{"line":248,"column":31}}],"line":248},"62":{"loc":{"start":{"line":249,"column":11},"end":{"line":249,"column":79}},"type":"cond-expr","locations":[{"start":{"line":249,"column":27},"end":{"line":249,"column":72}},{"start":{"line":249,"column":75},"end":{"line":249,"column":79}}],"line":249},"63":{"loc":{"start":{"line":249,"column":11},"end":{"line":249,"column":24}},"type":"binary-expr","locations":[{"start":{"line":249,"column":11},"end":{"line":249,"column":14}},{"start":{"line":249,"column":18},"end":{"line":249,"column":24}}],"line":249},"64":{"loc":{"start":{"line":249,"column":44},"end":{"line":249,"column":71}},"type":"binary-expr","locations":[{"start":{"line":249,"column":45},"end":{"line":249,"column":48}},{"start":{"line":249,"column":52},"end":{"line":249,"column":62}},{"start":{"line":249,"column":67},"end":{"line":249,"column":71}}],"line":249},"65":{"loc":{"start":{"line":250,"column":16},"end":{"line":250,"column":86}},"type":"cond-expr","locations":[{"start":{"line":250,"column":73},"end":{"line":250,"column":79}},{"start":{"line":250,"column":82},"end":{"line":250,"column":86}}],"line":250},"66":{"loc":{"start":{"line":250,"column":16},"end":{"line":250,"column":70}},"type":"binary-expr","locations":[{"start":{"line":250,"column":16},"end":{"line":250,"column":19}},{"start":{"line":250,"column":23},"end":{"line":250,"column":70}}],"line":250},"67":{"loc":{"start":{"line":251,"column":27},"end":{"line":251,"column":75}},"type":"binary-expr","locations":[{"start":{"line":251,"column":28},"end":{"line":251,"column":31}},{"start":{"line":251,"column":36},"end":{"line":251,"column":45}},{"start":{"line":251,"column":49},"end":{"line":251,"column":67}},{"start":{"line":251,"column":73},"end":{"line":251,"column":75}}],"line":251},"68":{"loc":{"start":{"line":254,"column":4},"end":{"line":256,"column":5}},"type":"if","locations":[{"start":{"line":254,"column":4},"end":{"line":256,"column":5}},{"start":{},"end":{}}],"line":254},"69":{"loc":{"start":{"line":263,"column":43},"end":{"line":263,"column":56}},"type":"binary-expr","locations":[{"start":{"line":263,"column":43},"end":{"line":263,"column":46}},{"start":{"line":263,"column":50},"end":{"line":263,"column":56}}],"line":263},"70":{"loc":{"start":{"line":265,"column":10},"end":{"line":265,"column":23}},"type":"binary-expr","locations":[{"start":{"line":265,"column":10},"end":{"line":265,"column":13}},{"start":{"line":265,"column":17},"end":{"line":265,"column":23}}],"line":265},"71":{"loc":{"start":{"line":266,"column":14},"end":{"line":266,"column":41}},"type":"binary-expr","locations":[{"start":{"line":266,"column":15},"end":{"line":266,"column":18}},{"start":{"line":266,"column":22},"end":{"line":266,"column":32}},{"start":{"line":266,"column":37},"end":{"line":266,"column":41}}],"line":266},"72":{"loc":{"start":{"line":267,"column":13},"end":{"line":267,"column":61}},"type":"binary-expr","locations":[{"start":{"line":267,"column":14},"end":{"line":267,"column":17}},{"start":{"line":267,"column":22},"end":{"line":267,"column":31}},{"start":{"line":267,"column":35},"end":{"line":267,"column":53}},{"start":{"line":267,"column":59},"end":{"line":267,"column":61}}],"line":267},"73":{"loc":{"start":{"line":269,"column":16},"end":{"line":269,"column":86}},"type":"cond-expr","locations":[{"start":{"line":269,"column":73},"end":{"line":269,"column":79}},{"start":{"line":269,"column":82},"end":{"line":269,"column":86}}],"line":269},"74":{"loc":{"start":{"line":269,"column":16},"end":{"line":269,"column":70}},"type":"binary-expr","locations":[{"start":{"line":269,"column":16},"end":{"line":269,"column":19}},{"start":{"line":269,"column":23},"end":{"line":269,"column":70}}],"line":269},"75":{"loc":{"start":{"line":272,"column":4},"end":{"line":275,"column":5}},"type":"if","locations":[{"start":{"line":272,"column":4},"end":{"line":275,"column":5}},{"start":{},"end":{}}],"line":272},"76":{"loc":{"start":{"line":272,"column":8},"end":{"line":272,"column":45}},"type":"binary-expr","locations":[{"start":{"line":272,"column":8},"end":{"line":272,"column":24}},{"start":{"line":272,"column":28},"end":{"line":272,"column":45}}],"line":272},"77":{"loc":{"start":{"line":277,"column":4},"end":{"line":280,"column":5}},"type":"if","locations":[{"start":{"line":277,"column":4},"end":{"line":280,"column":5}},{"start":{},"end":{}}],"line":277},"78":{"loc":{"start":{"line":286,"column":4},"end":{"line":286,"column":61}},"type":"if","locations":[{"start":{"line":286,"column":4},"end":{"line":286,"column":61}},{"start":{},"end":{}}],"line":286},"79":{"loc":{"start":{"line":286,"column":8},"end":{"line":286,"column":52}},"type":"binary-expr","locations":[{"start":{"line":286,"column":8},"end":{"line":286,"column":26}},{"start":{"line":286,"column":30},"end":{"line":286,"column":52}}],"line":286},"80":{"loc":{"start":{"line":292,"column":8},"end":{"line":300,"column":9}},"type":"if","locations":[{"start":{"line":292,"column":8},"end":{"line":300,"column":9}},{"start":{"line":295,"column":15},"end":{"line":300,"column":9}}],"line":292},"81":{"loc":{"start":{"line":302,"column":6},"end":{"line":304,"column":7}},"type":"if","locations":[{"start":{"line":302,"column":6},"end":{"line":304,"column":7}},{"start":{},"end":{}}],"line":302},"82":{"loc":{"start":{"line":311,"column":41},"end":{"line":311,"column":53}},"type":"default-arg","locations":[{"start":{"line":311,"column":49},"end":{"line":311,"column":53}}],"line":311},"83":{"loc":{"start":{"line":312,"column":29},"end":{"line":312,"column":43}},"type":"binary-expr","locations":[{"start":{"line":312,"column":29},"end":{"line":312,"column":35}},{"start":{"line":312,"column":39},"end":{"line":312,"column":43}}],"line":312},"84":{"loc":{"start":{"line":315,"column":4},"end":{"line":318,"column":5}},"type":"if","locations":[{"start":{"line":315,"column":4},"end":{"line":318,"column":5}},{"start":{},"end":{}}],"line":315},"85":{"loc":{"start":{"line":315,"column":8},"end":{"line":315,"column":44}},"type":"binary-expr","locations":[{"start":{"line":315,"column":8},"end":{"line":315,"column":24}},{"start":{"line":315,"column":28},"end":{"line":315,"column":44}}],"line":315},"86":{"loc":{"start":{"line":320,"column":4},"end":{"line":323,"column":5}},"type":"if","locations":[{"start":{"line":320,"column":4},"end":{"line":323,"column":5}},{"start":{},"end":{}}],"line":320},"87":{"loc":{"start":{"line":320,"column":30},"end":{"line":320,"column":44}},"type":"binary-expr","locations":[{"start":{"line":320,"column":30},"end":{"line":320,"column":36}},{"start":{"line":320,"column":40},"end":{"line":320,"column":44}}],"line":320},"88":{"loc":{"start":{"line":326,"column":4},"end":{"line":333,"column":5}},"type":"if","locations":[{"start":{"line":326,"column":4},"end":{"line":333,"column":5}},{"start":{"line":330,"column":11},"end":{"line":333,"column":5}}],"line":326},"89":{"loc":{"start":{"line":339,"column":4},"end":{"line":339,"column":73}},"type":"if","locations":[{"start":{"line":339,"column":4},"end":{"line":339,"column":73}},{"start":{},"end":{}}],"line":339},"90":{"loc":{"start":{"line":339,"column":8},"end":{"line":339,"column":64}},"type":"binary-expr","locations":[{"start":{"line":339,"column":8},"end":{"line":339,"column":16}},{"start":{"line":339,"column":20},"end":{"line":339,"column":34}},{"start":{"line":339,"column":38},"end":{"line":339,"column":64}}],"line":339},"91":{"loc":{"start":{"line":356,"column":39},"end":{"line":356,"column":88}},"type":"cond-expr","locations":[{"start":{"line":356,"column":60},"end":{"line":356,"column":71}},{"start":{"line":356,"column":74},"end":{"line":356,"column":88}}],"line":356},"92":{"loc":{"start":{"line":356,"column":39},"end":{"line":356,"column":57}},"type":"binary-expr","locations":[{"start":{"line":356,"column":39},"end":{"line":356,"column":42}},{"start":{"line":356,"column":46},"end":{"line":356,"column":57}}],"line":356},"93":{"loc":{"start":{"line":357,"column":28},"end":{"line":357,"column":51}},"type":"binary-expr","locations":[{"start":{"line":357,"column":28},"end":{"line":357,"column":46}},{"start":{"line":357,"column":50},"end":{"line":357,"column":51}}],"line":357},"94":{"loc":{"start":{"line":362,"column":6},"end":{"line":364,"column":7}},"type":"if","locations":[{"start":{"line":362,"column":6},"end":{"line":364,"column":7}},{"start":{},"end":{}}],"line":362},"95":{"loc":{"start":{"line":362,"column":10},"end":{"line":362,"column":54}},"type":"binary-expr","locations":[{"start":{"line":362,"column":10},"end":{"line":362,"column":16}},{"start":{"line":362,"column":20},"end":{"line":362,"column":54}}],"line":362},"96":{"loc":{"start":{"line":367,"column":4},"end":{"line":372,"column":5}},"type":"if","locations":[{"start":{"line":367,"column":4},"end":{"line":372,"column":5}},{"start":{},"end":{}}],"line":367},"97":{"loc":{"start":{"line":367,"column":8},"end":{"line":367,"column":34}},"type":"binary-expr","locations":[{"start":{"line":367,"column":8},"end":{"line":367,"column":20}},{"start":{"line":367,"column":24},"end":{"line":367,"column":34}}],"line":367},"98":{"loc":{"start":{"line":369,"column":6},"end":{"line":371,"column":7}},"type":"if","locations":[{"start":{"line":369,"column":6},"end":{"line":371,"column":7}},{"start":{},"end":{}}],"line":369},"99":{"loc":{"start":{"line":378,"column":4},"end":{"line":381,"column":5}},"type":"if","locations":[{"start":{"line":378,"column":4},"end":{"line":381,"column":5}},{"start":{},"end":{}}],"line":378},"100":{"loc":{"start":{"line":385,"column":4},"end":{"line":385,"column":73}},"type":"if","locations":[{"start":{"line":385,"column":4},"end":{"line":385,"column":73}},{"start":{},"end":{}}],"line":385},"101":{"loc":{"start":{"line":385,"column":8},"end":{"line":385,"column":64}},"type":"binary-expr","locations":[{"start":{"line":385,"column":8},"end":{"line":385,"column":22}},{"start":{"line":385,"column":26},"end":{"line":385,"column":64}}],"line":385},"102":{"loc":{"start":{"line":386,"column":4},"end":{"line":386,"column":31}},"type":"if","locations":[{"start":{"line":386,"column":4},"end":{"line":386,"column":31}},{"start":{},"end":{}}],"line":386},"103":{"loc":{"start":{"line":391,"column":33},"end":{"line":391,"column":43}},"type":"binary-expr","locations":[{"start":{"line":391,"column":33},"end":{"line":391,"column":37}},{"start":{"line":391,"column":41},"end":{"line":391,"column":43}}],"line":391},"104":{"loc":{"start":{"line":392,"column":7},"end":{"line":392,"column":17}},"type":"binary-expr","locations":[{"start":{"line":392,"column":7},"end":{"line":392,"column":11}},{"start":{"line":392,"column":15},"end":{"line":392,"column":17}}],"line":392},"105":{"loc":{"start":{"line":394,"column":8},"end":{"line":394,"column":32}},"type":"if","locations":[{"start":{"line":394,"column":8},"end":{"line":394,"column":32}},{"start":{},"end":{}}],"line":394},"106":{"loc":{"start":{"line":399,"column":8},"end":{"line":416,"column":9}},"type":"if","locations":[{"start":{"line":399,"column":8},"end":{"line":416,"column":9}},{"start":{"line":407,"column":15},"end":{"line":416,"column":9}}],"line":399},"107":{"loc":{"start":{"line":419,"column":6},"end":{"line":421,"column":7}},"type":"if","locations":[{"start":{"line":419,"column":6},"end":{"line":421,"column":7}},{"start":{},"end":{}}],"line":419},"108":{"loc":{"start":{"line":419,"column":10},"end":{"line":419,"column":54}},"type":"binary-expr","locations":[{"start":{"line":419,"column":10},"end":{"line":419,"column":16}},{"start":{"line":419,"column":20},"end":{"line":419,"column":54}}],"line":419},"109":{"loc":{"start":{"line":420,"column":62},"end":{"line":420,"column":100}},"type":"cond-expr","locations":[{"start":{"line":420,"column":83},"end":{"line":420,"column":94}},{"start":{"line":420,"column":97},"end":{"line":420,"column":100}}],"line":420},"110":{"loc":{"start":{"line":420,"column":62},"end":{"line":420,"column":80}},"type":"binary-expr","locations":[{"start":{"line":420,"column":62},"end":{"line":420,"column":65}},{"start":{"line":420,"column":69},"end":{"line":420,"column":80}}],"line":420},"111":{"loc":{"start":{"line":429,"column":4},"end":{"line":429,"column":54}},"type":"if","locations":[{"start":{"line":429,"column":4},"end":{"line":429,"column":54}},{"start":{},"end":{}}],"line":429},"112":{"loc":{"start":{"line":430,"column":4},"end":{"line":430,"column":58}},"type":"if","locations":[{"start":{"line":430,"column":4},"end":{"line":430,"column":58}},{"start":{},"end":{}}],"line":430},"113":{"loc":{"start":{"line":431,"column":4},"end":{"line":431,"column":56}},"type":"if","locations":[{"start":{"line":431,"column":4},"end":{"line":431,"column":56}},{"start":{},"end":{}}],"line":431},"114":{"loc":{"start":{"line":432,"column":4},"end":{"line":432,"column":69}},"type":"if","locations":[{"start":{"line":432,"column":4},"end":{"line":432,"column":69}},{"start":{},"end":{}}],"line":432},"115":{"loc":{"start":{"line":440,"column":4},"end":{"line":440,"column":24}},"type":"if","locations":[{"start":{"line":440,"column":4},"end":{"line":440,"column":24}},{"start":{},"end":{}}],"line":440},"116":{"loc":{"start":{"line":454,"column":4},"end":{"line":454,"column":84}},"type":"if","locations":[{"start":{"line":454,"column":4},"end":{"line":454,"column":84}},{"start":{},"end":{}}],"line":454},"117":{"loc":{"start":{"line":454,"column":8},"end":{"line":454,"column":75}},"type":"binary-expr","locations":[{"start":{"line":454,"column":8},"end":{"line":454,"column":15}},{"start":{"line":454,"column":19},"end":{"line":454,"column":34}},{"start":{"line":454,"column":38},"end":{"line":454,"column":75}}],"line":454},"118":{"loc":{"start":{"line":455,"column":23},"end":{"line":455,"column":106}},"type":"binary-expr","locations":[{"start":{"line":455,"column":23},"end":{"line":455,"column":57}},{"start":{"line":455,"column":61},"end":{"line":455,"column":100}},{"start":{"line":455,"column":104},"end":{"line":455,"column":106}}],"line":455},"119":{"loc":{"start":{"line":456,"column":18},"end":{"line":458,"column":74}},"type":"cond-expr","locations":[{"start":{"line":457,"column":8},"end":{"line":457,"column":114}},{"start":{"line":458,"column":8},"end":{"line":458,"column":74}}],"line":456},"120":{"loc":{"start":{"line":480,"column":8},"end":{"line":480,"column":47}},"type":"if","locations":[{"start":{"line":480,"column":8},"end":{"line":480,"column":47}},{"start":{},"end":{}}],"line":480},"121":{"loc":{"start":{"line":480,"column":12},"end":{"line":480,"column":38}},"type":"binary-expr","locations":[{"start":{"line":480,"column":12},"end":{"line":480,"column":15}},{"start":{"line":480,"column":19},"end":{"line":480,"column":38}}],"line":480},"122":{"loc":{"start":{"line":481,"column":8},"end":{"line":484,"column":9}},"type":"if","locations":[{"start":{"line":481,"column":8},"end":{"line":484,"column":9}},{"start":{},"end":{}}],"line":481},"123":{"loc":{"start":{"line":498,"column":8},"end":{"line":525,"column":9}},"type":"if","locations":[{"start":{"line":498,"column":8},"end":{"line":525,"column":9}},{"start":{},"end":{}}],"line":498},"124":{"loc":{"start":{"line":498,"column":12},"end":{"line":498,"column":39}},"type":"binary-expr","locations":[{"start":{"line":498,"column":12},"end":{"line":498,"column":25}},{"start":{"line":498,"column":29},"end":{"line":498,"column":39}}],"line":498},"125":{"loc":{"start":{"line":500,"column":10},"end":{"line":524,"column":11}},"type":"if","locations":[{"start":{"line":500,"column":10},"end":{"line":524,"column":11}},{"start":{},"end":{}}],"line":500},"126":{"loc":{"start":{"line":506,"column":12},"end":{"line":523,"column":13}},"type":"if","locations":[{"start":{"line":506,"column":12},"end":{"line":523,"column":13}},{"start":{"line":514,"column":19},"end":{"line":523,"column":13}}],"line":506},"127":{"loc":{"start":{"line":527,"column":8},"end":{"line":529,"column":9}},"type":"if","locations":[{"start":{"line":527,"column":8},"end":{"line":529,"column":9}},{"start":{},"end":{}}],"line":527},"128":{"loc":{"start":{"line":527,"column":12},"end":{"line":527,"column":56}},"type":"binary-expr","locations":[{"start":{"line":527,"column":12},"end":{"line":527,"column":18}},{"start":{"line":527,"column":22},"end":{"line":527,"column":56}}],"line":527},"129":{"loc":{"start":{"line":528,"column":50},"end":{"line":528,"column":80}},"type":"cond-expr","locations":[{"start":{"line":528,"column":67},"end":{"line":528,"column":76}},{"start":{"line":528,"column":79},"end":{"line":528,"column":80}}],"line":528},"130":{"loc":{"start":{"line":528,"column":50},"end":{"line":528,"column":64}},"type":"binary-expr","locations":[{"start":{"line":528,"column":50},"end":{"line":528,"column":51}},{"start":{"line":528,"column":55},"end":{"line":528,"column":64}}],"line":528},"131":{"loc":{"start":{"line":538,"column":6},"end":{"line":540,"column":7}},"type":"if","locations":[{"start":{"line":538,"column":6},"end":{"line":540,"column":7}},{"start":{},"end":{}}],"line":538},"132":{"loc":{"start":{"line":538,"column":10},"end":{"line":538,"column":54}},"type":"binary-expr","locations":[{"start":{"line":538,"column":10},"end":{"line":538,"column":16}},{"start":{"line":538,"column":20},"end":{"line":538,"column":54}}],"line":538},"133":{"loc":{"start":{"line":539,"column":47},"end":{"line":539,"column":85}},"type":"cond-expr","locations":[{"start":{"line":539,"column":68},"end":{"line":539,"column":79}},{"start":{"line":539,"column":82},"end":{"line":539,"column":85}}],"line":539},"134":{"loc":{"start":{"line":539,"column":47},"end":{"line":539,"column":65}},"type":"binary-expr","locations":[{"start":{"line":539,"column":47},"end":{"line":539,"column":50}},{"start":{"line":539,"column":54},"end":{"line":539,"column":65}}],"line":539},"135":{"loc":{"start":{"line":555,"column":6},"end":{"line":559,"column":12}},"type":"cond-expr","locations":[{"start":{"line":556,"column":10},"end":{"line":558,"column":55}},{"start":{"line":559,"column":10},"end":{"line":559,"column":12}}],"line":555},"136":{"loc":{"start":{"line":555,"column":20},"end":{"line":555,"column":47}},"type":"binary-expr","locations":[{"start":{"line":555,"column":20},"end":{"line":555,"column":26}},{"start":{"line":555,"column":30},"end":{"line":555,"column":47}}],"line":555},"137":{"loc":{"start":{"line":557,"column":25},"end":{"line":557,"column":34}},"type":"binary-expr","locations":[{"start":{"line":557,"column":25},"end":{"line":557,"column":26}},{"start":{"line":557,"column":30},"end":{"line":557,"column":34}}],"line":557},"138":{"loc":{"start":{"line":558,"column":37},"end":{"line":558,"column":53}},"type":"binary-expr","locations":[{"start":{"line":558,"column":37},"end":{"line":558,"column":45}},{"start":{"line":558,"column":49},"end":{"line":558,"column":53}}],"line":558},"139":{"loc":{"start":{"line":568,"column":4},"end":{"line":571,"column":5}},"type":"if","locations":[{"start":{"line":568,"column":4},"end":{"line":571,"column":5}},{"start":{},"end":{}}],"line":568},"140":{"loc":{"start":{"line":577,"column":4},"end":{"line":585,"column":5}},"type":"if","locations":[{"start":{"line":577,"column":4},"end":{"line":585,"column":5}},{"start":{},"end":{}}],"line":577},"141":{"loc":{"start":{"line":581,"column":8},"end":{"line":583,"column":9}},"type":"if","locations":[{"start":{"line":581,"column":8},"end":{"line":583,"column":9}},{"start":{},"end":{}}],"line":581},"142":{"loc":{"start":{"line":581,"column":12},"end":{"line":581,"column":56}},"type":"binary-expr","locations":[{"start":{"line":581,"column":12},"end":{"line":581,"column":18}},{"start":{"line":581,"column":22},"end":{"line":581,"column":56}}],"line":581},"143":{"loc":{"start":{"line":582,"column":73},"end":{"line":582,"column":111}},"type":"cond-expr","locations":[{"start":{"line":582,"column":94},"end":{"line":582,"column":105}},{"start":{"line":582,"column":108},"end":{"line":582,"column":111}}],"line":582},"144":{"loc":{"start":{"line":582,"column":73},"end":{"line":582,"column":91}},"type":"binary-expr","locations":[{"start":{"line":582,"column":73},"end":{"line":582,"column":76}},{"start":{"line":582,"column":80},"end":{"line":582,"column":91}}],"line":582},"145":{"loc":{"start":{"line":587,"column":4},"end":{"line":590,"column":5}},"type":"if","locations":[{"start":{"line":587,"column":4},"end":{"line":590,"column":5}},{"start":{},"end":{}}],"line":587}},"s":{"0":1,"1":8,"2":8,"3":0,"4":8,"5":8,"6":8,"7":8,"8":8,"9":8,"10":8,"11":8,"12":8,"13":8,"14":8,"15":8,"16":8,"17":8,"18":8,"19":8,"20":8,"21":8,"22":8,"23":12,"24":1,"25":11,"26":10,"27":0,"28":10,"29":1,"30":0,"31":1,"32":0,"33":0,"34":0,"35":0,"36":0,"37":0,"38":0,"39":0,"40":1,"41":1,"42":0,"43":1,"44":1,"45":0,"46":0,"47":0,"48":0,"49":0,"50":0,"51":0,"52":0,"53":0,"54":0,"55":0,"56":0,"57":0,"58":0,"59":29,"60":27,"61":2,"62":60,"63":60,"64":60,"65":60,"66":8,"67":52,"68":52,"69":52,"70":52,"71":52,"72":19,"73":9,"74":8,"75":1,"76":0,"77":1,"78":2,"79":4,"80":6,"81":4,"82":2,"83":1,"84":2,"85":1,"86":1,"87":1,"88":0,"89":0,"90":8,"91":7,"92":1,"93":1,"94":1,"95":1,"96":0,"97":1,"98":1,"99":0,"100":1,"101":1,"102":0,"103":0,"104":0,"105":0,"106":0,"107":0,"108":0,"109":0,"110":10,"111":0,"112":10,"113":10,"114":4,"115":4,"116":4,"117":4,"118":6,"119":6,"120":3,"121":0,"122":3,"123":3,"124":3,"125":3,"126":3,"127":3,"128":2,"129":2,"130":2,"131":0,"132":2,"133":2,"134":2,"135":10,"136":10,"137":10,"138":1,"139":1,"140":9,"141":1,"142":1,"143":8,"144":10,"145":7,"146":3,"147":3,"148":3,"149":3,"150":4,"151":4,"152":1,"153":1,"154":3,"155":3,"156":3,"157":3,"158":3,"159":3,"160":3,"161":3,"162":0,"163":0,"164":0,"165":0,"166":0,"167":0,"168":0,"169":0,"170":0,"171":0,"172":0,"173":0,"174":0,"175":0,"176":0,"177":0,"178":6,"179":6,"180":0,"181":6,"182":6,"183":6,"184":6,"185":6,"186":6,"187":6,"188":6,"189":6,"190":6,"191":6,"192":6,"193":6,"194":0,"195":0,"196":0,"197":0,"198":0,"199":0,"200":0,"201":0,"202":6,"203":6,"204":6,"205":3,"206":6,"207":6,"208":6,"209":6,"210":0,"211":0,"212":8,"213":0,"214":8,"215":0,"216":8,"217":8,"218":8,"219":8,"220":8,"221":6,"222":6,"223":2,"224":4,"225":4,"226":3,"227":3,"228":1,"229":1,"230":0,"231":0,"232":8,"233":8,"234":16,"235":8,"236":16,"237":8,"238":16,"239":8,"240":16,"241":0,"242":16,"243":16,"244":16,"245":16,"246":8,"247":8,"248":0,"249":0,"250":0,"251":0,"252":0,"253":0,"254":0,"255":0,"256":0,"257":8,"258":0,"259":8,"260":8,"261":8,"262":8,"263":8,"264":8,"265":8,"266":8,"267":8,"268":8,"269":8,"270":8,"271":0,"272":8,"273":0,"274":8,"275":0,"276":0,"277":0,"278":0,"279":0,"280":0,"281":0,"282":0,"283":0,"284":8,"285":0,"286":8,"287":4,"288":4,"289":4,"290":4,"291":4,"292":4,"293":4,"294":4,"295":4,"296":3,"297":3,"298":1,"299":1,"300":0,"301":0,"302":4,"303":8,"304":0,"305":0,"306":0,"307":0,"308":8,"309":8,"310":8,"311":8,"312":8,"313":8,"314":8,"315":8,"316":1,"317":1,"318":8,"319":8,"320":8,"321":8,"322":8,"323":0,"324":0,"325":8,"326":0,"327":8,"328":8,"329":1,"330":1,"331":0,"332":0,"333":8,"334":8,"335":8,"336":8,"337":4,"338":2,"339":8,"340":1},"f":{"0":8,"1":12,"2":29,"3":60,"4":52,"5":19,"6":9,"7":2,"8":4,"9":6,"10":1,"11":8,"12":1,"13":0,"14":0,"15":0,"16":10,"17":3,"18":2,"19":10,"20":10,"21":0,"22":0,"23":6,"24":8,"25":6,"26":0,"27":16,"28":8,"29":0,"30":8,"31":8,"32":0,"33":0,"34":0,"35":0,"36":0,"37":0,"38":4,"39":0,"40":0,"41":8,"42":8,"43":1,"44":1,"45":8,"46":4,"47":2},"b":{"0":[0],"1":[0],"2":[0,8],"3":[8,0],"4":[8,0],"5":[8,0],"6":[8,0],"7":[8,0],"8":[8,2],"9":[1,11],"10":[12,12],"11":[10,1],"12":[0,10],"13":[0,1],"14":[0,1],"15":[0,0],"16":[0,0],"17":[1,0],"18":[0,1],"19":[1,0],"20":[1,1,1],"21":[0,0],"22":[0,0],"23":[0,0],"24":[0,0],"25":[0,0],"26":[0,0],"27":[0],"28":[27,2],"29":[8,52],"30":[52,0],"31":[8,1],"32":[0,1],"33":[1,1],"34":[4,0],"35":[4,0],"36":[4,2],"37":[1,1],"38":[0,0],"39":[0,0],"40":[0,0],"41":[0,0],"42":[7,1],"43":[1,0],"44":[0,1],"45":[1,1,1],"46":[0,1],"47":[1,0],"48":[1,0],"49":[0,0],"50":[0,0],"51":[0,0],"52":[0,0],"53":[0,0],"54":[0,10],"55":[10,10],"56":[6,0],"57":[6,6],"58":[0,3],"59":[3,0],"60":[2,2],"61":[2,2],"62":[2,0],"63":[2,2],"64":[2,2,0],"65":[1,1],"66":[2,2],"67":[2,2,0,0],"68":[0,2],"69":[10,10],"70":[10,10],"71":[10,10,0],"72":[10,10,0,0],"73":[9,1],"74":[10,10],"75":[1,9],"76":[10,10],"77":[1,8],"78":[7,3],"79":[10,10],"80":[1,3],"81":[3,0],"82":[0],"83":[0,0],"84":[0,0],"85":[0,0],"86":[0,0],"87":[0,0],"88":[0,0],"89":[0,6],"90":[6,6,6],"91":[0,0],"92":[0,0],"93":[0,0],"94":[0,0],"95":[0,0],"96":[6,0],"97":[6,6],"98":[3,3],"99":[0,6],"100":[0,8],"101":[8,8],"102":[0,8],"103":[8,0],"104":[8,0],"105":[2,4],"106":[3,1],"107":[0,0],"108":[0,0],"109":[0,0],"110":[0,0],"111":[8,8],"112":[8,8],"113":[8,8],"114":[0,16],"115":[8,0],"116":[0,8],"117":[8,8,8],"118":[8,8,8],"119":[0,8],"120":[0,0],"121":[0,0],"122":[0,0],"123":[4,0],"124":[4,4],"125":[4,0],"126":[3,1],"127":[0,0],"128":[0,0],"129":[0,0],"130":[0,0],"131":[0,0],"132":[0,0],"133":[0,0],"134":[0,0],"135":[1,7],"136":[8,8],"137":[1,1],"138":[1,0],"139":[0,8],"140":[1,7],"141":[0,0],"142":[0,0],"143":[0,0],"144":[0,0],"145":[8,0]},"_coverageSchema":"1a1c01bbd47fc00a2c39e90264f33305004495a9","hash":"cbcc4e8edf7f4a2adfde773c41041075832d6335"}
}
