{"/home/joss/IDA/driver/lib/format.js": {"path":"/home/joss/IDA/driver/lib/format.js","statementMap":{"0":{"start":{"line":2,"column":16},"end":{"line":2,"column":35}},"1":{"start":{"line":3,"column":2},"end":{"line":8,"column":28}},"2":{"start":{"line":12,"column":2},"end":{"line":12,"column":73}},"3":{"start":{"line":15,"column":0},"end":{"line":18,"column":2}}},"fnMap":{"0":{"name":"sanitizePrintableText","decl":{"start":{"line":1,"column":9},"end":{"line":1,"column":30}},"loc":{"start":{"line":1,"column":38},"end":{"line":9,"column":1}},"line":1},"1":{"name":"stripResidualTags","decl":{"start":{"line":11,"column":9},"end":{"line":11,"column":26}},"loc":{"start":{"line":11,"column":33},"end":{"line":13,"column":1}},"line":11}},"branchMap":{"0":{"loc":{"start":{"line":2,"column":23},"end":{"line":2,"column":34}},"type":"binary-expr","locations":[{"start":{"line":2,"column":23},"end":{"line":2,"column":28}},{"start":{"line":2,"column":32},"end":{"line":2,"column":34}}],"line":2},"1":{"loc":{"start":{"line":12,"column":16},"end":{"line":12,"column":26}},"type":"binary-expr","locations":[{"start":{"line":12,"column":16},"end":{"line":12,"column":20}},{"start":{"line":12,"column":24},"end":{"line":12,"column":26}}],"line":12}},"s":{"0":1,"1":1,"2":2,"3":1},"f":{"0":1,"1":2},"b":{"0":[1,0],"1":[2,0]},"_coverageSchema":"1a1c01bbd47fc00a2c39e90264f33305004495a9","hash":"9c311816869336123e95d1578ce0750de899d73e"}
,"/home/joss/IDA/driver/lib/queue.js": {"path":"/home/joss/IDA/driver/lib/queue.js","statementMap":{"0":{"start":{"line":2,"column":2},"end":{"line":6,"column":4}},"1":{"start":{"line":10,"column":2},"end":{"line":12,"column":3}},"2":{"start":{"line":11,"column":4},"end":{"line":11,"column":75}},"3":{"start":{"line":13,"column":2},"end":{"line":15,"column":3}},"4":{"start":{"line":14,"column":4},"end":{"line":14,"column":79}},"5":{"start":{"line":19,"column":2},"end":{"line":19,"column":28}},"6":{"start":{"line":21,"column":2},"end":{"line":37,"column":3}},"7":{"start":{"line":22,"column":18},"end":{"line":22,"column":35}},"8":{"start":{"line":23,"column":4},"end":{"line":25,"column":5}},"9":{"start":{"line":24,"column":6},"end":{"line":24,"column":64}},"10":{"start":{"line":27,"column":4},"end":{"line":30,"column":5}},"11":{"start":{"line":28,"column":20},"end":{"line":28,"column":63}},"12":{"start":{"line":29,"column":6},"end":{"line":29,"column":42}},"13":{"start":{"line":32,"column":4},"end":{"line":32,"column":37}},"14":{"start":{"line":34,"column":4},"end":{"line":36,"column":5}},"15":{"start":{"line":34,"column":49},"end":{"line":34,"column":74}},"16":{"start":{"line":35,"column":6},"end":{"line":35,"column":63}},"17":{"start":{"line":39,"column":2},"end":{"line":39,"column":86}},"18":{"start":{"line":40,"column":2},"end":{"line":40,"column":75}},"19":{"start":{"line":41,"column":2},"end":{"line":41,"column":28}},"20":{"start":{"line":45,"column":2},"end":{"line":47,"column":3}},"21":{"start":{"line":46,"column":4},"end":{"line":46,"column":15}},"22":{"start":{"line":48,"column":2},"end":{"line":50,"column":3}},"23":{"start":{"line":49,"column":4},"end":{"line":49,"column":15}},"24":{"start":{"line":51,"column":2},"end":{"line":51,"column":56}},"25":{"start":{"line":54,"column":0},"end":{"line":59,"column":2}}},"fnMap":{"0":{"name":"createQueueState","decl":{"start":{"line":1,"column":9},"end":{"line":1,"column":25}},"loc":{"start":{"line":1,"column":28},"end":{"line":7,"column":1}},"line":1},"1":{"name":"ensurePrinter","decl":{"start":{"line":9,"column":9},"end":{"line":9,"column":22}},"loc":{"start":{"line":9,"column":35},"end":{"line":16,"column":1}},"line":9},"2":{"name":"enqueueJob","decl":{"start":{"line":18,"column":9},"end":{"line":18,"column":19}},"loc":{"start":{"line":18,"column":37},"end":{"line":42,"column":1}},"line":18},"3":{"name":"(anonymous_3)","decl":{"start":{"line":34,"column":44},"end":{"line":34,"column":45}},"loc":{"start":{"line":34,"column":49},"end":{"line":34,"column":74}},"line":34},"4":{"name":"nextRetryDelay","decl":{"start":{"line":44,"column":9},"end":{"line":44,"column":23}},"loc":{"start":{"line":44,"column":50},"end":{"line":52,"column":1}},"line":44}},"branchMap":{"0":{"loc":{"start":{"line":10,"column":2},"end":{"line":12,"column":3}},"type":"if","locations":[{"start":{"line":10,"column":2},"end":{"line":12,"column":3}},{"start":{},"end":{}}],"line":10},"1":{"loc":{"start":{"line":13,"column":2},"end":{"line":15,"column":3}},"type":"if","locations":[{"start":{"line":13,"column":2},"end":{"line":15,"column":3}},{"start":{},"end":{}}],"line":13},"2":{"loc":{"start":{"line":21,"column":2},"end":{"line":37,"column":3}},"type":"if","locations":[{"start":{"line":21,"column":2},"end":{"line":37,"column":3}},{"start":{},"end":{}}],"line":21},"3":{"loc":{"start":{"line":23,"column":4},"end":{"line":25,"column":5}},"type":"if","locations":[{"start":{"line":23,"column":4},"end":{"line":25,"column":5}},{"start":{},"end":{}}],"line":23},"4":{"loc":{"start":{"line":27,"column":4},"end":{"line":30,"column":5}},"type":"if","locations":[{"start":{"line":27,"column":4},"end":{"line":30,"column":5}},{"start":{},"end":{}}],"line":27},"5":{"loc":{"start":{"line":34,"column":4},"end":{"line":36,"column":5}},"type":"if","locations":[{"start":{"line":34,"column":4},"end":{"line":36,"column":5}},{"start":{},"end":{}}],"line":34},"6":{"loc":{"start":{"line":39,"column":65},"end":{"line":39,"column":82}},"type":"binary-expr","locations":[{"start":{"line":39,"column":65},"end":{"line":39,"column":74}},{"start":{"line":39,"column":78},"end":{"line":39,"column":82}}],"line":39},"7":{"loc":{"start":{"line":45,"column":2},"end":{"line":47,"column":3}},"type":"if","locations":[{"start":{"line":45,"column":2},"end":{"line":47,"column":3}},{"start":{},"end":{}}],"line":45},"8":{"loc":{"start":{"line":48,"column":2},"end":{"line":50,"column":3}},"type":"if","locations":[{"start":{"line":48,"column":2},"end":{"line":50,"column":3}},{"start":{},"end":{}}],"line":48},"9":{"loc":{"start":{"line":48,"column":6},"end":{"line":48,"column":36}},"type":"binary-expr","locations":[{"start":{"line":48,"column":6},"end":{"line":48,"column":17}},{"start":{"line":48,"column":21},"end":{"line":48,"column":36}}],"line":48}},"s":{"0":12,"1":12,"2":8,"3":12,"4":8,"5":12,"6":12,"7":10,"8":10,"9":3,"10":7,"11":0,"12":0,"13":7,"14":7,"15":0,"16":0,"17":9,"18":9,"19":9,"20":5,"21":1,"22":4,"23":1,"24":3,"25":2},"f":{"0":12,"1":12,"2":12,"3":0,"4":5},"b":{"0":[8,4],"1":[8,4],"2":[10,2],"3":[3,7],"4":[0,7],"5":[0,7],"6":[9,2],"7":[1,4],"8":[1,3],"9":[4,3]},"_coverageSchema":"1a1c01bbd47fc00a2c39e90264f33305004495a9","hash":"d971ff76e7197466d81f3ec016622e74ab05ae57"}
,"/home/joss/IDA/driver/lib/runtime.js": {"path":"/home/joss/IDA/driver/lib/runtime.js","statementMap":{"0":{"start":{"line":1,"column":57},"end":{"line":1,"column":75}},"1":{"start":{"line":2,"column":15},"end":{"line":2,"column":32}},"2":{"start":{"line":16,"column":6},"end":{"line":16,"column":10}},"3":{"start":{"line":18,"column":2},"end":{"line":20,"column":3}},"4":{"start":{"line":19,"column":4},"end":{"line":19,"column":68}},"5":{"start":{"line":25,"column":38},"end":{"line":25,"column":103}},"6":{"start":{"line":26,"column":37},"end":{"line":28,"column":91}},"7":{"start":{"line":30,"column":14},"end":{"line":41,"column":3}},"8":{"start":{"line":43,"column":21},"end":{"line":43,"column":39}},"9":{"start":{"line":44,"column":17},"end":{"line":50,"column":3}},"10":{"start":{"line":51,"column":18},"end":{"line":63,"column":3}},"11":{"start":{"line":65,"column":11},"end":{"line":65,"column":15}},"12":{"start":{"line":66,"column":16},"end":{"line":66,"column":21}},"13":{"start":{"line":67,"column":26},"end":{"line":67,"column":27}},"14":{"start":{"line":68,"column":23},"end":{"line":68,"column":28}},"15":{"start":{"line":69,"column":27},"end":{"line":69,"column":32}},"16":{"start":{"line":70,"column":23},"end":{"line":70,"column":27}},"17":{"start":{"line":71,"column":25},"end":{"line":71,"column":29}},"18":{"start":{"line":72,"column":24},"end":{"line":72,"column":28}},"19":{"start":{"line":73,"column":23},"end":{"line":73,"column":27}},"20":{"start":{"line":74,"column":31},"end":{"line":74,"column":35}},"21":{"start":{"line":75,"column":16},"end":{"line":75,"column":20}},"22":{"start":{"line":77,"column":22},"end":{"line":77,"column":31}},"23":{"start":{"line":78,"column":22},"end":{"line":78,"column":31}},"24":{"start":{"line":79,"column":26},"end":{"line":79,"column":28}},"25":{"start":{"line":80,"column":27},"end":{"line":80,"column":36}},"26":{"start":{"line":83,"column":4},"end":{"line":83,"column":55}},"27":{"start":{"line":83,"column":43},"end":{"line":83,"column":55}},"28":{"start":{"line":85,"column":4},"end":{"line":88,"column":5}},"29":{"start":{"line":86,"column":6},"end":{"line":86,"column":45}},"30":{"start":{"line":86,"column":33},"end":{"line":86,"column":45}},"31":{"start":{"line":87,"column":6},"end":{"line":87,"column":37}},"32":{"start":{"line":90,"column":4},"end":{"line":92,"column":5}},"33":{"start":{"line":91,"column":6},"end":{"line":91,"column":25}},"34":{"start":{"line":94,"column":4},"end":{"line":105,"column":5}},"35":{"start":{"line":95,"column":18},"end":{"line":95,"column":28}},"36":{"start":{"line":96,"column":6},"end":{"line":96,"column":28}},"37":{"start":{"line":96,"column":16},"end":{"line":96,"column":28}},"38":{"start":{"line":97,"column":6},"end":{"line":103,"column":7}},"39":{"start":{"line":98,"column":8},"end":{"line":102,"column":9}},"40":{"start":{"line":99,"column":10},"end":{"line":99,"column":37}},"41":{"start":{"line":101,"column":10},"end":{"line":101,"column":21}},"42":{"start":{"line":104,"column":6},"end":{"line":104,"column":17}},"43":{"start":{"line":107,"column":4},"end":{"line":113,"column":5}},"44":{"start":{"line":108,"column":6},"end":{"line":108,"column":40}},"45":{"start":{"line":108,"column":28},"end":{"line":108,"column":40}},"46":{"start":{"line":109,"column":6},"end":{"line":111,"column":7}},"47":{"start":{"line":110,"column":8},"end":{"line":110,"column":38}},"48":{"start":{"line":112,"column":6},"end":{"line":112,"column":49}},"49":{"start":{"line":115,"column":4},"end":{"line":132,"column":5}},"50":{"start":{"line":116,"column":6},"end":{"line":118,"column":7}},"51":{"start":{"line":117,"column":8},"end":{"line":117,"column":47}},"52":{"start":{"line":119,"column":6},"end":{"line":121,"column":7}},"53":{"start":{"line":120,"column":8},"end":{"line":120,"column":41}},"54":{"start":{"line":122,"column":6},"end":{"line":124,"column":7}},"55":{"start":{"line":123,"column":8},"end":{"line":123,"column":38}},"56":{"start":{"line":125,"column":6},"end":{"line":127,"column":7}},"57":{"start":{"line":126,"column":8},"end":{"line":126,"column":41}},"58":{"start":{"line":128,"column":6},"end":{"line":130,"column":7}},"59":{"start":{"line":129,"column":8},"end":{"line":129,"column":45}},"60":{"start":{"line":131,"column":6},"end":{"line":131,"column":18}},"61":{"start":{"line":134,"column":4},"end":{"line":134,"column":16}},"62":{"start":{"line":138,"column":4},"end":{"line":138,"column":46}},"63":{"start":{"line":138,"column":39},"end":{"line":138,"column":46}},"64":{"start":{"line":139,"column":4},"end":{"line":139,"column":65}},"65":{"start":{"line":143,"column":4},"end":{"line":143,"column":44}},"66":{"start":{"line":144,"column":4},"end":{"line":144,"column":54}},"67":{"start":{"line":145,"column":4},"end":{"line":145,"column":50}},"68":{"start":{"line":146,"column":4},"end":{"line":148,"column":5}},"69":{"start":{"line":147,"column":6},"end":{"line":147,"column":32}},"70":{"start":{"line":152,"column":4},"end":{"line":152,"column":42}},"71":{"start":{"line":153,"column":4},"end":{"line":153,"column":52}},"72":{"start":{"line":154,"column":4},"end":{"line":156,"column":5}},"73":{"start":{"line":155,"column":6},"end":{"line":155,"column":28}},"74":{"start":{"line":157,"column":4},"end":{"line":157,"column":18}},"75":{"start":{"line":161,"column":4},"end":{"line":161,"column":29}},"76":{"start":{"line":165,"column":4},"end":{"line":165,"column":50}},"77":{"start":{"line":165,"column":38},"end":{"line":165,"column":50}},"78":{"start":{"line":166,"column":4},"end":{"line":166,"column":74}},"79":{"start":{"line":166,"column":62},"end":{"line":166,"column":74}},"80":{"start":{"line":167,"column":4},"end":{"line":167,"column":56}},"81":{"start":{"line":171,"column":4},"end":{"line":175,"column":8}},"82":{"start":{"line":171,"column":58},"end":{"line":175,"column":5}},"83":{"start":{"line":179,"column":4},"end":{"line":179,"column":54}},"84":{"start":{"line":179,"column":47},"end":{"line":179,"column":54}},"85":{"start":{"line":180,"column":4},"end":{"line":182,"column":5}},"86":{"start":{"line":181,"column":6},"end":{"line":181,"column":43}},"87":{"start":{"line":183,"column":4},"end":{"line":192,"column":40}},"88":{"start":{"line":184,"column":6},"end":{"line":184,"column":36}},"89":{"start":{"line":185,"column":6},"end":{"line":191,"column":7}},"90":{"start":{"line":186,"column":8},"end":{"line":186,"column":54}},"91":{"start":{"line":188,"column":8},"end":{"line":190,"column":9}},"92":{"start":{"line":189,"column":10},"end":{"line":189,"column":103}},"93":{"start":{"line":196,"column":4},"end":{"line":196,"column":54}},"94":{"start":{"line":196,"column":47},"end":{"line":196,"column":54}},"95":{"start":{"line":197,"column":4},"end":{"line":214,"column":5}},"96":{"start":{"line":198,"column":21},"end":{"line":198,"column":44}},"97":{"start":{"line":199,"column":6},"end":{"line":209,"column":9}},"98":{"start":{"line":200,"column":8},"end":{"line":200,"column":77}},"99":{"start":{"line":200,"column":70},"end":{"line":200,"column":77}},"100":{"start":{"line":201,"column":32},"end":{"line":201,"column":58}},"101":{"start":{"line":202,"column":8},"end":{"line":202,"column":37}},"102":{"start":{"line":202,"column":30},"end":{"line":202,"column":37}},"103":{"start":{"line":203,"column":19},"end":{"line":203,"column":42}},"104":{"start":{"line":204,"column":8},"end":{"line":208,"column":11}},"105":{"start":{"line":211,"column":6},"end":{"line":213,"column":7}},"106":{"start":{"line":212,"column":8},"end":{"line":212,"column":98}},"107":{"start":{"line":218,"column":4},"end":{"line":220,"column":5}},"108":{"start":{"line":219,"column":6},"end":{"line":219,"column":41}},"109":{"start":{"line":221,"column":18},"end":{"line":224,"column":15}},"110":{"start":{"line":222,"column":6},"end":{"line":222,"column":30}},"111":{"start":{"line":223,"column":6},"end":{"line":223,"column":40}},"112":{"start":{"line":225,"column":4},"end":{"line":225,"column":32}},"113":{"start":{"line":229,"column":4},"end":{"line":229,"column":70}},"114":{"start":{"line":229,"column":57},"end":{"line":229,"column":70}},"115":{"start":{"line":230,"column":4},"end":{"line":239,"column":5}},"116":{"start":{"line":231,"column":6},"end":{"line":231,"column":35}},"117":{"start":{"line":232,"column":6},"end":{"line":232,"column":27}},"118":{"start":{"line":233,"column":6},"end":{"line":233,"column":33}},"119":{"start":{"line":234,"column":6},"end":{"line":234,"column":20}},"120":{"start":{"line":235,"column":6},"end":{"line":235,"column":18}},"121":{"start":{"line":237,"column":6},"end":{"line":237,"column":83}},"122":{"start":{"line":238,"column":6},"end":{"line":238,"column":19}},"123":{"start":{"line":243,"column":4},"end":{"line":243,"column":23}},"124":{"start":{"line":243,"column":16},"end":{"line":243,"column":23}},"125":{"start":{"line":244,"column":15},"end":{"line":244,"column":28}},"126":{"start":{"line":245,"column":4},"end":{"line":249,"column":5}},"127":{"start":{"line":246,"column":6},"end":{"line":246,"column":67}},"128":{"start":{"line":247,"column":6},"end":{"line":247,"column":34}},"129":{"start":{"line":248,"column":6},"end":{"line":248,"column":47}},"130":{"start":{"line":250,"column":4},"end":{"line":250,"column":16}},"131":{"start":{"line":254,"column":18},"end":{"line":262,"column":5}},"132":{"start":{"line":263,"column":4},"end":{"line":263,"column":32}},"133":{"start":{"line":264,"column":4},"end":{"line":266,"column":5}},"134":{"start":{"line":265,"column":6},"end":{"line":265,"column":30}},"135":{"start":{"line":267,"column":4},"end":{"line":267,"column":34}},"136":{"start":{"line":268,"column":4},"end":{"line":268,"column":36}},"137":{"start":{"line":269,"column":4},"end":{"line":269,"column":16}},"138":{"start":{"line":273,"column":28},"end":{"line":273,"column":57}},"139":{"start":{"line":274,"column":23},"end":{"line":280,"column":5}},"140":{"start":{"line":282,"column":4},"end":{"line":285,"column":5}},"141":{"start":{"line":283,"column":6},"end":{"line":283,"column":51}},"142":{"start":{"line":284,"column":6},"end":{"line":284,"column":18}},"143":{"start":{"line":287,"column":4},"end":{"line":290,"column":5}},"144":{"start":{"line":288,"column":6},"end":{"line":288,"column":56}},"145":{"start":{"line":289,"column":6},"end":{"line":289,"column":18}},"146":{"start":{"line":292,"column":4},"end":{"line":292,"column":22}},"147":{"start":{"line":296,"column":4},"end":{"line":296,"column":61}},"148":{"start":{"line":296,"column":54},"end":{"line":296,"column":61}},"149":{"start":{"line":297,"column":4},"end":{"line":297,"column":30}},"150":{"start":{"line":298,"column":18},"end":{"line":298,"column":23}},"151":{"start":{"line":299,"column":4},"end":{"line":318,"column":5}},"152":{"start":{"line":300,"column":6},"end":{"line":311,"column":7}},"153":{"start":{"line":301,"column":19},"end":{"line":301,"column":52}},"154":{"start":{"line":302,"column":8},"end":{"line":310,"column":9}},"155":{"start":{"line":303,"column":10},"end":{"line":303,"column":33}},"156":{"start":{"line":304,"column":10},"end":{"line":304,"column":25}},"157":{"start":{"line":306,"column":10},"end":{"line":306,"column":28}},"158":{"start":{"line":307,"column":10},"end":{"line":307,"column":40}},"159":{"start":{"line":308,"column":10},"end":{"line":308,"column":35}},"160":{"start":{"line":309,"column":10},"end":{"line":309,"column":25}},"161":{"start":{"line":312,"column":6},"end":{"line":314,"column":7}},"162":{"start":{"line":313,"column":8},"end":{"line":313,"column":36}},"163":{"start":{"line":315,"column":6},"end":{"line":315,"column":18}},"164":{"start":{"line":317,"column":6},"end":{"line":317,"column":33}},"165":{"start":{"line":322,"column":16},"end":{"line":322,"column":44}},"166":{"start":{"line":323,"column":28},"end":{"line":323,"column":49}},"167":{"start":{"line":325,"column":4},"end":{"line":328,"column":5}},"168":{"start":{"line":326,"column":6},"end":{"line":326,"column":82}},"169":{"start":{"line":327,"column":6},"end":{"line":327,"column":59}},"170":{"start":{"line":330,"column":4},"end":{"line":333,"column":5}},"171":{"start":{"line":331,"column":6},"end":{"line":331,"column":87}},"172":{"start":{"line":332,"column":6},"end":{"line":332,"column":64}},"173":{"start":{"line":335,"column":19},"end":{"line":335,"column":81}},"174":{"start":{"line":336,"column":4},"end":{"line":343,"column":5}},"175":{"start":{"line":337,"column":6},"end":{"line":337,"column":40}},"176":{"start":{"line":338,"column":6},"end":{"line":338,"column":18}},"177":{"start":{"line":339,"column":6},"end":{"line":339,"column":79}},"178":{"start":{"line":341,"column":6},"end":{"line":341,"column":34}},"179":{"start":{"line":342,"column":6},"end":{"line":342,"column":101}},"180":{"start":{"line":344,"column":4},"end":{"line":344,"column":18}},"181":{"start":{"line":348,"column":20},"end":{"line":348,"column":49}},"182":{"start":{"line":349,"column":4},"end":{"line":349,"column":73}},"183":{"start":{"line":349,"column":66},"end":{"line":349,"column":73}},"184":{"start":{"line":351,"column":4},"end":{"line":351,"column":26}},"185":{"start":{"line":352,"column":17},"end":{"line":352,"column":38}},"186":{"start":{"line":353,"column":4},"end":{"line":353,"column":54}},"187":{"start":{"line":354,"column":4},"end":{"line":354,"column":16}},"188":{"start":{"line":356,"column":23},"end":{"line":356,"column":28}},"189":{"start":{"line":357,"column":4},"end":{"line":375,"column":5}},"190":{"start":{"line":358,"column":6},"end":{"line":358,"column":42}},"191":{"start":{"line":359,"column":6},"end":{"line":359,"column":26}},"192":{"start":{"line":360,"column":6},"end":{"line":360,"column":44}},"193":{"start":{"line":361,"column":6},"end":{"line":361,"column":44}},"194":{"start":{"line":362,"column":6},"end":{"line":362,"column":29}},"195":{"start":{"line":363,"column":6},"end":{"line":363,"column":29}},"196":{"start":{"line":364,"column":6},"end":{"line":364,"column":52}},"197":{"start":{"line":366,"column":6},"end":{"line":366,"column":89}},"198":{"start":{"line":367,"column":6},"end":{"line":367,"column":57}},"199":{"start":{"line":368,"column":6},"end":{"line":368,"column":34}},"200":{"start":{"line":369,"column":6},"end":{"line":369,"column":56}},"201":{"start":{"line":370,"column":6},"end":{"line":370,"column":32}},"202":{"start":{"line":371,"column":6},"end":{"line":371,"column":94}},"203":{"start":{"line":372,"column":6},"end":{"line":374,"column":7}},"204":{"start":{"line":373,"column":8},"end":{"line":373,"column":92}},"205":{"start":{"line":377,"column":4},"end":{"line":382,"column":5}},"206":{"start":{"line":378,"column":21},"end":{"line":378,"column":55}},"207":{"start":{"line":379,"column":6},"end":{"line":381,"column":7}},"208":{"start":{"line":380,"column":8},"end":{"line":380,"column":38}},"209":{"start":{"line":384,"column":4},"end":{"line":384,"column":27}},"210":{"start":{"line":385,"column":4},"end":{"line":385,"column":54}},"211":{"start":{"line":386,"column":4},"end":{"line":386,"column":16}},"212":{"start":{"line":388,"column":4},"end":{"line":391,"column":5}},"213":{"start":{"line":389,"column":20},"end":{"line":389,"column":68}},"214":{"start":{"line":390,"column":6},"end":{"line":390,"column":35}},"215":{"start":{"line":395,"column":4},"end":{"line":395,"column":73}},"216":{"start":{"line":395,"column":66},"end":{"line":395,"column":73}},"217":{"start":{"line":396,"column":4},"end":{"line":396,"column":31}},"218":{"start":{"line":396,"column":24},"end":{"line":396,"column":31}},"219":{"start":{"line":398,"column":4},"end":{"line":398,"column":26}},"220":{"start":{"line":399,"column":4},"end":{"line":435,"column":5}},"221":{"start":{"line":400,"column":19},"end":{"line":400,"column":56}},"222":{"start":{"line":401,"column":6},"end":{"line":401,"column":52}},"223":{"start":{"line":402,"column":6},"end":{"line":427,"column":9}},"224":{"start":{"line":403,"column":27},"end":{"line":403,"column":68}},"225":{"start":{"line":404,"column":8},"end":{"line":404,"column":32}},"226":{"start":{"line":404,"column":25},"end":{"line":404,"column":32}},"227":{"start":{"line":405,"column":23},"end":{"line":408,"column":10}},"228":{"start":{"line":409,"column":8},"end":{"line":426,"column":9}},"229":{"start":{"line":410,"column":10},"end":{"line":410,"column":83}},"230":{"start":{"line":411,"column":10},"end":{"line":416,"column":13}},"231":{"start":{"line":418,"column":10},"end":{"line":418,"column":38}},"232":{"start":{"line":419,"column":10},"end":{"line":425,"column":13}},"233":{"start":{"line":429,"column":6},"end":{"line":431,"column":7}},"234":{"start":{"line":430,"column":8},"end":{"line":430,"column":102}},"235":{"start":{"line":433,"column":6},"end":{"line":433,"column":29}},"236":{"start":{"line":434,"column":6},"end":{"line":434,"column":18}},"237":{"start":{"line":439,"column":4},"end":{"line":439,"column":54}},"238":{"start":{"line":439,"column":24},"end":{"line":439,"column":54}},"239":{"start":{"line":440,"column":4},"end":{"line":440,"column":58}},"240":{"start":{"line":440,"column":26},"end":{"line":440,"column":58}},"241":{"start":{"line":441,"column":4},"end":{"line":441,"column":56}},"242":{"start":{"line":441,"column":25},"end":{"line":441,"column":56}},"243":{"start":{"line":442,"column":4},"end":{"line":442,"column":69}},"244":{"start":{"line":442,"column":32},"end":{"line":442,"column":69}},"245":{"start":{"line":443,"column":4},"end":{"line":443,"column":26}},"246":{"start":{"line":444,"column":4},"end":{"line":444,"column":28}},"247":{"start":{"line":445,"column":4},"end":{"line":445,"column":27}},"248":{"start":{"line":446,"column":4},"end":{"line":446,"column":34}},"249":{"start":{"line":450,"column":4},"end":{"line":450,"column":24}},"250":{"start":{"line":450,"column":17},"end":{"line":450,"column":24}},"251":{"start":{"line":451,"column":4},"end":{"line":451,"column":27}},"252":{"start":{"line":452,"column":4},"end":{"line":452,"column":31}},"253":{"start":{"line":453,"column":4},"end":{"line":453,"column":18}},"254":{"start":{"line":454,"column":20},"end":{"line":454,"column":110}},"255":{"start":{"line":455,"column":19},"end":{"line":455,"column":51}},"256":{"start":{"line":456,"column":18},"end":{"line":456,"column":34}},"257":{"start":{"line":457,"column":4},"end":{"line":460,"column":14}},"258":{"start":{"line":458,"column":6},"end":{"line":458,"column":28}},"259":{"start":{"line":459,"column":6},"end":{"line":459,"column":24}},"260":{"start":{"line":464,"column":4},"end":{"line":464,"column":84}},"261":{"start":{"line":464,"column":77},"end":{"line":464,"column":84}},"262":{"start":{"line":465,"column":23},"end":{"line":465,"column":60}},"263":{"start":{"line":466,"column":18},"end":{"line":468,"column":74}},"264":{"start":{"line":469,"column":4},"end":{"line":469,"column":32}},"265":{"start":{"line":470,"column":4},"end":{"line":470,"column":19}},"266":{"start":{"line":472,"column":4},"end":{"line":498,"column":7}},"267":{"start":{"line":473,"column":6},"end":{"line":473,"column":28}},"268":{"start":{"line":474,"column":6},"end":{"line":474,"column":30}},"269":{"start":{"line":475,"column":6},"end":{"line":475,"column":18}},"270":{"start":{"line":477,"column":6},"end":{"line":477,"column":33}},"271":{"start":{"line":478,"column":6},"end":{"line":478,"column":30}},"272":{"start":{"line":479,"column":6},"end":{"line":479,"column":31}},"273":{"start":{"line":481,"column":6},"end":{"line":483,"column":36}},"274":{"start":{"line":482,"column":8},"end":{"line":482,"column":42}},"275":{"start":{"line":485,"column":6},"end":{"line":487,"column":35}},"276":{"start":{"line":486,"column":8},"end":{"line":486,"column":43}},"277":{"start":{"line":489,"column":6},"end":{"line":497,"column":36}},"278":{"start":{"line":490,"column":8},"end":{"line":490,"column":47}},"279":{"start":{"line":490,"column":40},"end":{"line":490,"column":47}},"280":{"start":{"line":491,"column":8},"end":{"line":494,"column":9}},"281":{"start":{"line":492,"column":10},"end":{"line":492,"column":46}},"282":{"start":{"line":492,"column":16},"end":{"line":492,"column":31}},"283":{"start":{"line":493,"column":10},"end":{"line":493,"column":17}},"284":{"start":{"line":495,"column":8},"end":{"line":495,"column":24}},"285":{"start":{"line":496,"column":8},"end":{"line":496,"column":39}},"286":{"start":{"line":496,"column":14},"end":{"line":496,"column":24}},"287":{"start":{"line":500,"column":4},"end":{"line":502,"column":7}},"288":{"start":{"line":501,"column":6},"end":{"line":501,"column":21}},"289":{"start":{"line":504,"column":4},"end":{"line":543,"column":7}},"290":{"start":{"line":505,"column":6},"end":{"line":505,"column":31}},"291":{"start":{"line":506,"column":6},"end":{"line":542,"column":7}},"292":{"start":{"line":507,"column":24},"end":{"line":507,"column":40}},"293":{"start":{"line":508,"column":8},"end":{"line":535,"column":9}},"294":{"start":{"line":509,"column":29},"end":{"line":509,"column":71}},"295":{"start":{"line":510,"column":10},"end":{"line":534,"column":11}},"296":{"start":{"line":511,"column":24},"end":{"line":511,"column":66}},"297":{"start":{"line":512,"column":27},"end":{"line":515,"column":14}},"298":{"start":{"line":516,"column":12},"end":{"line":533,"column":13}},"299":{"start":{"line":517,"column":14},"end":{"line":517,"column":48}},"300":{"start":{"line":518,"column":14},"end":{"line":523,"column":17}},"301":{"start":{"line":525,"column":14},"end":{"line":525,"column":42}},"302":{"start":{"line":526,"column":14},"end":{"line":532,"column":17}},"303":{"start":{"line":537,"column":8},"end":{"line":539,"column":9}},"304":{"start":{"line":538,"column":10},"end":{"line":538,"column":82}},"305":{"start":{"line":541,"column":8},"end":{"line":541,"column":22}},"306":{"start":{"line":545,"column":4},"end":{"line":551,"column":7}},"307":{"start":{"line":546,"column":6},"end":{"line":546,"column":31}},"308":{"start":{"line":547,"column":6},"end":{"line":547,"column":18}},"309":{"start":{"line":548,"column":6},"end":{"line":550,"column":7}},"310":{"start":{"line":549,"column":8},"end":{"line":549,"column":87}},"311":{"start":{"line":553,"column":4},"end":{"line":558,"column":7}},"312":{"start":{"line":554,"column":6},"end":{"line":554,"column":28}},"313":{"start":{"line":555,"column":6},"end":{"line":555,"column":31}},"314":{"start":{"line":556,"column":6},"end":{"line":556,"column":18}},"315":{"start":{"line":557,"column":6},"end":{"line":557,"column":32}},"316":{"start":{"line":562,"column":4},"end":{"line":562,"column":52}},"317":{"start":{"line":562,"column":42},"end":{"line":562,"column":52}},"318":{"start":{"line":563,"column":4},"end":{"line":566,"column":27}},"319":{"start":{"line":570,"column":4},"end":{"line":570,"column":20}},"320":{"start":{"line":571,"column":4},"end":{"line":571,"column":37}},"321":{"start":{"line":572,"column":4},"end":{"line":578,"column":6}},"322":{"start":{"line":575,"column":25},"end":{"line":575,"column":34}},"323":{"start":{"line":576,"column":22},"end":{"line":576,"column":54}},"324":{"start":{"line":579,"column":4},"end":{"line":579,"column":16}},"325":{"start":{"line":580,"column":4},"end":{"line":580,"column":22}},"326":{"start":{"line":584,"column":4},"end":{"line":584,"column":19}},"327":{"start":{"line":585,"column":4},"end":{"line":585,"column":26}},"328":{"start":{"line":586,"column":4},"end":{"line":589,"column":5}},"329":{"start":{"line":587,"column":6},"end":{"line":587,"column":35}},"330":{"start":{"line":588,"column":6},"end":{"line":588,"column":28}},"331":{"start":{"line":590,"column":4},"end":{"line":592,"column":5}},"332":{"start":{"line":591,"column":6},"end":{"line":591,"column":26}},"333":{"start":{"line":593,"column":4},"end":{"line":593,"column":24}},"334":{"start":{"line":595,"column":4},"end":{"line":603,"column":5}},"335":{"start":{"line":596,"column":6},"end":{"line":602,"column":7}},"336":{"start":{"line":597,"column":8},"end":{"line":597,"column":54}},"337":{"start":{"line":599,"column":8},"end":{"line":601,"column":9}},"338":{"start":{"line":600,"column":10},"end":{"line":600,"column":113}},"339":{"start":{"line":605,"column":4},"end":{"line":608,"column":5}},"340":{"start":{"line":606,"column":6},"end":{"line":606,"column":38}},"341":{"start":{"line":606,"column":12},"end":{"line":606,"column":23}},"342":{"start":{"line":607,"column":6},"end":{"line":607,"column":16}},"343":{"start":{"line":612,"column":4},"end":{"line":612,"column":18}},"344":{"start":{"line":616,"column":4},"end":{"line":616,"column":58}},"345":{"start":{"line":619,"column":2},"end":{"line":627,"column":4}},"346":{"start":{"line":630,"column":0},"end":{"line":632,"column":2}}},"fnMap":{"0":{"name":"createRuntime","decl":{"start":{"line":4,"column":9},"end":{"line":4,"column":22}},"loc":{"start":{"line":4,"column":43},"end":{"line":628,"column":1}},"line":4},"1":{"name":"normalizeJobId","decl":{"start":{"line":82,"column":11},"end":{"line":82,"column":25}},"loc":{"start":{"line":82,"column":31},"end":{"line":135,"column":3}},"line":82},"2":{"name":"audit","decl":{"start":{"line":137,"column":11},"end":{"line":137,"column":16}},"loc":{"start":{"line":137,"column":38},"end":{"line":140,"column":3}},"line":137},"3":{"name":"emitMetrics","decl":{"start":{"line":142,"column":11},"end":{"line":142,"column":22}},"loc":{"start":{"line":142,"column":25},"end":{"line":149,"column":3}},"line":142},"4":{"name":"emitState","decl":{"start":{"line":151,"column":11},"end":{"line":151,"column":20}},"loc":{"start":{"line":151,"column":23},"end":{"line":158,"column":3}},"line":151},"5":{"name":"queueKey","decl":{"start":{"line":160,"column":11},"end":{"line":160,"column":19}},"loc":{"start":{"line":160,"column":32},"end":{"line":162,"column":3}},"line":160},"6":{"name":"isPrinterAllowed","decl":{"start":{"line":164,"column":11},"end":{"line":164,"column":27}},"loc":{"start":{"line":164,"column":40},"end":{"line":168,"column":3}},"line":164},"7":{"name":"serializePendingAcks","decl":{"start":{"line":170,"column":11},"end":{"line":170,"column":31}},"loc":{"start":{"line":170,"column":34},"end":{"line":176,"column":3}},"line":170},"8":{"name":"(anonymous_8)","decl":{"start":{"line":171,"column":48},"end":{"line":171,"column":49}},"loc":{"start":{"line":171,"column":58},"end":{"line":175,"column":5}},"line":171},"9":{"name":"schedulePendingAckPersist","decl":{"start":{"line":178,"column":11},"end":{"line":178,"column":36}},"loc":{"start":{"line":178,"column":39},"end":{"line":193,"column":3}},"line":178},"10":{"name":"(anonymous_10)","decl":{"start":{"line":183,"column":40},"end":{"line":183,"column":41}},"loc":{"start":{"line":183,"column":52},"end":{"line":192,"column":5}},"line":183},"11":{"name":"hydratePendingAcks","decl":{"start":{"line":195,"column":17},"end":{"line":195,"column":35}},"loc":{"start":{"line":195,"column":38},"end":{"line":215,"column":3}},"line":195},"12":{"name":"(anonymous_12)","decl":{"start":{"line":199,"column":29},"end":{"line":199,"column":30}},"loc":{"start":{"line":199,"column":39},"end":{"line":209,"column":7}},"line":199},"13":{"name":"scheduleQueueRun","decl":{"start":{"line":217,"column":11},"end":{"line":217,"column":27}},"loc":{"start":{"line":217,"column":42},"end":{"line":226,"column":3}},"line":217},"14":{"name":"(anonymous_14)","decl":{"start":{"line":221,"column":29},"end":{"line":221,"column":30}},"loc":{"start":{"line":221,"column":35},"end":{"line":224,"column":5}},"line":221},"15":{"name":"(anonymous_15)","decl":{"start":{"line":223,"column":30},"end":{"line":223,"column":31}},"loc":{"start":{"line":223,"column":36},"end":{"line":223,"column":38}},"line":223},"16":{"name":"tryMarkCompleted","decl":{"start":{"line":228,"column":17},"end":{"line":228,"column":33}},"loc":{"start":{"line":228,"column":41},"end":{"line":240,"column":3}},"line":228},"17":{"name":"enqueuePendingAck","decl":{"start":{"line":242,"column":11},"end":{"line":242,"column":28}},"loc":{"start":{"line":242,"column":36},"end":{"line":251,"column":3}},"line":242},"18":{"name":"quarantineJob","decl":{"start":{"line":253,"column":11},"end":{"line":253,"column":24}},"loc":{"start":{"line":253,"column":46},"end":{"line":270,"column":3}},"line":253},"19":{"name":"normalizeIncomingJob","decl":{"start":{"line":272,"column":11},"end":{"line":272,"column":31}},"loc":{"start":{"line":272,"column":45},"end":{"line":293,"column":3}},"line":272},"20":{"name":"flushPendingAcks","decl":{"start":{"line":295,"column":17},"end":{"line":295,"column":33}},"loc":{"start":{"line":295,"column":36},"end":{"line":319,"column":3}},"line":295},"21":{"name":"addToQueue","decl":{"start":{"line":321,"column":11},"end":{"line":321,"column":21}},"loc":{"start":{"line":321,"column":55},"end":{"line":345,"column":3}},"line":321},"22":{"name":"(anonymous_22)","decl":{"start":{"line":337,"column":30},"end":{"line":337,"column":31}},"loc":{"start":{"line":337,"column":36},"end":{"line":337,"column":38}},"line":337},"23":{"name":"processQueue","decl":{"start":{"line":347,"column":17},"end":{"line":347,"column":29}},"loc":{"start":{"line":347,"column":35},"end":{"line":392,"column":3}},"line":347},"24":{"name":"syncPendingJobs","decl":{"start":{"line":394,"column":17},"end":{"line":394,"column":32}},"loc":{"start":{"line":394,"column":35},"end":{"line":436,"column":3}},"line":394},"25":{"name":"(anonymous_25)","decl":{"start":{"line":402,"column":27},"end":{"line":402,"column":28}},"loc":{"start":{"line":402,"column":36},"end":{"line":427,"column":7}},"line":402},"26":{"name":"(anonymous_26)","decl":{"start":{"line":410,"column":73},"end":{"line":410,"column":74}},"loc":{"start":{"line":410,"column":79},"end":{"line":410,"column":81}},"line":410},"27":{"name":"clearPeriodicTimers","decl":{"start":{"line":438,"column":11},"end":{"line":438,"column":30}},"loc":{"start":{"line":438,"column":33},"end":{"line":447,"column":3}},"line":438},"28":{"name":"scheduleReconnect","decl":{"start":{"line":449,"column":11},"end":{"line":449,"column":28}},"loc":{"start":{"line":449,"column":37},"end":{"line":461,"column":3}},"line":449},"29":{"name":"(anonymous_29)","decl":{"start":{"line":457,"column":32},"end":{"line":457,"column":33}},"loc":{"start":{"line":457,"column":38},"end":{"line":460,"column":5}},"line":457},"30":{"name":"connectWs","decl":{"start":{"line":463,"column":11},"end":{"line":463,"column":20}},"loc":{"start":{"line":463,"column":29},"end":{"line":559,"column":3}},"line":463},"31":{"name":"(anonymous_31)","decl":{"start":{"line":472,"column":18},"end":{"line":472,"column":19}},"loc":{"start":{"line":472,"column":30},"end":{"line":498,"column":5}},"line":472},"32":{"name":"(anonymous_32)","decl":{"start":{"line":481,"column":37},"end":{"line":481,"column":38}},"loc":{"start":{"line":481,"column":43},"end":{"line":483,"column":7}},"line":481},"33":{"name":"(anonymous_33)","decl":{"start":{"line":482,"column":32},"end":{"line":482,"column":33}},"loc":{"start":{"line":482,"column":38},"end":{"line":482,"column":40}},"line":482},"34":{"name":"(anonymous_34)","decl":{"start":{"line":485,"column":36},"end":{"line":485,"column":37}},"loc":{"start":{"line":485,"column":42},"end":{"line":487,"column":7}},"line":485},"35":{"name":"(anonymous_35)","decl":{"start":{"line":486,"column":33},"end":{"line":486,"column":34}},"loc":{"start":{"line":486,"column":39},"end":{"line":486,"column":41}},"line":486},"36":{"name":"(anonymous_36)","decl":{"start":{"line":489,"column":35},"end":{"line":489,"column":36}},"loc":{"start":{"line":489,"column":41},"end":{"line":497,"column":7}},"line":489},"37":{"name":"(anonymous_37)","decl":{"start":{"line":500,"column":18},"end":{"line":500,"column":19}},"loc":{"start":{"line":500,"column":24},"end":{"line":502,"column":5}},"line":500},"38":{"name":"(anonymous_38)","decl":{"start":{"line":504,"column":21},"end":{"line":504,"column":22}},"loc":{"start":{"line":504,"column":31},"end":{"line":543,"column":5}},"line":504},"39":{"name":"(anonymous_39)","decl":{"start":{"line":517,"column":38},"end":{"line":517,"column":39}},"loc":{"start":{"line":517,"column":44},"end":{"line":517,"column":46}},"line":517},"40":{"name":"(anonymous_40)","decl":{"start":{"line":545,"column":19},"end":{"line":545,"column":20}},"loc":{"start":{"line":545,"column":28},"end":{"line":551,"column":5}},"line":545},"41":{"name":"(anonymous_41)","decl":{"start":{"line":553,"column":19},"end":{"line":553,"column":20}},"loc":{"start":{"line":553,"column":25},"end":{"line":558,"column":5}},"line":553},"42":{"name":"getTenantPrintToken","decl":{"start":{"line":561,"column":11},"end":{"line":561,"column":30}},"loc":{"start":{"line":561,"column":39},"end":{"line":567,"column":3}},"line":561},"43":{"name":"start","decl":{"start":{"line":569,"column":11},"end":{"line":569,"column":16}},"loc":{"start":{"line":569,"column":25},"end":{"line":581,"column":3}},"line":569},"44":{"name":"(anonymous_44)","decl":{"start":{"line":575,"column":18},"end":{"line":575,"column":19}},"loc":{"start":{"line":575,"column":25},"end":{"line":575,"column":34}},"line":575},"45":{"name":"(anonymous_45)","decl":{"start":{"line":576,"column":15},"end":{"line":576,"column":16}},"loc":{"start":{"line":576,"column":22},"end":{"line":576,"column":54}},"line":576},"46":{"name":"stop","decl":{"start":{"line":583,"column":17},"end":{"line":583,"column":21}},"loc":{"start":{"line":583,"column":24},"end":{"line":609,"column":3}},"line":583},"47":{"name":"getStatus","decl":{"start":{"line":611,"column":11},"end":{"line":611,"column":20}},"loc":{"start":{"line":611,"column":23},"end":{"line":613,"column":3}},"line":611},"48":{"name":"getMetrics","decl":{"start":{"line":615,"column":11},"end":{"line":615,"column":21}},"loc":{"start":{"line":615,"column":24},"end":{"line":617,"column":3}},"line":615}},"branchMap":{"0":{"loc":{"start":{"line":4,"column":29},"end":{"line":4,"column":41}},"type":"default-arg","locations":[{"start":{"line":4,"column":39},"end":{"line":4,"column":41}}],"line":4},"1":{"loc":{"start":{"line":15,"column":4},"end":{"line":15,"column":20}},"type":"default-arg","locations":[{"start":{"line":15,"column":13},"end":{"line":15,"column":20}}],"line":15},"2":{"loc":{"start":{"line":18,"column":2},"end":{"line":20,"column":3}},"type":"if","locations":[{"start":{"line":18,"column":2},"end":{"line":20,"column":3}},{"start":{},"end":{}}],"line":18},"3":{"loc":{"start":{"line":26,"column":37},"end":{"line":28,"column":91}},"type":"cond-expr","locations":[{"start":{"line":27,"column":6},"end":{"line":27,"column":30}},{"start":{"line":28,"column":7},"end":{"line":28,"column":90}}],"line":26},"4":{"loc":{"start":{"line":28,"column":7},"end":{"line":28,"column":90}},"type":"binary-expr","locations":[{"start":{"line":28,"column":7},"end":{"line":28,"column":41}},{"start":{"line":28,"column":45},"end":{"line":28,"column":84}},{"start":{"line":28,"column":88},"end":{"line":28,"column":90}}],"line":28},"5":{"loc":{"start":{"line":32,"column":27},"end":{"line":32,"column":65}},"type":"binary-expr","locations":[{"start":{"line":32,"column":27},"end":{"line":32,"column":56}},{"start":{"line":32,"column":60},"end":{"line":32,"column":65}}],"line":32},"6":{"loc":{"start":{"line":33,"column":26},"end":{"line":33,"column":63}},"type":"binary-expr","locations":[{"start":{"line":33,"column":26},"end":{"line":33,"column":54}},{"start":{"line":33,"column":58},"end":{"line":33,"column":63}}],"line":33},"7":{"loc":{"start":{"line":34,"column":27},"end":{"line":34,"column":65}},"type":"binary-expr","locations":[{"start":{"line":34,"column":27},"end":{"line":34,"column":56}},{"start":{"line":34,"column":60},"end":{"line":34,"column":65}}],"line":34},"8":{"loc":{"start":{"line":35,"column":23},"end":{"line":35,"column":56}},"type":"binary-expr","locations":[{"start":{"line":35,"column":23},"end":{"line":35,"column":48}},{"start":{"line":35,"column":52},"end":{"line":35,"column":56}}],"line":35},"9":{"loc":{"start":{"line":36,"column":22},"end":{"line":36,"column":55}},"type":"binary-expr","locations":[{"start":{"line":36,"column":22},"end":{"line":36,"column":46}},{"start":{"line":36,"column":50},"end":{"line":36,"column":55}}],"line":36},"10":{"loc":{"start":{"line":37,"column":22},"end":{"line":37,"column":54}},"type":"binary-expr","locations":[{"start":{"line":37,"column":22},"end":{"line":37,"column":48}},{"start":{"line":37,"column":52},"end":{"line":37,"column":54}}],"line":37},"11":{"loc":{"start":{"line":38,"column":33},"end":{"line":38,"column":75}},"type":"binary-expr","locations":[{"start":{"line":38,"column":33},"end":{"line":38,"column":68}},{"start":{"line":38,"column":72},"end":{"line":38,"column":75}}],"line":38},"12":{"loc":{"start":{"line":83,"column":4},"end":{"line":83,"column":55}},"type":"if","locations":[{"start":{"line":83,"column":4},"end":{"line":83,"column":55}},{"start":{},"end":{}}],"line":83},"13":{"loc":{"start":{"line":83,"column":8},"end":{"line":83,"column":41}},"type":"binary-expr","locations":[{"start":{"line":83,"column":8},"end":{"line":83,"column":20}},{"start":{"line":83,"column":24},"end":{"line":83,"column":41}}],"line":83},"14":{"loc":{"start":{"line":85,"column":4},"end":{"line":88,"column":5}},"type":"if","locations":[{"start":{"line":85,"column":4},"end":{"line":88,"column":5}},{"start":{},"end":{}}],"line":85},"15":{"loc":{"start":{"line":86,"column":6},"end":{"line":86,"column":45}},"type":"if","locations":[{"start":{"line":86,"column":6},"end":{"line":86,"column":45}},{"start":{},"end":{}}],"line":86},"16":{"loc":{"start":{"line":90,"column":4},"end":{"line":92,"column":5}},"type":"if","locations":[{"start":{"line":90,"column":4},"end":{"line":92,"column":5}},{"start":{},"end":{}}],"line":90},"17":{"loc":{"start":{"line":94,"column":4},"end":{"line":105,"column":5}},"type":"if","locations":[{"start":{"line":94,"column":4},"end":{"line":105,"column":5}},{"start":{},"end":{}}],"line":94},"18":{"loc":{"start":{"line":96,"column":6},"end":{"line":96,"column":28}},"type":"if","locations":[{"start":{"line":96,"column":6},"end":{"line":96,"column":28}},{"start":{},"end":{}}],"line":96},"19":{"loc":{"start":{"line":97,"column":6},"end":{"line":103,"column":7}},"type":"if","locations":[{"start":{"line":97,"column":6},"end":{"line":103,"column":7}},{"start":{},"end":{}}],"line":97},"20":{"loc":{"start":{"line":107,"column":4},"end":{"line":113,"column":5}},"type":"if","locations":[{"start":{"line":107,"column":4},"end":{"line":113,"column":5}},{"start":{},"end":{}}],"line":107},"21":{"loc":{"start":{"line":108,"column":6},"end":{"line":108,"column":40}},"type":"if","locations":[{"start":{"line":108,"column":6},"end":{"line":108,"column":40}},{"start":{},"end":{}}],"line":108},"22":{"loc":{"start":{"line":109,"column":6},"end":{"line":111,"column":7}},"type":"if","locations":[{"start":{"line":109,"column":6},"end":{"line":111,"column":7}},{"start":{},"end":{}}],"line":109},"23":{"loc":{"start":{"line":109,"column":10},"end":{"line":109,"column":87}},"type":"binary-expr","locations":[{"start":{"line":109,"column":10},"end":{"line":109,"column":25}},{"start":{"line":109,"column":29},"end":{"line":109,"column":55}},{"start":{"line":109,"column":59},"end":{"line":109,"column":87}}],"line":109},"24":{"loc":{"start":{"line":115,"column":4},"end":{"line":132,"column":5}},"type":"if","locations":[{"start":{"line":115,"column":4},"end":{"line":132,"column":5}},{"start":{},"end":{}}],"line":115},"25":{"loc":{"start":{"line":116,"column":6},"end":{"line":118,"column":7}},"type":"if","locations":[{"start":{"line":116,"column":6},"end":{"line":118,"column":7}},{"start":{},"end":{}}],"line":116},"26":{"loc":{"start":{"line":119,"column":6},"end":{"line":121,"column":7}},"type":"if","locations":[{"start":{"line":119,"column":6},"end":{"line":121,"column":7}},{"start":{},"end":{}}],"line":119},"27":{"loc":{"start":{"line":122,"column":6},"end":{"line":124,"column":7}},"type":"if","locations":[{"start":{"line":122,"column":6},"end":{"line":124,"column":7}},{"start":{},"end":{}}],"line":122},"28":{"loc":{"start":{"line":125,"column":6},"end":{"line":127,"column":7}},"type":"if","locations":[{"start":{"line":125,"column":6},"end":{"line":127,"column":7}},{"start":{},"end":{}}],"line":125},"29":{"loc":{"start":{"line":128,"column":6},"end":{"line":130,"column":7}},"type":"if","locations":[{"start":{"line":128,"column":6},"end":{"line":130,"column":7}},{"start":{},"end":{}}],"line":128},"30":{"loc":{"start":{"line":137,"column":24},"end":{"line":137,"column":36}},"type":"default-arg","locations":[{"start":{"line":137,"column":34},"end":{"line":137,"column":36}}],"line":137},"31":{"loc":{"start":{"line":138,"column":4},"end":{"line":138,"column":46}},"type":"if","locations":[{"start":{"line":138,"column":4},"end":{"line":138,"column":46}},{"start":{},"end":{}}],"line":138},"32":{"loc":{"start":{"line":146,"column":4},"end":{"line":148,"column":5}},"type":"if","locations":[{"start":{"line":146,"column":4},"end":{"line":148,"column":5}},{"start":{},"end":{}}],"line":146},"33":{"loc":{"start":{"line":154,"column":4},"end":{"line":156,"column":5}},"type":"if","locations":[{"start":{"line":154,"column":4},"end":{"line":156,"column":5}},{"start":{},"end":{}}],"line":154},"34":{"loc":{"start":{"line":165,"column":4},"end":{"line":165,"column":50}},"type":"if","locations":[{"start":{"line":165,"column":4},"end":{"line":165,"column":50}},{"start":{},"end":{}}],"line":165},"35":{"loc":{"start":{"line":166,"column":4},"end":{"line":166,"column":74}},"type":"if","locations":[{"start":{"line":166,"column":4},"end":{"line":166,"column":74}},{"start":{},"end":{}}],"line":166},"36":{"loc":{"start":{"line":166,"column":8},"end":{"line":166,"column":60}},"type":"binary-expr","locations":[{"start":{"line":166,"column":8},"end":{"line":166,"column":27}},{"start":{"line":166,"column":31},"end":{"line":166,"column":60}}],"line":166},"37":{"loc":{"start":{"line":173,"column":16},"end":{"line":173,"column":33}},"type":"binary-expr","locations":[{"start":{"line":173,"column":16},"end":{"line":173,"column":28}},{"start":{"line":173,"column":32},"end":{"line":173,"column":33}}],"line":173},"38":{"loc":{"start":{"line":174,"column":17},"end":{"line":174,"column":38}},"type":"binary-expr","locations":[{"start":{"line":174,"column":17},"end":{"line":174,"column":30}},{"start":{"line":174,"column":34},"end":{"line":174,"column":38}}],"line":174},"39":{"loc":{"start":{"line":179,"column":4},"end":{"line":179,"column":54}},"type":"if","locations":[{"start":{"line":179,"column":4},"end":{"line":179,"column":54}},{"start":{},"end":{}}],"line":179},"40":{"loc":{"start":{"line":180,"column":4},"end":{"line":182,"column":5}},"type":"if","locations":[{"start":{"line":180,"column":4},"end":{"line":182,"column":5}},{"start":{},"end":{}}],"line":180},"41":{"loc":{"start":{"line":188,"column":8},"end":{"line":190,"column":9}},"type":"if","locations":[{"start":{"line":188,"column":8},"end":{"line":190,"column":9}},{"start":{},"end":{}}],"line":188},"42":{"loc":{"start":{"line":188,"column":12},"end":{"line":188,"column":56}},"type":"binary-expr","locations":[{"start":{"line":188,"column":12},"end":{"line":188,"column":18}},{"start":{"line":188,"column":22},"end":{"line":188,"column":56}}],"line":188},"43":{"loc":{"start":{"line":189,"column":63},"end":{"line":189,"column":101}},"type":"cond-expr","locations":[{"start":{"line":189,"column":84},"end":{"line":189,"column":95}},{"start":{"line":189,"column":98},"end":{"line":189,"column":101}}],"line":189},"44":{"loc":{"start":{"line":189,"column":63},"end":{"line":189,"column":81}},"type":"binary-expr","locations":[{"start":{"line":189,"column":63},"end":{"line":189,"column":66}},{"start":{"line":189,"column":70},"end":{"line":189,"column":81}}],"line":189},"45":{"loc":{"start":{"line":196,"column":4},"end":{"line":196,"column":54}},"type":"if","locations":[{"start":{"line":196,"column":4},"end":{"line":196,"column":54}},{"start":{},"end":{}}],"line":196},"46":{"loc":{"start":{"line":199,"column":7},"end":{"line":199,"column":19}},"type":"binary-expr","locations":[{"start":{"line":199,"column":7},"end":{"line":199,"column":13}},{"start":{"line":199,"column":17},"end":{"line":199,"column":19}}],"line":199},"47":{"loc":{"start":{"line":200,"column":8},"end":{"line":200,"column":77}},"type":"if","locations":[{"start":{"line":200,"column":8},"end":{"line":200,"column":77}},{"start":{},"end":{}}],"line":200},"48":{"loc":{"start":{"line":200,"column":12},"end":{"line":200,"column":68}},"type":"binary-expr","locations":[{"start":{"line":200,"column":12},"end":{"line":200,"column":17}},{"start":{"line":200,"column":21},"end":{"line":200,"column":45}},{"start":{"line":200,"column":49},"end":{"line":200,"column":68}}],"line":200},"49":{"loc":{"start":{"line":202,"column":8},"end":{"line":202,"column":37}},"type":"if","locations":[{"start":{"line":202,"column":8},"end":{"line":202,"column":37}},{"start":{},"end":{}}],"line":202},"50":{"loc":{"start":{"line":206,"column":27},"end":{"line":206,"column":45}},"type":"binary-expr","locations":[{"start":{"line":206,"column":27},"end":{"line":206,"column":40}},{"start":{"line":206,"column":44},"end":{"line":206,"column":45}}],"line":206},"51":{"loc":{"start":{"line":207,"column":21},"end":{"line":207,"column":43}},"type":"binary-expr","locations":[{"start":{"line":207,"column":21},"end":{"line":207,"column":35}},{"start":{"line":207,"column":39},"end":{"line":207,"column":43}}],"line":207},"52":{"loc":{"start":{"line":211,"column":6},"end":{"line":213,"column":7}},"type":"if","locations":[{"start":{"line":211,"column":6},"end":{"line":213,"column":7}},{"start":{},"end":{}}],"line":211},"53":{"loc":{"start":{"line":211,"column":10},"end":{"line":211,"column":54}},"type":"binary-expr","locations":[{"start":{"line":211,"column":10},"end":{"line":211,"column":16}},{"start":{"line":211,"column":20},"end":{"line":211,"column":54}}],"line":211},"54":{"loc":{"start":{"line":212,"column":58},"end":{"line":212,"column":96}},"type":"cond-expr","locations":[{"start":{"line":212,"column":79},"end":{"line":212,"column":90}},{"start":{"line":212,"column":93},"end":{"line":212,"column":96}}],"line":212},"55":{"loc":{"start":{"line":212,"column":58},"end":{"line":212,"column":76}},"type":"binary-expr","locations":[{"start":{"line":212,"column":58},"end":{"line":212,"column":61}},{"start":{"line":212,"column":65},"end":{"line":212,"column":76}}],"line":212},"56":{"loc":{"start":{"line":218,"column":4},"end":{"line":220,"column":5}},"type":"if","locations":[{"start":{"line":218,"column":4},"end":{"line":220,"column":5}},{"start":{},"end":{}}],"line":218},"57":{"loc":{"start":{"line":229,"column":4},"end":{"line":229,"column":70}},"type":"if","locations":[{"start":{"line":229,"column":4},"end":{"line":229,"column":70}},{"start":{},"end":{}}],"line":229},"58":{"loc":{"start":{"line":229,"column":8},"end":{"line":229,"column":55}},"type":"binary-expr","locations":[{"start":{"line":229,"column":8},"end":{"line":229,"column":14}},{"start":{"line":229,"column":18},"end":{"line":229,"column":55}}],"line":229},"59":{"loc":{"start":{"line":237,"column":41},"end":{"line":237,"column":79}},"type":"cond-expr","locations":[{"start":{"line":237,"column":58},"end":{"line":237,"column":67}},{"start":{"line":237,"column":70},"end":{"line":237,"column":79}}],"line":237},"60":{"loc":{"start":{"line":237,"column":41},"end":{"line":237,"column":55}},"type":"binary-expr","locations":[{"start":{"line":237,"column":41},"end":{"line":237,"column":42}},{"start":{"line":237,"column":46},"end":{"line":237,"column":55}}],"line":237},"61":{"loc":{"start":{"line":243,"column":4},"end":{"line":243,"column":23}},"type":"if","locations":[{"start":{"line":243,"column":4},"end":{"line":243,"column":23}},{"start":{},"end":{}}],"line":243},"62":{"loc":{"start":{"line":245,"column":4},"end":{"line":249,"column":5}},"type":"if","locations":[{"start":{"line":245,"column":4},"end":{"line":249,"column":5}},{"start":{},"end":{}}],"line":245},"63":{"loc":{"start":{"line":257,"column":10},"end":{"line":257,"column":23}},"type":"binary-expr","locations":[{"start":{"line":257,"column":10},"end":{"line":257,"column":13}},{"start":{"line":257,"column":17},"end":{"line":257,"column":23}}],"line":257},"64":{"loc":{"start":{"line":258,"column":14},"end":{"line":258,"column":31}},"type":"binary-expr","locations":[{"start":{"line":258,"column":14},"end":{"line":258,"column":17}},{"start":{"line":258,"column":21},"end":{"line":258,"column":31}}],"line":258},"65":{"loc":{"start":{"line":259,"column":11},"end":{"line":259,"column":79}},"type":"cond-expr","locations":[{"start":{"line":259,"column":27},"end":{"line":259,"column":72}},{"start":{"line":259,"column":75},"end":{"line":259,"column":79}}],"line":259},"66":{"loc":{"start":{"line":259,"column":11},"end":{"line":259,"column":24}},"type":"binary-expr","locations":[{"start":{"line":259,"column":11},"end":{"line":259,"column":14}},{"start":{"line":259,"column":18},"end":{"line":259,"column":24}}],"line":259},"67":{"loc":{"start":{"line":259,"column":44},"end":{"line":259,"column":71}},"type":"binary-expr","locations":[{"start":{"line":259,"column":45},"end":{"line":259,"column":48}},{"start":{"line":259,"column":52},"end":{"line":259,"column":62}},{"start":{"line":259,"column":67},"end":{"line":259,"column":71}}],"line":259},"68":{"loc":{"start":{"line":260,"column":16},"end":{"line":260,"column":86}},"type":"cond-expr","locations":[{"start":{"line":260,"column":73},"end":{"line":260,"column":79}},{"start":{"line":260,"column":82},"end":{"line":260,"column":86}}],"line":260},"69":{"loc":{"start":{"line":260,"column":16},"end":{"line":260,"column":70}},"type":"binary-expr","locations":[{"start":{"line":260,"column":16},"end":{"line":260,"column":19}},{"start":{"line":260,"column":23},"end":{"line":260,"column":70}}],"line":260},"70":{"loc":{"start":{"line":261,"column":27},"end":{"line":261,"column":75}},"type":"binary-expr","locations":[{"start":{"line":261,"column":28},"end":{"line":261,"column":31}},{"start":{"line":261,"column":36},"end":{"line":261,"column":45}},{"start":{"line":261,"column":49},"end":{"line":261,"column":67}},{"start":{"line":261,"column":73},"end":{"line":261,"column":75}}],"line":261},"71":{"loc":{"start":{"line":264,"column":4},"end":{"line":266,"column":5}},"type":"if","locations":[{"start":{"line":264,"column":4},"end":{"line":266,"column":5}},{"start":{},"end":{}}],"line":264},"72":{"loc":{"start":{"line":273,"column":43},"end":{"line":273,"column":56}},"type":"binary-expr","locations":[{"start":{"line":273,"column":43},"end":{"line":273,"column":46}},{"start":{"line":273,"column":50},"end":{"line":273,"column":56}}],"line":273},"73":{"loc":{"start":{"line":275,"column":10},"end":{"line":275,"column":23}},"type":"binary-expr","locations":[{"start":{"line":275,"column":10},"end":{"line":275,"column":13}},{"start":{"line":275,"column":17},"end":{"line":275,"column":23}}],"line":275},"74":{"loc":{"start":{"line":276,"column":14},"end":{"line":276,"column":41}},"type":"binary-expr","locations":[{"start":{"line":276,"column":15},"end":{"line":276,"column":18}},{"start":{"line":276,"column":22},"end":{"line":276,"column":32}},{"start":{"line":276,"column":37},"end":{"line":276,"column":41}}],"line":276},"75":{"loc":{"start":{"line":277,"column":13},"end":{"line":277,"column":61}},"type":"binary-expr","locations":[{"start":{"line":277,"column":14},"end":{"line":277,"column":17}},{"start":{"line":277,"column":22},"end":{"line":277,"column":31}},{"start":{"line":277,"column":35},"end":{"line":277,"column":53}},{"start":{"line":277,"column":59},"end":{"line":277,"column":61}}],"line":277},"76":{"loc":{"start":{"line":279,"column":16},"end":{"line":279,"column":86}},"type":"cond-expr","locations":[{"start":{"line":279,"column":73},"end":{"line":279,"column":79}},{"start":{"line":279,"column":82},"end":{"line":279,"column":86}}],"line":279},"77":{"loc":{"start":{"line":279,"column":16},"end":{"line":279,"column":70}},"type":"binary-expr","locations":[{"start":{"line":279,"column":16},"end":{"line":279,"column":19}},{"start":{"line":279,"column":23},"end":{"line":279,"column":70}}],"line":279},"78":{"loc":{"start":{"line":282,"column":4},"end":{"line":285,"column":5}},"type":"if","locations":[{"start":{"line":282,"column":4},"end":{"line":285,"column":5}},{"start":{},"end":{}}],"line":282},"79":{"loc":{"start":{"line":282,"column":8},"end":{"line":282,"column":45}},"type":"binary-expr","locations":[{"start":{"line":282,"column":8},"end":{"line":282,"column":24}},{"start":{"line":282,"column":28},"end":{"line":282,"column":45}}],"line":282},"80":{"loc":{"start":{"line":287,"column":4},"end":{"line":290,"column":5}},"type":"if","locations":[{"start":{"line":287,"column":4},"end":{"line":290,"column":5}},{"start":{},"end":{}}],"line":287},"81":{"loc":{"start":{"line":296,"column":4},"end":{"line":296,"column":61}},"type":"if","locations":[{"start":{"line":296,"column":4},"end":{"line":296,"column":61}},{"start":{},"end":{}}],"line":296},"82":{"loc":{"start":{"line":296,"column":8},"end":{"line":296,"column":52}},"type":"binary-expr","locations":[{"start":{"line":296,"column":8},"end":{"line":296,"column":26}},{"start":{"line":296,"column":30},"end":{"line":296,"column":52}}],"line":296},"83":{"loc":{"start":{"line":302,"column":8},"end":{"line":310,"column":9}},"type":"if","locations":[{"start":{"line":302,"column":8},"end":{"line":310,"column":9}},{"start":{"line":305,"column":15},"end":{"line":310,"column":9}}],"line":302},"84":{"loc":{"start":{"line":312,"column":6},"end":{"line":314,"column":7}},"type":"if","locations":[{"start":{"line":312,"column":6},"end":{"line":314,"column":7}},{"start":{},"end":{}}],"line":312},"85":{"loc":{"start":{"line":321,"column":41},"end":{"line":321,"column":53}},"type":"default-arg","locations":[{"start":{"line":321,"column":49},"end":{"line":321,"column":53}}],"line":321},"86":{"loc":{"start":{"line":322,"column":29},"end":{"line":322,"column":43}},"type":"binary-expr","locations":[{"start":{"line":322,"column":29},"end":{"line":322,"column":35}},{"start":{"line":322,"column":39},"end":{"line":322,"column":43}}],"line":322},"87":{"loc":{"start":{"line":325,"column":4},"end":{"line":328,"column":5}},"type":"if","locations":[{"start":{"line":325,"column":4},"end":{"line":328,"column":5}},{"start":{},"end":{}}],"line":325},"88":{"loc":{"start":{"line":325,"column":8},"end":{"line":325,"column":44}},"type":"binary-expr","locations":[{"start":{"line":325,"column":8},"end":{"line":325,"column":24}},{"start":{"line":325,"column":28},"end":{"line":325,"column":44}}],"line":325},"89":{"loc":{"start":{"line":330,"column":4},"end":{"line":333,"column":5}},"type":"if","locations":[{"start":{"line":330,"column":4},"end":{"line":333,"column":5}},{"start":{},"end":{}}],"line":330},"90":{"loc":{"start":{"line":330,"column":30},"end":{"line":330,"column":44}},"type":"binary-expr","locations":[{"start":{"line":330,"column":30},"end":{"line":330,"column":36}},{"start":{"line":330,"column":40},"end":{"line":330,"column":44}}],"line":330},"91":{"loc":{"start":{"line":336,"column":4},"end":{"line":343,"column":5}},"type":"if","locations":[{"start":{"line":336,"column":4},"end":{"line":343,"column":5}},{"start":{"line":340,"column":11},"end":{"line":343,"column":5}}],"line":336},"92":{"loc":{"start":{"line":349,"column":4},"end":{"line":349,"column":73}},"type":"if","locations":[{"start":{"line":349,"column":4},"end":{"line":349,"column":73}},{"start":{},"end":{}}],"line":349},"93":{"loc":{"start":{"line":349,"column":8},"end":{"line":349,"column":64}},"type":"binary-expr","locations":[{"start":{"line":349,"column":8},"end":{"line":349,"column":16}},{"start":{"line":349,"column":20},"end":{"line":349,"column":34}},{"start":{"line":349,"column":38},"end":{"line":349,"column":64}}],"line":349},"94":{"loc":{"start":{"line":366,"column":39},"end":{"line":366,"column":88}},"type":"cond-expr","locations":[{"start":{"line":366,"column":60},"end":{"line":366,"column":71}},{"start":{"line":366,"column":74},"end":{"line":366,"column":88}}],"line":366},"95":{"loc":{"start":{"line":366,"column":39},"end":{"line":366,"column":57}},"type":"binary-expr","locations":[{"start":{"line":366,"column":39},"end":{"line":366,"column":42}},{"start":{"line":366,"column":46},"end":{"line":366,"column":57}}],"line":366},"96":{"loc":{"start":{"line":367,"column":28},"end":{"line":367,"column":51}},"type":"binary-expr","locations":[{"start":{"line":367,"column":28},"end":{"line":367,"column":46}},{"start":{"line":367,"column":50},"end":{"line":367,"column":51}}],"line":367},"97":{"loc":{"start":{"line":372,"column":6},"end":{"line":374,"column":7}},"type":"if","locations":[{"start":{"line":372,"column":6},"end":{"line":374,"column":7}},{"start":{},"end":{}}],"line":372},"98":{"loc":{"start":{"line":372,"column":10},"end":{"line":372,"column":54}},"type":"binary-expr","locations":[{"start":{"line":372,"column":10},"end":{"line":372,"column":16}},{"start":{"line":372,"column":20},"end":{"line":372,"column":54}}],"line":372},"99":{"loc":{"start":{"line":377,"column":4},"end":{"line":382,"column":5}},"type":"if","locations":[{"start":{"line":377,"column":4},"end":{"line":382,"column":5}},{"start":{},"end":{}}],"line":377},"100":{"loc":{"start":{"line":377,"column":8},"end":{"line":377,"column":34}},"type":"binary-expr","locations":[{"start":{"line":377,"column":8},"end":{"line":377,"column":20}},{"start":{"line":377,"column":24},"end":{"line":377,"column":34}}],"line":377},"101":{"loc":{"start":{"line":379,"column":6},"end":{"line":381,"column":7}},"type":"if","locations":[{"start":{"line":379,"column":6},"end":{"line":381,"column":7}},{"start":{},"end":{}}],"line":379},"102":{"loc":{"start":{"line":388,"column":4},"end":{"line":391,"column":5}},"type":"if","locations":[{"start":{"line":388,"column":4},"end":{"line":391,"column":5}},{"start":{},"end":{}}],"line":388},"103":{"loc":{"start":{"line":395,"column":4},"end":{"line":395,"column":73}},"type":"if","locations":[{"start":{"line":395,"column":4},"end":{"line":395,"column":73}},{"start":{},"end":{}}],"line":395},"104":{"loc":{"start":{"line":395,"column":8},"end":{"line":395,"column":64}},"type":"binary-expr","locations":[{"start":{"line":395,"column":8},"end":{"line":395,"column":22}},{"start":{"line":395,"column":26},"end":{"line":395,"column":64}}],"line":395},"105":{"loc":{"start":{"line":396,"column":4},"end":{"line":396,"column":31}},"type":"if","locations":[{"start":{"line":396,"column":4},"end":{"line":396,"column":31}},{"start":{},"end":{}}],"line":396},"106":{"loc":{"start":{"line":401,"column":33},"end":{"line":401,"column":43}},"type":"binary-expr","locations":[{"start":{"line":401,"column":33},"end":{"line":401,"column":37}},{"start":{"line":401,"column":41},"end":{"line":401,"column":43}}],"line":401},"107":{"loc":{"start":{"line":402,"column":7},"end":{"line":402,"column":17}},"type":"binary-expr","locations":[{"start":{"line":402,"column":7},"end":{"line":402,"column":11}},{"start":{"line":402,"column":15},"end":{"line":402,"column":17}}],"line":402},"108":{"loc":{"start":{"line":404,"column":8},"end":{"line":404,"column":32}},"type":"if","locations":[{"start":{"line":404,"column":8},"end":{"line":404,"column":32}},{"start":{},"end":{}}],"line":404},"109":{"loc":{"start":{"line":409,"column":8},"end":{"line":426,"column":9}},"type":"if","locations":[{"start":{"line":409,"column":8},"end":{"line":426,"column":9}},{"start":{"line":417,"column":15},"end":{"line":426,"column":9}}],"line":409},"110":{"loc":{"start":{"line":429,"column":6},"end":{"line":431,"column":7}},"type":"if","locations":[{"start":{"line":429,"column":6},"end":{"line":431,"column":7}},{"start":{},"end":{}}],"line":429},"111":{"loc":{"start":{"line":429,"column":10},"end":{"line":429,"column":54}},"type":"binary-expr","locations":[{"start":{"line":429,"column":10},"end":{"line":429,"column":16}},{"start":{"line":429,"column":20},"end":{"line":429,"column":54}}],"line":429},"112":{"loc":{"start":{"line":430,"column":62},"end":{"line":430,"column":100}},"type":"cond-expr","locations":[{"start":{"line":430,"column":83},"end":{"line":430,"column":94}},{"start":{"line":430,"column":97},"end":{"line":430,"column":100}}],"line":430},"113":{"loc":{"start":{"line":430,"column":62},"end":{"line":430,"column":80}},"type":"binary-expr","locations":[{"start":{"line":430,"column":62},"end":{"line":430,"column":65}},{"start":{"line":430,"column":69},"end":{"line":430,"column":80}}],"line":430},"114":{"loc":{"start":{"line":439,"column":4},"end":{"line":439,"column":54}},"type":"if","locations":[{"start":{"line":439,"column":4},"end":{"line":439,"column":54}},{"start":{},"end":{}}],"line":439},"115":{"loc":{"start":{"line":440,"column":4},"end":{"line":440,"column":58}},"type":"if","locations":[{"start":{"line":440,"column":4},"end":{"line":440,"column":58}},{"start":{},"end":{}}],"line":440},"116":{"loc":{"start":{"line":441,"column":4},"end":{"line":441,"column":56}},"type":"if","locations":[{"start":{"line":441,"column":4},"end":{"line":441,"column":56}},{"start":{},"end":{}}],"line":441},"117":{"loc":{"start":{"line":442,"column":4},"end":{"line":442,"column":69}},"type":"if","locations":[{"start":{"line":442,"column":4},"end":{"line":442,"column":69}},{"start":{},"end":{}}],"line":442},"118":{"loc":{"start":{"line":450,"column":4},"end":{"line":450,"column":24}},"type":"if","locations":[{"start":{"line":450,"column":4},"end":{"line":450,"column":24}},{"start":{},"end":{}}],"line":450},"119":{"loc":{"start":{"line":464,"column":4},"end":{"line":464,"column":84}},"type":"if","locations":[{"start":{"line":464,"column":4},"end":{"line":464,"column":84}},{"start":{},"end":{}}],"line":464},"120":{"loc":{"start":{"line":464,"column":8},"end":{"line":464,"column":75}},"type":"binary-expr","locations":[{"start":{"line":464,"column":8},"end":{"line":464,"column":15}},{"start":{"line":464,"column":19},"end":{"line":464,"column":34}},{"start":{"line":464,"column":38},"end":{"line":464,"column":75}}],"line":464},"121":{"loc":{"start":{"line":466,"column":18},"end":{"line":468,"column":74}},"type":"cond-expr","locations":[{"start":{"line":467,"column":8},"end":{"line":467,"column":114}},{"start":{"line":468,"column":8},"end":{"line":468,"column":74}}],"line":466},"122":{"loc":{"start":{"line":490,"column":8},"end":{"line":490,"column":47}},"type":"if","locations":[{"start":{"line":490,"column":8},"end":{"line":490,"column":47}},{"start":{},"end":{}}],"line":490},"123":{"loc":{"start":{"line":490,"column":12},"end":{"line":490,"column":38}},"type":"binary-expr","locations":[{"start":{"line":490,"column":12},"end":{"line":490,"column":15}},{"start":{"line":490,"column":19},"end":{"line":490,"column":38}}],"line":490},"124":{"loc":{"start":{"line":491,"column":8},"end":{"line":494,"column":9}},"type":"if","locations":[{"start":{"line":491,"column":8},"end":{"line":494,"column":9}},{"start":{},"end":{}}],"line":491},"125":{"loc":{"start":{"line":508,"column":8},"end":{"line":535,"column":9}},"type":"if","locations":[{"start":{"line":508,"column":8},"end":{"line":535,"column":9}},{"start":{},"end":{}}],"line":508},"126":{"loc":{"start":{"line":508,"column":12},"end":{"line":508,"column":39}},"type":"binary-expr","locations":[{"start":{"line":508,"column":12},"end":{"line":508,"column":25}},{"start":{"line":508,"column":29},"end":{"line":508,"column":39}}],"line":508},"127":{"loc":{"start":{"line":510,"column":10},"end":{"line":534,"column":11}},"type":"if","locations":[{"start":{"line":510,"column":10},"end":{"line":534,"column":11}},{"start":{},"end":{}}],"line":510},"128":{"loc":{"start":{"line":516,"column":12},"end":{"line":533,"column":13}},"type":"if","locations":[{"start":{"line":516,"column":12},"end":{"line":533,"column":13}},{"start":{"line":524,"column":19},"end":{"line":533,"column":13}}],"line":516},"129":{"loc":{"start":{"line":537,"column":8},"end":{"line":539,"column":9}},"type":"if","locations":[{"start":{"line":537,"column":8},"end":{"line":539,"column":9}},{"start":{},"end":{}}],"line":537},"130":{"loc":{"start":{"line":537,"column":12},"end":{"line":537,"column":56}},"type":"binary-expr","locations":[{"start":{"line":537,"column":12},"end":{"line":537,"column":18}},{"start":{"line":537,"column":22},"end":{"line":537,"column":56}}],"line":537},"131":{"loc":{"start":{"line":538,"column":50},"end":{"line":538,"column":80}},"type":"cond-expr","locations":[{"start":{"line":538,"column":67},"end":{"line":538,"column":76}},{"start":{"line":538,"column":79},"end":{"line":538,"column":80}}],"line":538},"132":{"loc":{"start":{"line":538,"column":50},"end":{"line":538,"column":64}},"type":"binary-expr","locations":[{"start":{"line":538,"column":50},"end":{"line":538,"column":51}},{"start":{"line":538,"column":55},"end":{"line":538,"column":64}}],"line":538},"133":{"loc":{"start":{"line":548,"column":6},"end":{"line":550,"column":7}},"type":"if","locations":[{"start":{"line":548,"column":6},"end":{"line":550,"column":7}},{"start":{},"end":{}}],"line":548},"134":{"loc":{"start":{"line":548,"column":10},"end":{"line":548,"column":54}},"type":"binary-expr","locations":[{"start":{"line":548,"column":10},"end":{"line":548,"column":16}},{"start":{"line":548,"column":20},"end":{"line":548,"column":54}}],"line":548},"135":{"loc":{"start":{"line":549,"column":47},"end":{"line":549,"column":85}},"type":"cond-expr","locations":[{"start":{"line":549,"column":68},"end":{"line":549,"column":79}},{"start":{"line":549,"column":82},"end":{"line":549,"column":85}}],"line":549},"136":{"loc":{"start":{"line":549,"column":47},"end":{"line":549,"column":65}},"type":"binary-expr","locations":[{"start":{"line":549,"column":47},"end":{"line":549,"column":50}},{"start":{"line":549,"column":54},"end":{"line":549,"column":65}}],"line":549},"137":{"loc":{"start":{"line":562,"column":4},"end":{"line":562,"column":52}},"type":"if","locations":[{"start":{"line":562,"column":4},"end":{"line":562,"column":52}},{"start":{},"end":{}}],"line":562},"138":{"loc":{"start":{"line":562,"column":8},"end":{"line":562,"column":40}},"type":"binary-expr","locations":[{"start":{"line":562,"column":8},"end":{"line":562,"column":29}},{"start":{"line":562,"column":33},"end":{"line":562,"column":40}}],"line":562},"139":{"loc":{"start":{"line":573,"column":6},"end":{"line":577,"column":12}},"type":"cond-expr","locations":[{"start":{"line":574,"column":10},"end":{"line":576,"column":55}},{"start":{"line":577,"column":10},"end":{"line":577,"column":12}}],"line":573},"140":{"loc":{"start":{"line":573,"column":20},"end":{"line":573,"column":47}},"type":"binary-expr","locations":[{"start":{"line":573,"column":20},"end":{"line":573,"column":26}},{"start":{"line":573,"column":30},"end":{"line":573,"column":47}}],"line":573},"141":{"loc":{"start":{"line":575,"column":25},"end":{"line":575,"column":34}},"type":"binary-expr","locations":[{"start":{"line":575,"column":25},"end":{"line":575,"column":26}},{"start":{"line":575,"column":30},"end":{"line":575,"column":34}}],"line":575},"142":{"loc":{"start":{"line":576,"column":37},"end":{"line":576,"column":53}},"type":"binary-expr","locations":[{"start":{"line":576,"column":37},"end":{"line":576,"column":45}},{"start":{"line":576,"column":49},"end":{"line":576,"column":53}}],"line":576},"143":{"loc":{"start":{"line":586,"column":4},"end":{"line":589,"column":5}},"type":"if","locations":[{"start":{"line":586,"column":4},"end":{"line":589,"column":5}},{"start":{},"end":{}}],"line":586},"144":{"loc":{"start":{"line":595,"column":4},"end":{"line":603,"column":5}},"type":"if","locations":[{"start":{"line":595,"column":4},"end":{"line":603,"column":5}},{"start":{},"end":{}}],"line":595},"145":{"loc":{"start":{"line":599,"column":8},"end":{"line":601,"column":9}},"type":"if","locations":[{"start":{"line":599,"column":8},"end":{"line":601,"column":9}},{"start":{},"end":{}}],"line":599},"146":{"loc":{"start":{"line":599,"column":12},"end":{"line":599,"column":56}},"type":"binary-expr","locations":[{"start":{"line":599,"column":12},"end":{"line":599,"column":18}},{"start":{"line":599,"column":22},"end":{"line":599,"column":56}}],"line":599},"147":{"loc":{"start":{"line":600,"column":73},"end":{"line":600,"column":111}},"type":"cond-expr","locations":[{"start":{"line":600,"column":94},"end":{"line":600,"column":105}},{"start":{"line":600,"column":108},"end":{"line":600,"column":111}}],"line":600},"148":{"loc":{"start":{"line":600,"column":73},"end":{"line":600,"column":91}},"type":"binary-expr","locations":[{"start":{"line":600,"column":73},"end":{"line":600,"column":76}},{"start":{"line":600,"column":80},"end":{"line":600,"column":91}}],"line":600},"149":{"loc":{"start":{"line":605,"column":4},"end":{"line":608,"column":5}},"type":"if","locations":[{"start":{"line":605,"column":4},"end":{"line":608,"column":5}},{"start":{},"end":{}}],"line":605}},"s":{"0":1,"1":1,"2":10,"3":10,"4":0,"5":10,"6":10,"7":10,"8":10,"9":10,"10":10,"11":10,"12":10,"13":10,"14":10,"15":10,"16":10,"17":10,"18":10,"19":10,"20":10,"21":10,"22":10,"23":10,"24":10,"25":10,"26":12,"27":1,"28":11,"29":10,"30":0,"31":10,"32":1,"33":0,"34":1,"35":0,"36":0,"37":0,"38":0,"39":0,"40":0,"41":0,"42":0,"43":1,"44":1,"45":0,"46":1,"47":1,"48":0,"49":0,"50":0,"51":0,"52":0,"53":0,"54":0,"55":0,"56":0,"57":0,"58":0,"59":0,"60":0,"61":0,"62":29,"63":27,"64":2,"65":64,"66":64,"67":64,"68":64,"69":8,"70":56,"71":56,"72":56,"73":56,"74":56,"75":19,"76":9,"77":8,"78":1,"79":0,"80":1,"81":2,"82":4,"83":6,"84":4,"85":2,"86":1,"87":2,"88":1,"89":1,"90":1,"91":0,"92":0,"93":8,"94":7,"95":1,"96":1,"97":1,"98":1,"99":0,"100":1,"101":1,"102":0,"103":1,"104":1,"105":0,"106":0,"107":0,"108":0,"109":0,"110":0,"111":0,"112":0,"113":10,"114":0,"115":10,"116":10,"117":4,"118":4,"119":4,"120":4,"121":6,"122":6,"123":3,"124":0,"125":3,"126":3,"127":3,"128":3,"129":3,"130":3,"131":2,"132":2,"133":2,"134":0,"135":2,"136":2,"137":2,"138":10,"139":10,"140":10,"141":1,"142":1,"143":9,"144":1,"145":1,"146":8,"147":10,"148":7,"149":3,"150":3,"151":3,"152":3,"153":4,"154":4,"155":1,"156":1,"157":3,"158":3,"159":3,"160":3,"161":3,"162":3,"163":3,"164":3,"165":0,"166":0,"167":0,"168":0,"169":0,"170":0,"171":0,"172":0,"173":0,"174":0,"175":0,"176":0,"177":0,"178":0,"179":0,"180":0,"181":6,"182":6,"183":0,"184":6,"185":6,"186":6,"187":6,"188":6,"189":6,"190":6,"191":6,"192":6,"193":6,"194":6,"195":6,"196":6,"197":0,"198":0,"199":0,"200":0,"201":0,"202":0,"203":0,"204":0,"205":6,"206":6,"207":6,"208":3,"209":6,"210":6,"211":6,"212":6,"213":0,"214":0,"215":8,"216":0,"217":8,"218":0,"219":8,"220":8,"221":8,"222":8,"223":8,"224":6,"225":6,"226":2,"227":4,"228":4,"229":3,"230":3,"231":1,"232":1,"233":0,"234":0,"235":8,"236":8,"237":20,"238":8,"239":20,"240":8,"241":20,"242":8,"243":20,"244":0,"245":20,"246":20,"247":20,"248":20,"249":10,"250":10,"251":0,"252":0,"253":0,"254":0,"255":0,"256":0,"257":0,"258":0,"259":0,"260":10,"261":0,"262":10,"263":10,"264":10,"265":10,"266":10,"267":8,"268":8,"269":8,"270":8,"271":8,"272":8,"273":8,"274":0,"275":8,"276":0,"277":8,"278":0,"279":0,"280":0,"281":0,"282":0,"283":0,"284":0,"285":0,"286":0,"287":10,"288":0,"289":10,"290":4,"291":4,"292":4,"293":4,"294":4,"295":4,"296":4,"297":4,"298":4,"299":3,"300":3,"301":1,"302":1,"303":0,"304":0,"305":4,"306":10,"307":0,"308":0,"309":0,"310":0,"311":10,"312":10,"313":10,"314":10,"315":10,"316":10,"317":9,"318":1,"319":10,"320":10,"321":10,"322":1,"323":1,"324":10,"325":10,"326":10,"327":10,"328":10,"329":0,"330":0,"331":10,"332":0,"333":10,"334":10,"335":1,"336":1,"337":0,"338":0,"339":10,"340":10,"341":10,"342":10,"343":4,"344":2,"345":10,"346":1},"f":{"0":10,"1":12,"2":29,"3":64,"4":56,"5":19,"6":9,"7":2,"8":4,"9":6,"10":1,"11":8,"12":1,"13":0,"14":0,"15":0,"16":10,"17":3,"18":2,"19":10,"20":10,"21":0,"22":0,"23":6,"24":8,"25":6,"26":0,"27":20,"28":10,"29":0,"30":10,"31":8,"32":0,"33":0,"34":0,"35":0,"36":0,"37":0,"38":4,"39":0,"40":0,"41":10,"42":10,"43":10,"44":1,"45":1,"46":10,"47":4,"48":2},"b":{"0":[0],"1":[0],"2":[0,10],"3":[2,8],"4":[8,8,8],"5":[10,0],"6":[10,0],"7":[10,0],"8":[10,0],"9":[10,0],"10":[10,9],"11":[10,4],"12":[1,11],"13":[12,12],"14":[10,1],"15":[0,10],"16":[0,1],"17":[0,1],"18":[0,0],"19":[0,0],"20":[1,0],"21":[0,1],"22":[1,0],"23":[1,1,1],"24":[0,0],"25":[0,0],"26":[0,0],"27":[0,0],"28":[0,0],"29":[0,0],"30":[0],"31":[27,2],"32":[8,56],"33":[56,0],"34":[8,1],"35":[0,1],"36":[1,1],"37":[4,0],"38":[4,0],"39":[4,2],"40":[1,1],"41":[0,0],"42":[0,0],"43":[0,0],"44":[0,0],"45":[7,1],"46":[1,0],"47":[0,1],"48":[1,1,1],"49":[0,1],"50":[1,0],"51":[1,0],"52":[0,0],"53":[0,0],"54":[0,0],"55":[0,0],"56":[0,0],"57":[0,10],"58":[10,10],"59":[6,0],"60":[6,6],"61":[0,3],"62":[3,0],"63":[2,2],"64":[2,2],"65":[2,0],"66":[2,2],"67":[2,2,0],"68":[1,1],"69":[2,2],"70":[2,2,0,0],"71":[0,2],"72":[10,10],"73":[10,10],"74":[10,10,0],"75":[10,10,0,0],"76":[9,1],"77":[10,10],"78":[1,9],"79":[10,10],"80":[1,8],"81":[7,3],"82":[10,10],"83":[1,3],"84":[3,0],"85":[0],"86":[0,0],"87":[0,0],"88":[0,0],"89":[0,0],"90":[0,0],"91":[0,0],"92":[0,6],"93":[6,6,6],"94":[0,0],"95":[0,0],"96":[0,0],"97":[0,0],"98":[0,0],"99":[6,0],"100":[6,6],"101":[3,3],"102":[0,6],"103":[0,8],"104":[8,8],"105":[0,8],"106":[8,0],"107":[8,0],"108":[2,4],"109":[3,1],"110":[0,0],"111":[0,0],"112":[0,0],"113":[0,0],"114":[8,12],"115":[8,12],"116":[8,12],"117":[0,20],"118":[10,0],"119":[0,10],"120":[10,10,10],"121":[1,9],"122":[0,0],"123":[0,0],"124":[0,0],"125":[4,0],"126":[4,4],"127":[4,0],"128":[3,1],"129":[0,0],"130":[0,0],"131":[0,0],"132":[0,0],"133":[0,0],"134":[0,0],"135":[0,0],"136":[0,0],"137":[9,1],"138":[10,1],"139":[1,9],"140":[10,10],"141":[1,1],"142":[1,0],"143":[0,10],"144":[1,9],"145":[0,0],"146":[0,0],"147":[0,0],"148":[0,0],"149":[10,0]},"_coverageSchema":"1a1c01bbd47fc00a2c39e90264f33305004495a9","hash":"c08e883aefb22acc6969b9dac8065145060e6046"}
}
