TN:
SF:lib/format.js
FN:1,sanitizePrintableText
FN:11,stripResidualTags
FNF:2
FNH:2
FNDA:1,sanitizePrintableText
FNDA:2,stripResidualTags
DA:2,1
DA:3,1
DA:12,2
DA:15,1
LF:4
LH:4
BRDA:2,0,0,1
BRDA:2,0,1,0
BRDA:12,1,0,2
BRDA:12,1,1,0
BRF:4
BRH:2
end_of_record
TN:
SF:lib/queue.js
FN:1,createQueueState
FN:9,ensurePrinter
FN:18,enqueueJob
FN:34,(anonymous_3)
FN:44,nextRetryDelay
FNF:5
FNH:4
FNDA:13,createQueueState
FNDA:12,ensurePrinter
FNDA:12,enqueueJob
FNDA:0,(anonymous_3)
FNDA:5,nextRetryDelay
DA:2,13
DA:10,12
DA:11,8
DA:13,12
DA:14,8
DA:19,12
DA:21,12
DA:22,10
DA:23,10
DA:24,3
DA:27,7
DA:28,0
DA:29,0
DA:32,7
DA:34,7
DA:35,0
DA:39,9
DA:40,9
DA:41,9
DA:45,5
DA:46,1
DA:48,4
DA:49,1
DA:51,3
DA:54,2
LF:25
LH:22
BRDA:10,0,0,8
BRDA:10,0,1,4
BRDA:13,1,0,8
BRDA:13,1,1,4
BRDA:21,2,0,10
BRDA:21,2,1,2
BRDA:23,3,0,3
BRDA:23,3,1,7
BRDA:27,4,0,0
BRDA:27,4,1,7
BRDA:34,5,0,0
BRDA:34,5,1,7
BRDA:39,6,0,9
BRDA:39,6,1,2
BRDA:45,7,0,1
BRDA:45,7,1,4
BRDA:48,8,0,1
BRDA:48,8,1,3
BRDA:48,9,0,4
BRDA:48,9,1,3
BRF:20
BRH:18
end_of_record
TN:
SF:lib/runtime.js
FN:4,createRuntime
FN:45,(anonymous_1)
FN:95,normalizeJobId
FN:150,audit
FN:155,emitMetrics
FN:164,emitState
FN:173,queueKey
FN:177,isPrinterAllowed
FN:183,serializePendingAcks
FN:184,(anonymous_9)
FN:191,schedulePendingAckPersist
FN:196,(anonymous_11)
FN:208,hydratePendingAcks
FN:212,(anonymous_13)
FN:230,scheduleQueueRun
FN:234,(anonymous_15)
FN:236,(anonymous_16)
FN:241,tryMarkCompleted
FN:255,enqueuePendingAck
FN:266,quarantineJob
FN:285,normalizeIncomingJob
FN:308,flushPendingAcks
FN:334,addToQueue
FN:350,(anonymous_23)
FN:360,processQueue
FN:407,syncPendingJobs
FN:418,(anonymous_26)
FN:426,(anonymous_27)
FN:456,clearPeriodicTimers
FN:467,scheduleReconnect
FN:475,(anonymous_30)
FN:481,connectWs
FN:491,(anonymous_32)
FN:503,(anonymous_33)
FN:504,(anonymous_34)
FN:507,(anonymous_35)
FN:508,(anonymous_36)
FN:511,(anonymous_37)
FN:522,(anonymous_38)
FN:526,(anonymous_39)
FN:539,(anonymous_40)
FN:567,(anonymous_41)
FN:576,(anonymous_42)
FN:587,getTenantPrintToken
FN:595,start
FN:601,(anonymous_45)
FN:602,(anonymous_46)
FN:609,stop
FN:637,getStatus
FN:641,getMetrics
FNF:50
FNH:35
FNDA:11,createRuntime
FNDA:11,(anonymous_1)
FNDA:12,normalizeJobId
FNDA:29,audit
FNDA:77,emitMetrics
FNDA:69,emitState
FNDA:19,queueKey
FNDA:9,isPrinterAllowed
FNDA:2,serializePendingAcks
FNDA:4,(anonymous_9)
FNDA:6,schedulePendingAckPersist
FNDA:1,(anonymous_11)
FNDA:8,hydratePendingAcks
FNDA:1,(anonymous_13)
FNDA:0,scheduleQueueRun
FNDA:0,(anonymous_15)
FNDA:0,(anonymous_16)
FNDA:10,tryMarkCompleted
FNDA:3,enqueuePendingAck
FNDA:2,quarantineJob
FNDA:10,normalizeIncomingJob
FNDA:10,flushPendingAcks
FNDA:0,addToQueue
FNDA:0,(anonymous_23)
FNDA:6,processQueue
FNDA:8,syncPendingJobs
FNDA:6,(anonymous_26)
FNDA:0,(anonymous_27)
FNDA:22,clearPeriodicTimers
FNDA:11,scheduleReconnect
FNDA:0,(anonymous_30)
FNDA:11,connectWs
FNDA:8,(anonymous_32)
FNDA:0,(anonymous_33)
FNDA:0,(anonymous_34)
FNDA:0,(anonymous_35)
FNDA:0,(anonymous_36)
FNDA:0,(anonymous_37)
FNDA:0,(anonymous_38)
FNDA:4,(anonymous_39)
FNDA:0,(anonymous_40)
FNDA:0,(anonymous_41)
FNDA:11,(anonymous_42)
FNDA:11,getTenantPrintToken
FNDA:11,start
FNDA:1,(anonymous_45)
FNDA:1,(anonymous_46)
FNDA:11,stop
FNDA:4,getStatus
FNDA:2,getMetrics
DA:1,1
DA:2,1
DA:18,11
DA:20,11
DA:21,0
DA:27,11
DA:28,11
DA:32,11
DA:45,11
DA:46,11
DA:47,10
DA:50,11
DA:51,11
DA:64,11
DA:78,11
DA:79,11
DA:80,11
DA:81,11
DA:82,11
DA:83,11
DA:84,11
DA:85,11
DA:86,11
DA:87,11
DA:88,11
DA:90,11
DA:91,11
DA:92,11
DA:93,11
DA:96,12
DA:98,11
DA:99,10
DA:100,10
DA:103,1
DA:104,0
DA:107,1
DA:108,0
DA:109,0
DA:110,0
DA:111,0
DA:112,0
DA:114,0
DA:117,0
DA:120,1
DA:121,1
DA:122,1
DA:123,1
DA:125,0
DA:128,0
DA:129,0
DA:130,0
DA:132,0
DA:133,0
DA:135,0
DA:136,0
DA:138,0
DA:139,0
DA:141,0
DA:142,0
DA:144,0
DA:147,0
DA:151,29
DA:152,2
DA:156,77
DA:157,77
DA:158,77
DA:159,77
DA:160,9
DA:165,69
DA:166,69
DA:167,69
DA:168,69
DA:170,69
DA:174,19
DA:178,9
DA:179,1
DA:180,1
DA:184,4
DA:192,6
DA:193,2
DA:194,1
DA:196,2
DA:197,1
DA:198,1
DA:199,1
DA:201,0
DA:202,0
DA:209,8
DA:210,1
DA:211,1
DA:212,1
DA:213,1
DA:214,1
DA:215,1
DA:216,1
DA:217,1
DA:224,0
DA:225,0
DA:231,0
DA:232,0
DA:234,0
DA:235,0
DA:236,0
DA:238,0
DA:242,10
DA:243,10
DA:244,10
DA:245,4
DA:246,4
DA:247,4
DA:248,4
DA:250,6
DA:251,6
DA:256,3
DA:257,3
DA:258,3
DA:259,3
DA:260,3
DA:261,3
DA:263,3
DA:267,2
DA:276,2
DA:277,2
DA:278,0
DA:280,2
DA:281,2
DA:282,2
DA:286,10
DA:287,10
DA:295,10
DA:296,1
DA:297,1
DA:300,9
DA:301,1
DA:302,1
DA:305,8
DA:309,10
DA:310,3
DA:311,3
DA:312,3
DA:313,3
DA:314,4
DA:315,4
DA:316,1
DA:317,1
DA:319,3
DA:320,3
DA:321,3
DA:322,3
DA:325,3
DA:326,3
DA:328,3
DA:330,3
DA:335,0
DA:336,0
DA:338,0
DA:339,0
DA:340,0
DA:343,0
DA:344,0
DA:345,0
DA:348,0
DA:349,0
DA:350,0
DA:351,0
DA:352,0
DA:354,0
DA:355,0
DA:357,0
DA:361,6
DA:362,6
DA:364,6
DA:365,6
DA:366,6
DA:367,6
DA:369,6
DA:370,6
DA:371,6
DA:372,6
DA:373,6
DA:374,6
DA:375,6
DA:376,6
DA:377,6
DA:379,0
DA:380,0
DA:381,0
DA:382,0
DA:383,0
DA:384,0
DA:385,0
DA:386,0
DA:390,6
DA:391,6
DA:392,6
DA:393,3
DA:397,6
DA:398,6
DA:399,6
DA:401,6
DA:402,0
DA:403,0
DA:408,8
DA:409,8
DA:411,8
DA:412,8
DA:413,8
DA:414,8
DA:415,8
DA:416,8
DA:417,8
DA:418,8
DA:419,6
DA:420,6
DA:421,4
DA:425,4
DA:426,3
DA:427,3
DA:434,1
DA:435,1
DA:445,0
DA:446,0
DA:447,0
DA:448,0
DA:451,8
DA:452,8
DA:457,22
DA:458,22
DA:459,22
DA:460,22
DA:461,22
DA:462,22
DA:463,22
DA:464,22
DA:468,11
DA:469,0
DA:470,0
DA:471,0
DA:472,0
DA:473,0
DA:474,0
DA:475,0
DA:476,0
DA:477,0
DA:482,11
DA:483,11
DA:484,11
DA:485,11
DA:488,11
DA:489,11
DA:491,11
DA:492,8
DA:493,8
DA:494,8
DA:495,8
DA:496,8
DA:497,8
DA:499,8
DA:500,8
DA:501,8
DA:503,8
DA:504,0
DA:507,8
DA:508,0
DA:511,8
DA:512,0
DA:513,0
DA:514,0
DA:515,0
DA:517,0
DA:518,0
DA:522,11
DA:523,0
DA:526,11
DA:527,4
DA:528,4
DA:529,4
DA:530,4
DA:531,4
DA:532,4
DA:533,4
DA:534,4
DA:538,4
DA:539,3
DA:540,3
DA:547,1
DA:548,1
DA:559,0
DA:560,0
DA:563,4
DA:567,11
DA:568,0
DA:569,0
DA:570,0
DA:571,0
DA:572,0
DA:576,11
DA:577,11
DA:578,11
DA:579,11
DA:580,11
DA:581,11
DA:582,11
DA:583,11
DA:588,11
DA:589,2
DA:596,11
DA:597,11
DA:598,11
DA:601,1
DA:602,1
DA:605,11
DA:606,11
DA:610,11
DA:611,11
DA:612,11
DA:613,0
DA:614,0
DA:616,11
DA:617,0
DA:619,11
DA:621,11
DA:622,1
DA:623,1
DA:625,0
DA:626,0
DA:631,11
DA:632,11
DA:633,11
DA:638,4
DA:642,2
DA:645,11
DA:656,1
LF:333
LH:239
BRDA:4,0,0,0
BRDA:17,1,0,0
BRDA:20,2,0,0
BRDA:20,2,1,11
BRDA:28,3,0,3
BRDA:28,3,1,8
BRDA:30,4,0,8
BRDA:30,4,1,8
BRDA:30,4,2,8
BRDA:34,5,0,11
BRDA:34,5,1,0
BRDA:35,6,0,11
BRDA:35,6,1,0
BRDA:36,7,0,11
BRDA:36,7,1,0
BRDA:37,8,0,11
BRDA:37,8,1,0
BRDA:38,9,0,11
BRDA:38,9,1,0
BRDA:39,10,0,11
BRDA:39,10,1,10
BRDA:40,11,0,11
BRDA:40,11,1,5
BRDA:46,12,0,1
BRDA:46,12,1,10
BRDA:46,13,0,1
BRDA:46,13,1,0
BRDA:96,14,0,1
BRDA:96,14,1,11
BRDA:96,15,0,12
BRDA:96,15,1,12
BRDA:98,16,0,10
BRDA:98,16,1,1
BRDA:99,17,0,0
BRDA:99,17,1,10
BRDA:103,18,0,0
BRDA:103,18,1,1
BRDA:107,19,0,0
BRDA:107,19,1,1
BRDA:109,20,0,0
BRDA:109,20,1,0
BRDA:110,21,0,0
BRDA:110,21,1,0
BRDA:120,22,0,1
BRDA:120,22,1,0
BRDA:121,23,0,0
BRDA:121,23,1,1
BRDA:122,24,0,1
BRDA:122,24,1,0
BRDA:122,25,0,1
BRDA:122,25,1,1
BRDA:122,25,2,1
BRDA:128,26,0,0
BRDA:128,26,1,0
BRDA:129,27,0,0
BRDA:129,27,1,0
BRDA:132,28,0,0
BRDA:132,28,1,0
BRDA:135,29,0,0
BRDA:135,29,1,0
BRDA:138,30,0,0
BRDA:138,30,1,0
BRDA:141,31,0,0
BRDA:141,31,1,0
BRDA:150,32,0,0
BRDA:151,33,0,27
BRDA:151,33,1,2
BRDA:159,34,0,9
BRDA:159,34,1,68
BRDA:167,35,0,69
BRDA:167,35,1,0
BRDA:178,36,0,8
BRDA:178,36,1,1
BRDA:179,37,0,0
BRDA:179,37,1,1
BRDA:179,38,0,1
BRDA:179,38,1,1
BRDA:186,39,0,4
BRDA:186,39,1,0
BRDA:187,40,0,4
BRDA:187,40,1,0
BRDA:192,41,0,4
BRDA:192,41,1,2
BRDA:193,42,0,1
BRDA:193,42,1,1
BRDA:201,43,0,0
BRDA:201,43,1,0
BRDA:201,44,0,0
BRDA:201,44,1,0
BRDA:202,45,0,0
BRDA:202,45,1,0
BRDA:202,46,0,0
BRDA:202,46,1,0
BRDA:209,47,0,7
BRDA:209,47,1,1
BRDA:212,48,0,1
BRDA:212,48,1,0
BRDA:213,49,0,0
BRDA:213,49,1,1
BRDA:213,50,0,1
BRDA:213,50,1,1
BRDA:213,50,2,1
BRDA:215,51,0,0
BRDA:215,51,1,1
BRDA:219,52,0,1
BRDA:219,52,1,0
BRDA:220,53,0,1
BRDA:220,53,1,0
BRDA:224,54,0,0
BRDA:224,54,1,0
BRDA:224,55,0,0
BRDA:224,55,1,0
BRDA:225,56,0,0
BRDA:225,56,1,0
BRDA:225,57,0,0
BRDA:225,57,1,0
BRDA:231,58,0,0
BRDA:231,58,1,0
BRDA:242,59,0,0
BRDA:242,59,1,10
BRDA:242,60,0,10
BRDA:242,60,1,10
BRDA:250,61,0,6
BRDA:250,61,1,0
BRDA:250,62,0,6
BRDA:250,62,1,6
BRDA:256,63,0,0
BRDA:256,63,1,3
BRDA:258,64,0,3
BRDA:258,64,1,0
BRDA:270,65,0,2
BRDA:270,65,1,2
BRDA:271,66,0,2
BRDA:271,66,1,2
BRDA:272,67,0,2
BRDA:272,67,1,0
BRDA:272,68,0,2
BRDA:272,68,1,2
BRDA:272,69,0,2
BRDA:272,69,1,2
BRDA:272,69,2,0
BRDA:273,70,0,1
BRDA:273,70,1,1
BRDA:273,71,0,2
BRDA:273,71,1,2
BRDA:274,72,0,2
BRDA:274,72,1,2
BRDA:274,72,2,0
BRDA:274,72,3,0
BRDA:277,73,0,0
BRDA:277,73,1,2
BRDA:286,74,0,10
BRDA:286,74,1,10
BRDA:288,75,0,10
BRDA:288,75,1,10
BRDA:289,76,0,10
BRDA:289,76,1,10
BRDA:289,76,2,0
BRDA:290,77,0,10
BRDA:290,77,1,10
BRDA:290,77,2,0
BRDA:290,77,3,0
BRDA:292,78,0,9
BRDA:292,78,1,1
BRDA:292,79,0,10
BRDA:292,79,1,10
BRDA:295,80,0,1
BRDA:295,80,1,9
BRDA:295,81,0,10
BRDA:295,81,1,10
BRDA:300,82,0,1
BRDA:300,82,1,8
BRDA:309,83,0,7
BRDA:309,83,1,3
BRDA:309,84,0,10
BRDA:309,84,1,10
BRDA:315,85,0,1
BRDA:315,85,1,3
BRDA:325,86,0,3
BRDA:325,86,1,0
BRDA:334,87,0,0
BRDA:335,88,0,0
BRDA:335,88,1,0
BRDA:338,89,0,0
BRDA:338,89,1,0
BRDA:338,90,0,0
BRDA:338,90,1,0
BRDA:343,91,0,0
BRDA:343,91,1,0
BRDA:343,92,0,0
BRDA:343,92,1,0
BRDA:349,93,0,0
BRDA:349,93,1,0
BRDA:362,94,0,0
BRDA:362,94,1,6
BRDA:362,95,0,6
BRDA:362,95,1,6
BRDA:362,95,2,6
BRDA:379,96,0,0
BRDA:379,96,1,0
BRDA:379,97,0,0
BRDA:379,97,1,0
BRDA:380,98,0,0
BRDA:380,98,1,0
BRDA:385,99,0,0
BRDA:385,99,1,0
BRDA:385,100,0,0
BRDA:385,100,1,0
BRDA:390,101,0,6
BRDA:390,101,1,0
BRDA:390,102,0,6
BRDA:390,102,1,6
BRDA:392,103,0,3
BRDA:392,103,1,3
BRDA:401,104,0,0
BRDA:401,104,1,6
BRDA:408,105,0,0
BRDA:408,105,1,8
BRDA:408,106,0,8
BRDA:408,106,1,8
BRDA:409,107,0,0
BRDA:409,107,1,8
BRDA:417,108,0,8
BRDA:417,108,1,0
BRDA:418,109,0,8
BRDA:418,109,1,0
BRDA:420,110,0,2
BRDA:420,110,1,4
BRDA:425,111,0,3
BRDA:425,111,1,1
BRDA:445,112,0,0
BRDA:445,112,1,0
BRDA:445,113,0,0
BRDA:445,113,1,0
BRDA:447,114,0,0
BRDA:447,114,1,0
BRDA:447,115,0,0
BRDA:447,115,1,0
BRDA:448,116,0,0
BRDA:448,116,1,0
BRDA:448,117,0,0
BRDA:448,117,1,0
BRDA:457,118,0,8
BRDA:457,118,1,14
BRDA:458,119,0,8
BRDA:458,119,1,14
BRDA:459,120,0,8
BRDA:459,120,1,14
BRDA:460,121,0,0
BRDA:460,121,1,22
BRDA:468,122,0,11
BRDA:468,122,1,0
BRDA:482,123,0,0
BRDA:482,123,1,11
BRDA:483,124,0,0
BRDA:483,124,1,11
BRDA:483,125,0,11
BRDA:483,125,1,11
BRDA:483,125,2,11
BRDA:485,126,0,2
BRDA:485,126,1,9
BRDA:512,127,0,0
BRDA:512,127,1,0
BRDA:512,128,0,0
BRDA:512,128,1,0
BRDA:513,129,0,0
BRDA:513,129,1,0
BRDA:530,130,0,4
BRDA:530,130,1,0
BRDA:530,131,0,4
BRDA:530,131,1,4
BRDA:532,132,0,4
BRDA:532,132,1,0
BRDA:538,133,0,3
BRDA:538,133,1,1
BRDA:559,134,0,0
BRDA:559,134,1,0
BRDA:559,135,0,0
BRDA:559,135,1,0
BRDA:560,136,0,0
BRDA:560,136,1,0
BRDA:560,137,0,0
BRDA:560,137,1,0
BRDA:569,138,0,0
BRDA:569,138,1,0
BRDA:569,139,0,0
BRDA:569,139,1,0
BRDA:571,140,0,0
BRDA:571,140,1,0
BRDA:571,141,0,0
BRDA:571,141,1,0
BRDA:572,142,0,0
BRDA:572,142,1,0
BRDA:572,143,0,0
BRDA:572,143,1,0
BRDA:587,144,0,0
BRDA:588,145,0,9
BRDA:588,145,1,2
BRDA:588,146,0,11
BRDA:588,146,1,2
BRDA:599,147,0,1
BRDA:599,147,1,10
BRDA:599,148,0,11
BRDA:599,148,1,11
BRDA:601,149,0,1
BRDA:601,149,1,1
BRDA:602,150,0,1
BRDA:602,150,1,0
BRDA:612,151,0,0
BRDA:612,151,1,11
BRDA:621,152,0,1
BRDA:621,152,1,10
BRDA:625,153,0,0
BRDA:625,153,1,0
BRDA:625,154,0,0
BRDA:625,154,1,0
BRDA:626,155,0,0
BRDA:626,155,1,0
BRDA:626,156,0,0
BRDA:626,156,1,0
BRDA:631,157,0,11
BRDA:631,157,1,0
BRF:322
BRH:164
end_of_record
