TN:
SF:lib/format.js
FN:1,sanitizePrintableText
FN:11,stripResidualTags
FNF:2
FNH:2
FNDA:1,sanitizePrintableText
FNDA:2,stripResidualTags
DA:2,1
DA:3,1
DA:12,2
DA:15,1
LF:4
LH:4
BRDA:2,0,0,1
BRDA:2,0,1,0
BRDA:12,1,0,2
BRDA:12,1,1,0
BRF:4
BRH:2
end_of_record
TN:
SF:lib/queue.js
FN:1,createQueueState
FN:9,ensurePrinter
FN:18,enqueueJob
FN:34,(anonymous_3)
FN:44,nextRetryDelay
FNF:5
FNH:4
FNDA:12,createQueueState
FNDA:12,ensurePrinter
FNDA:12,enqueueJob
FNDA:0,(anonymous_3)
FNDA:5,nextRetryDelay
DA:2,12
DA:10,12
DA:11,8
DA:13,12
DA:14,8
DA:19,12
DA:21,12
DA:22,10
DA:23,10
DA:24,3
DA:27,7
DA:28,0
DA:29,0
DA:32,7
DA:34,7
DA:35,0
DA:39,9
DA:40,9
DA:41,9
DA:45,5
DA:46,1
DA:48,4
DA:49,1
DA:51,3
DA:54,2
LF:25
LH:22
BRDA:10,0,0,8
BRDA:10,0,1,4
BRDA:13,1,0,8
BRDA:13,1,1,4
BRDA:21,2,0,10
BRDA:21,2,1,2
BRDA:23,3,0,3
BRDA:23,3,1,7
BRDA:27,4,0,0
BRDA:27,4,1,7
BRDA:34,5,0,0
BRDA:34,5,1,7
BRDA:39,6,0,9
BRDA:39,6,1,2
BRDA:45,7,0,1
BRDA:45,7,1,4
BRDA:48,8,0,1
BRDA:48,8,1,3
BRDA:48,9,0,4
BRDA:48,9,1,3
BRF:20
BRH:18
end_of_record
TN:
SF:lib/runtime.js
FN:4,createRuntime
FN:82,normalizeJobId
FN:137,audit
FN:142,emitMetrics
FN:151,emitState
FN:160,queueKey
FN:164,isPrinterAllowed
FN:170,serializePendingAcks
FN:171,(anonymous_8)
FN:178,schedulePendingAckPersist
FN:183,(anonymous_10)
FN:195,hydratePendingAcks
FN:199,(anonymous_12)
FN:217,scheduleQueueRun
FN:221,(anonymous_14)
FN:223,(anonymous_15)
FN:228,tryMarkCompleted
FN:242,enqueuePendingAck
FN:253,quarantineJob
FN:272,normalizeIncomingJob
FN:295,flushPendingAcks
FN:321,addToQueue
FN:337,(anonymous_22)
FN:347,processQueue
FN:394,syncPendingJobs
FN:402,(anonymous_25)
FN:410,(anonymous_26)
FN:438,clearPeriodicTimers
FN:449,scheduleReconnect
FN:457,(anonymous_29)
FN:463,connectWs
FN:472,(anonymous_31)
FN:481,(anonymous_32)
FN:482,(anonymous_33)
FN:485,(anonymous_34)
FN:486,(anonymous_35)
FN:489,(anonymous_36)
FN:500,(anonymous_37)
FN:504,(anonymous_38)
FN:517,(anonymous_39)
FN:545,(anonymous_40)
FN:553,(anonymous_41)
FN:561,getTenantPrintToken
FN:569,start
FN:575,(anonymous_44)
FN:576,(anonymous_45)
FN:583,stop
FN:611,getStatus
FN:615,getMetrics
FNF:49
FNH:34
FNDA:10,createRuntime
FNDA:12,normalizeJobId
FNDA:29,audit
FNDA:64,emitMetrics
FNDA:56,emitState
FNDA:19,queueKey
FNDA:9,isPrinterAllowed
FNDA:2,serializePendingAcks
FNDA:4,(anonymous_8)
FNDA:6,schedulePendingAckPersist
FNDA:1,(anonymous_10)
FNDA:8,hydratePendingAcks
FNDA:1,(anonymous_12)
FNDA:0,scheduleQueueRun
FNDA:0,(anonymous_14)
FNDA:0,(anonymous_15)
FNDA:10,tryMarkCompleted
FNDA:3,enqueuePendingAck
FNDA:2,quarantineJob
FNDA:10,normalizeIncomingJob
FNDA:10,flushPendingAcks
FNDA:0,addToQueue
FNDA:0,(anonymous_22)
FNDA:6,processQueue
FNDA:8,syncPendingJobs
FNDA:6,(anonymous_25)
FNDA:0,(anonymous_26)
FNDA:20,clearPeriodicTimers
FNDA:10,scheduleReconnect
FNDA:0,(anonymous_29)
FNDA:10,connectWs
FNDA:8,(anonymous_31)
FNDA:0,(anonymous_32)
FNDA:0,(anonymous_33)
FNDA:0,(anonymous_34)
FNDA:0,(anonymous_35)
FNDA:0,(anonymous_36)
FNDA:0,(anonymous_37)
FNDA:4,(anonymous_38)
FNDA:0,(anonymous_39)
FNDA:0,(anonymous_40)
FNDA:10,(anonymous_41)
FNDA:10,getTenantPrintToken
FNDA:10,start
FNDA:1,(anonymous_44)
FNDA:1,(anonymous_45)
FNDA:10,stop
FNDA:4,getStatus
FNDA:2,getMetrics
DA:1,1
DA:2,1
DA:16,10
DA:18,10
DA:19,0
DA:25,10
DA:26,10
DA:30,10
DA:43,10
DA:44,10
DA:51,10
DA:65,10
DA:66,10
DA:67,10
DA:68,10
DA:69,10
DA:70,10
DA:71,10
DA:72,10
DA:73,10
DA:74,10
DA:75,10
DA:77,10
DA:78,10
DA:79,10
DA:80,10
DA:83,12
DA:85,11
DA:86,10
DA:87,10
DA:90,1
DA:91,0
DA:94,1
DA:95,0
DA:96,0
DA:97,0
DA:98,0
DA:99,0
DA:101,0
DA:104,0
DA:107,1
DA:108,1
DA:109,1
DA:110,1
DA:112,0
DA:115,0
DA:116,0
DA:117,0
DA:119,0
DA:120,0
DA:122,0
DA:123,0
DA:125,0
DA:126,0
DA:128,0
DA:129,0
DA:131,0
DA:134,0
DA:138,29
DA:139,2
DA:143,64
DA:144,64
DA:145,64
DA:146,64
DA:147,8
DA:152,56
DA:153,56
DA:154,56
DA:155,56
DA:157,56
DA:161,19
DA:165,9
DA:166,1
DA:167,1
DA:171,4
DA:179,6
DA:180,2
DA:181,1
DA:183,2
DA:184,1
DA:185,1
DA:186,1
DA:188,0
DA:189,0
DA:196,8
DA:197,1
DA:198,1
DA:199,1
DA:200,1
DA:201,1
DA:202,1
DA:203,1
DA:204,1
DA:211,0
DA:212,0
DA:218,0
DA:219,0
DA:221,0
DA:222,0
DA:223,0
DA:225,0
DA:229,10
DA:230,10
DA:231,10
DA:232,4
DA:233,4
DA:234,4
DA:235,4
DA:237,6
DA:238,6
DA:243,3
DA:244,3
DA:245,3
DA:246,3
DA:247,3
DA:248,3
DA:250,3
DA:254,2
DA:263,2
DA:264,2
DA:265,0
DA:267,2
DA:268,2
DA:269,2
DA:273,10
DA:274,10
DA:282,10
DA:283,1
DA:284,1
DA:287,9
DA:288,1
DA:289,1
DA:292,8
DA:296,10
DA:297,3
DA:298,3
DA:299,3
DA:300,3
DA:301,4
DA:302,4
DA:303,1
DA:304,1
DA:306,3
DA:307,3
DA:308,3
DA:309,3
DA:312,3
DA:313,3
DA:315,3
DA:317,3
DA:322,0
DA:323,0
DA:325,0
DA:326,0
DA:327,0
DA:330,0
DA:331,0
DA:332,0
DA:335,0
DA:336,0
DA:337,0
DA:338,0
DA:339,0
DA:341,0
DA:342,0
DA:344,0
DA:348,6
DA:349,6
DA:351,6
DA:352,6
DA:353,6
DA:354,6
DA:356,6
DA:357,6
DA:358,6
DA:359,6
DA:360,6
DA:361,6
DA:362,6
DA:363,6
DA:364,6
DA:366,0
DA:367,0
DA:368,0
DA:369,0
DA:370,0
DA:371,0
DA:372,0
DA:373,0
DA:377,6
DA:378,6
DA:379,6
DA:380,3
DA:384,6
DA:385,6
DA:386,6
DA:388,6
DA:389,0
DA:390,0
DA:395,8
DA:396,8
DA:398,8
DA:399,8
DA:400,8
DA:401,8
DA:402,8
DA:403,6
DA:404,6
DA:405,4
DA:409,4
DA:410,3
DA:411,3
DA:418,1
DA:419,1
DA:429,0
DA:430,0
DA:433,8
DA:434,8
DA:439,20
DA:440,20
DA:441,20
DA:442,20
DA:443,20
DA:444,20
DA:445,20
DA:446,20
DA:450,10
DA:451,0
DA:452,0
DA:453,0
DA:454,0
DA:455,0
DA:456,0
DA:457,0
DA:458,0
DA:459,0
DA:464,10
DA:465,10
DA:466,10
DA:469,10
DA:470,10
DA:472,10
DA:473,8
DA:474,8
DA:475,8
DA:477,8
DA:478,8
DA:479,8
DA:481,8
DA:482,0
DA:485,8
DA:486,0
DA:489,8
DA:490,0
DA:491,0
DA:492,0
DA:493,0
DA:495,0
DA:496,0
DA:500,10
DA:501,0
DA:504,10
DA:505,4
DA:506,4
DA:507,4
DA:508,4
DA:509,4
DA:510,4
DA:511,4
DA:512,4
DA:516,4
DA:517,3
DA:518,3
DA:525,1
DA:526,1
DA:537,0
DA:538,0
DA:541,4
DA:545,10
DA:546,0
DA:547,0
DA:548,0
DA:549,0
DA:553,10
DA:554,10
DA:555,10
DA:556,10
DA:557,10
DA:562,10
DA:563,1
DA:570,10
DA:571,10
DA:572,10
DA:575,1
DA:576,1
DA:579,10
DA:580,10
DA:584,10
DA:585,10
DA:586,10
DA:587,0
DA:588,0
DA:590,10
DA:591,0
DA:593,10
DA:595,10
DA:596,1
DA:597,1
DA:599,0
DA:600,0
DA:605,10
DA:606,10
DA:607,10
DA:612,4
DA:616,2
DA:619,10
DA:630,1
LF:317
LH:226
BRDA:4,0,0,0
BRDA:15,1,0,0
BRDA:18,2,0,0
BRDA:18,2,1,10
BRDA:26,3,0,2
BRDA:26,3,1,8
BRDA:28,4,0,8
BRDA:28,4,1,8
BRDA:28,4,2,8
BRDA:32,5,0,10
BRDA:32,5,1,0
BRDA:33,6,0,10
BRDA:33,6,1,0
BRDA:34,7,0,10
BRDA:34,7,1,0
BRDA:35,8,0,10
BRDA:35,8,1,0
BRDA:36,9,0,10
BRDA:36,9,1,0
BRDA:37,10,0,10
BRDA:37,10,1,9
BRDA:38,11,0,10
BRDA:38,11,1,4
BRDA:83,12,0,1
BRDA:83,12,1,11
BRDA:83,13,0,12
BRDA:83,13,1,12
BRDA:85,14,0,10
BRDA:85,14,1,1
BRDA:86,15,0,0
BRDA:86,15,1,10
BRDA:90,16,0,0
BRDA:90,16,1,1
BRDA:94,17,0,0
BRDA:94,17,1,1
BRDA:96,18,0,0
BRDA:96,18,1,0
BRDA:97,19,0,0
BRDA:97,19,1,0
BRDA:107,20,0,1
BRDA:107,20,1,0
BRDA:108,21,0,0
BRDA:108,21,1,1
BRDA:109,22,0,1
BRDA:109,22,1,0
BRDA:109,23,0,1
BRDA:109,23,1,1
BRDA:109,23,2,1
BRDA:115,24,0,0
BRDA:115,24,1,0
BRDA:116,25,0,0
BRDA:116,25,1,0
BRDA:119,26,0,0
BRDA:119,26,1,0
BRDA:122,27,0,0
BRDA:122,27,1,0
BRDA:125,28,0,0
BRDA:125,28,1,0
BRDA:128,29,0,0
BRDA:128,29,1,0
BRDA:137,30,0,0
BRDA:138,31,0,27
BRDA:138,31,1,2
BRDA:146,32,0,8
BRDA:146,32,1,56
BRDA:154,33,0,56
BRDA:154,33,1,0
BRDA:165,34,0,8
BRDA:165,34,1,1
BRDA:166,35,0,0
BRDA:166,35,1,1
BRDA:166,36,0,1
BRDA:166,36,1,1
BRDA:173,37,0,4
BRDA:173,37,1,0
BRDA:174,38,0,4
BRDA:174,38,1,0
BRDA:179,39,0,4
BRDA:179,39,1,2
BRDA:180,40,0,1
BRDA:180,40,1,1
BRDA:188,41,0,0
BRDA:188,41,1,0
BRDA:188,42,0,0
BRDA:188,42,1,0
BRDA:189,43,0,0
BRDA:189,43,1,0
BRDA:189,44,0,0
BRDA:189,44,1,0
BRDA:196,45,0,7
BRDA:196,45,1,1
BRDA:199,46,0,1
BRDA:199,46,1,0
BRDA:200,47,0,0
BRDA:200,47,1,1
BRDA:200,48,0,1
BRDA:200,48,1,1
BRDA:200,48,2,1
BRDA:202,49,0,0
BRDA:202,49,1,1
BRDA:206,50,0,1
BRDA:206,50,1,0
BRDA:207,51,0,1
BRDA:207,51,1,0
BRDA:211,52,0,0
BRDA:211,52,1,0
BRDA:211,53,0,0
BRDA:211,53,1,0
BRDA:212,54,0,0
BRDA:212,54,1,0
BRDA:212,55,0,0
BRDA:212,55,1,0
BRDA:218,56,0,0
BRDA:218,56,1,0
BRDA:229,57,0,0
BRDA:229,57,1,10
BRDA:229,58,0,10
BRDA:229,58,1,10
BRDA:237,59,0,6
BRDA:237,59,1,0
BRDA:237,60,0,6
BRDA:237,60,1,6
BRDA:243,61,0,0
BRDA:243,61,1,3
BRDA:245,62,0,3
BRDA:245,62,1,0
BRDA:257,63,0,2
BRDA:257,63,1,2
BRDA:258,64,0,2
BRDA:258,64,1,2
BRDA:259,65,0,2
BRDA:259,65,1,0
BRDA:259,66,0,2
BRDA:259,66,1,2
BRDA:259,67,0,2
BRDA:259,67,1,2
BRDA:259,67,2,0
BRDA:260,68,0,1
BRDA:260,68,1,1
BRDA:260,69,0,2
BRDA:260,69,1,2
BRDA:261,70,0,2
BRDA:261,70,1,2
BRDA:261,70,2,0
BRDA:261,70,3,0
BRDA:264,71,0,0
BRDA:264,71,1,2
BRDA:273,72,0,10
BRDA:273,72,1,10
BRDA:275,73,0,10
BRDA:275,73,1,10
BRDA:276,74,0,10
BRDA:276,74,1,10
BRDA:276,74,2,0
BRDA:277,75,0,10
BRDA:277,75,1,10
BRDA:277,75,2,0
BRDA:277,75,3,0
BRDA:279,76,0,9
BRDA:279,76,1,1
BRDA:279,77,0,10
BRDA:279,77,1,10
BRDA:282,78,0,1
BRDA:282,78,1,9
BRDA:282,79,0,10
BRDA:282,79,1,10
BRDA:287,80,0,1
BRDA:287,80,1,8
BRDA:296,81,0,7
BRDA:296,81,1,3
BRDA:296,82,0,10
BRDA:296,82,1,10
BRDA:302,83,0,1
BRDA:302,83,1,3
BRDA:312,84,0,3
BRDA:312,84,1,0
BRDA:321,85,0,0
BRDA:322,86,0,0
BRDA:322,86,1,0
BRDA:325,87,0,0
BRDA:325,87,1,0
BRDA:325,88,0,0
BRDA:325,88,1,0
BRDA:330,89,0,0
BRDA:330,89,1,0
BRDA:330,90,0,0
BRDA:330,90,1,0
BRDA:336,91,0,0
BRDA:336,91,1,0
BRDA:349,92,0,0
BRDA:349,92,1,6
BRDA:349,93,0,6
BRDA:349,93,1,6
BRDA:349,93,2,6
BRDA:366,94,0,0
BRDA:366,94,1,0
BRDA:366,95,0,0
BRDA:366,95,1,0
BRDA:367,96,0,0
BRDA:367,96,1,0
BRDA:372,97,0,0
BRDA:372,97,1,0
BRDA:372,98,0,0
BRDA:372,98,1,0
BRDA:377,99,0,6
BRDA:377,99,1,0
BRDA:377,100,0,6
BRDA:377,100,1,6
BRDA:379,101,0,3
BRDA:379,101,1,3
BRDA:388,102,0,0
BRDA:388,102,1,6
BRDA:395,103,0,0
BRDA:395,103,1,8
BRDA:395,104,0,8
BRDA:395,104,1,8
BRDA:396,105,0,0
BRDA:396,105,1,8
BRDA:401,106,0,8
BRDA:401,106,1,0
BRDA:402,107,0,8
BRDA:402,107,1,0
BRDA:404,108,0,2
BRDA:404,108,1,4
BRDA:409,109,0,3
BRDA:409,109,1,1
BRDA:429,110,0,0
BRDA:429,110,1,0
BRDA:429,111,0,0
BRDA:429,111,1,0
BRDA:430,112,0,0
BRDA:430,112,1,0
BRDA:430,113,0,0
BRDA:430,113,1,0
BRDA:439,114,0,8
BRDA:439,114,1,12
BRDA:440,115,0,8
BRDA:440,115,1,12
BRDA:441,116,0,8
BRDA:441,116,1,12
BRDA:442,117,0,0
BRDA:442,117,1,20
BRDA:450,118,0,10
BRDA:450,118,1,0
BRDA:464,119,0,0
BRDA:464,119,1,10
BRDA:464,120,0,10
BRDA:464,120,1,10
BRDA:464,120,2,10
BRDA:466,121,0,1
BRDA:466,121,1,9
BRDA:490,122,0,0
BRDA:490,122,1,0
BRDA:490,123,0,0
BRDA:490,123,1,0
BRDA:491,124,0,0
BRDA:491,124,1,0
BRDA:508,125,0,4
BRDA:508,125,1,0
BRDA:508,126,0,4
BRDA:508,126,1,4
BRDA:510,127,0,4
BRDA:510,127,1,0
BRDA:516,128,0,3
BRDA:516,128,1,1
BRDA:537,129,0,0
BRDA:537,129,1,0
BRDA:537,130,0,0
BRDA:537,130,1,0
BRDA:538,131,0,0
BRDA:538,131,1,0
BRDA:538,132,0,0
BRDA:538,132,1,0
BRDA:548,133,0,0
BRDA:548,133,1,0
BRDA:548,134,0,0
BRDA:548,134,1,0
BRDA:549,135,0,0
BRDA:549,135,1,0
BRDA:549,136,0,0
BRDA:549,136,1,0
BRDA:562,137,0,9
BRDA:562,137,1,1
BRDA:562,138,0,10
BRDA:562,138,1,1
BRDA:573,139,0,1
BRDA:573,139,1,9
BRDA:573,140,0,10
BRDA:573,140,1,10
BRDA:575,141,0,1
BRDA:575,141,1,1
BRDA:576,142,0,1
BRDA:576,142,1,0
BRDA:586,143,0,0
BRDA:586,143,1,10
BRDA:595,144,0,1
BRDA:595,144,1,9
BRDA:599,145,0,0
BRDA:599,145,1,0
BRDA:599,146,0,0
BRDA:599,146,1,0
BRDA:600,147,0,0
BRDA:600,147,1,0
BRDA:600,148,0,0
BRDA:600,148,1,0
BRDA:605,149,0,10
BRDA:605,149,1,0
BRF:307
BRH:160
end_of_record
